nohup: ignoring input

Processing Pairing_w_JES.C("delphes_dhiggs_sig_10k.root","delphes_dhiggs_sig_10k_pairmass.root","/nfs_scratch/hjia38/ttbar_w_hadron.root","ttbar_w_hadron_Cali.root")...

Initiating pairing algorithm...

Calling Calibration algorithm...

Initiating Calibration...

Calibration's result:
Jet Energy Calibration gives following Jet Energy Response:
1, 0.98, 0.96, 0.96, 0.96, 0.96, 0.96, 0.96, 0.97, 0.99, 
1.02, 0.96, 0.94, 0.95, 1, 0.97, 0.96, 0.94, 0.94, 0.99, 
1.01, 0.97, 0.95, 0.97, 0.96, 1.01, 0.98, 0.95, 0.93, 0.97, 
0.99, 0.95, 0.96, 0.99, 0.97, 0.98, 0.95, 0.97, 0.94, 0.96, 
0.99, 0.95, 1.01, 0.97, 0.96, 0.97, 0.98, 0.97, 0.94, 0.96, 
0.97, 0.94, 0.96, 0.98, 1, 0.99, 0.98, 0.96, 0.96, 0.95, 
0.95, 0.96, 0.98, 0.99, 0.99, 1.03, 0.99, 0.98, 0.97, 0.95, 
0.95, 0.97, 0.99, 1, 0.99, 1, 0.99, 0.97, 0.99, 0.95, 
0.93, 0.98, 0.99, 0.99, 1, 1, 1, 1, 0.99, 0.94, 
0.89, 0.97, 0.98, 0.98, 0.99, 0.98, 0.98, 0.98, 0.98, 0.9, 

Number of Jets included in calculation
0, 1084, 1776, 1492, 1429, 1302, 1438, 1653, 1747, 191, 
1, 326, 100, 80, 80, 75, 80, 89, 206, 178, 
19, 356, 114, 90, 82, 66, 82, 103, 198, 230, 
47, 352, 129, 92, 88, 113, 99, 101, 179, 297, 
112, 346, 148, 111, 105, 101, 112, 132, 197, 306, 
160, 422, 167, 173, 146, 133, 153, 170, 236, 446, 
340, 578, 270, 215, 221, 241, 227, 223, 388, 655, 
499, 784, 506, 376, 336, 370, 370, 397, 600, 854, 
705, 1389, 1008, 823, 757, 713, 748, 887, 1139, 1490, 
720, 1497, 1339, 1244, 1145, 1076, 1191, 1307, 1516, 1476, 

Calibration all done! Quit...

Results of pairing algorithm:

Run gaussian fit for the leading anti-KT jet pair...
 FCN=141.433 FROM MIGRAD    STATUS=CONVERGED     463 CALLS         464 TOTAL
                     EDM=4.4275e-07    STRATEGY= 1      ERROR MATRIX ACCURATE 
  EXT PARAMETER                                   STEP         FIRST   
  NO.   NAME      VALUE            ERROR          SIZE      DERIVATIVE 
   1  p0           5.84704e+01   5.25208e+00   4.60399e-04   1.67608e-03
   2  p1           1.09616e+02   5.09873e-01   1.57298e-04  -1.84577e-03
   3  p2           1.37233e+01   1.28487e+00   4.39400e-04  -7.89115e-03
   4  p3           1.00000e+02   2.41781e+00   1.81708e-03** at limit **
   5  p4           3.16666e+01   3.69545e-01   1.36953e-04  -1.57068e-02

Run gaussian fit for the sub-leading anti-KT jet pair...
 FCN=328.539 FROM MIGRAD    STATUS=CONVERGED     301 CALLS         302 TOTAL
                     EDM=5.58428e-07    STRATEGY= 1  ERROR MATRIX UNCERTAINTY   1.3 per cent
  EXT PARAMETER                                   STEP         FIRST   
  NO.   NAME      VALUE            ERROR          SIZE      DERIVATIVE 
   1  p0           1.20000e+02   2.51681e-01   3.71316e-05** at limit **
   2  p1           1.14065e+02   3.88904e-01  -5.67577e-05  -1.54504e-02
   3  p2           2.34620e+01   4.30414e-01  -7.55238e-05   3.98248e-03
   4  p3           5.00000e+01   2.73322e-01  -1.09608e-05** at limit **
   5  p4           1.16410e+01   8.18967e-01   5.66567e-05   7.05131e-03
   6  p5           1.45748e+00   2.69809e-01   5.62185e-05  -2.17064e-02
   7  p6          -5.97277e-03   2.16240e-03   6.72161e-05   6.17933e-03

Output in TTree...

Saving...
Time taken: 464.97s
All done! Exit...
