nohup: ignoring input

Processing Pairing_w_bkg_JES.C("delphes_dhiggs_sig_10k.root","delphes_dhiggs_bkg2v4b.root","delphes_dhiggs_bkgvvbbh.root","delphes_dhiggs_bkgvvbbz.root","delphes_dhiggs_sig+bkg_pairmass.root","/nfs_scratch/hjia38/ttbar_w_hadron.root","ttbar_w_hadron_Cali.root")...

Calling Calibration algorithm...

Initiating Calibration...

Calibration's result:
Jet Energy Calibration gives following Jet Energy Response:
1, 0.98, 0.96, 0.96, 0.96, 0.96, 0.96, 0.96, 0.97, 0.99, 
1.02, 0.96, 0.94, 0.95, 1, 0.97, 0.96, 0.94, 0.94, 0.99, 
1.01, 0.97, 0.95, 0.97, 0.96, 1.01, 0.98, 0.95, 0.93, 0.97, 
0.99, 0.95, 0.96, 0.99, 0.97, 0.98, 0.95, 0.97, 0.94, 0.96, 
0.99, 0.95, 1.01, 0.97, 0.96, 0.97, 0.98, 0.97, 0.94, 0.96, 
0.97, 0.94, 0.96, 0.98, 1, 0.99, 0.98, 0.96, 0.96, 0.95, 
0.95, 0.96, 0.98, 0.99, 0.99, 1.03, 0.99, 0.98, 0.97, 0.95, 
0.95, 0.97, 0.99, 1, 0.99, 1, 0.99, 0.97, 0.99, 0.95, 
0.93, 0.98, 0.99, 0.99, 1, 1, 1, 1, 0.99, 0.94, 
0.89, 0.97, 0.98, 0.98, 0.99, 0.98, 0.98, 0.98, 0.98, 0.9, 

Number of Jets included in calculation
0, 1084, 1776, 1492, 1429, 1302, 1438, 1653, 1747, 191, 
1, 326, 100, 80, 80, 75, 80, 89, 206, 178, 
19, 356, 114, 90, 82, 66, 82, 103, 198, 230, 
47, 352, 129, 92, 88, 113, 99, 101, 179, 297, 
112, 346, 148, 111, 105, 101, 112, 132, 197, 306, 
160, 422, 167, 173, 146, 133, 153, 170, 236, 446, 
340, 578, 270, 215, 221, 241, 227, 223, 388, 655, 
499, 784, 506, 376, 336, 370, 370, 397, 600, 854, 
705, 1389, 1008, 823, 757, 713, 748, 887, 1139, 1490, 
720, 1497, 1339, 1244, 1145, 1076, 1191, 1307, 1516, 1476, 

Calibration all done! Quit...

///////////////////////////////////////////////////
Initiating pairing algorithm...

///////////////////////////////////////////////////
Initiating pairing algorithm...

///////////////////////////////////////////////////
Initiating pairing algorithm...

///////////////////////////////////////////////////
Initiating pairing algorithm...
Time taken: 446.52s
All done! Exit...
