nohup: ignoring input

Processing Pairing_tau_mix.C("/nfs_scratch/hjia38/Delphes_tau_10TeV/sig_tau_10TeV.root","/nfs_scratch/hjia38/Delphes_tau_10TeV/bkgvvzh_tau_10TeV.root","/nfs_scratch/hjia38/Delphes_tau_10TeV/bkgvvqqh_tau_10TeV.root","/nfs_scratch/hjia38/Delphes_tau_10TeV/bkgvvzh_ttbb_tau_10TeV.root","delphes_dhiggs_sig+bkg_pairmass_tau_had_10TeV.root","/nfs_scratch/hjia38/Delphes_tau_10TeV/ttbar_tau_10TeV.root","ttbar_tau_Cali_10TeV.root")...

Calling Calibration algorithm...
Warning in <TStreamerInfo::BuildCheck>: 
   The StreamerInfo of class Track read from file /nfs_scratch/hjia38/Delphes_tau_10TeV/ttbar_tau_10TeV.root
   has the same version (=3) as the active class but a different checksum.
   You should update the version to ClassDef(Track,4).
   Do not try to write objects with the current class definition,
   the files will not be readable.

Warning in <TStreamerInfo::CompareContent>: The following data member of
the in-memory layout version 3 of class 'Track' is missing from 
the on-file layout version 3:
   float C; //
Warning in <TStreamerInfo::CompareContent>: The following data member of
the in-memory layout version 3 of class 'Track' is missing from 
the on-file layout version 3:
   float Mass; //
Warning in <TStreamerInfo::CompareContent>: The following data member of
the in-memory layout version 3 of class 'Track' is missing from 
the on-file layout version 3:
   float EtaOuter; //
Warning in <TStreamerInfo::CompareContent>: The following data member of
the in-memory layout version 3 of class 'Track' is missing from 
the on-file layout version 3:
   float PhiOuter; //
Warning in <TStreamerInfo::CompareContent>: The following data member of
the in-memory layout version 3 of class 'Track' is missing from 
the on-file layout version 3:
   float T; //
Warning in <TStreamerInfo::CompareContent>: The following data member of
the in-memory layout version 3 of class 'Track' is missing from 
the on-file layout version 3:
   float X; //
Warning in <TStreamerInfo::CompareContent>: The following data member of
the in-memory layout version 3 of class 'Track' is missing from 
the on-file layout version 3:
   float Y; //
Warning in <TStreamerInfo::CompareContent>: The following data member of
the in-memory layout version 3 of class 'Track' is missing from 
the on-file layout version 3:
   float Z; //
Warning in <TStreamerInfo::CompareContent>: The following data member of
the in-memory layout version 3 of class 'Track' is missing from 
the on-file layout version 3:
   float TOuter; //
Warning in <TStreamerInfo::CompareContent>: The following data member of
the in-memory layout version 3 of class 'Track' is missing from 
the on-file layout version 3:
   float XOuter; //
Warning in <TStreamerInfo::CompareContent>: The following data member of
the in-memory layout version 3 of class 'Track' is missing from 
the on-file layout version 3:
   float YOuter; //
Warning in <TStreamerInfo::CompareContent>: The following data member of
the in-memory layout version 3 of class 'Track' is missing from 
the on-file layout version 3:
   float ZOuter; //
Warning in <TStreamerInfo::CompareContent>: The following data member of
the in-memory layout version 3 of class 'Track' is missing from 
the on-file layout version 3:
   float Xd; //
Warning in <TStreamerInfo::CompareContent>: The following data member of
the in-memory layout version 3 of class 'Track' is missing from 
the on-file layout version 3:
   float Yd; //
Warning in <TStreamerInfo::CompareContent>: The following data member of
the in-memory layout version 3 of class 'Track' is missing from 
the on-file layout version 3:
   float Zd; //
Warning in <TStreamerInfo::CompareContent>: The following data member of
the in-memory layout version 3 of class 'Track' is missing from 
the on-file layout version 3:
   float L; //
Warning in <TStreamerInfo::CompareContent>: The following data member of
the in-memory layout version 3 of class 'Track' is missing from 
the on-file layout version 3:
   float D0; //
Warning in <TStreamerInfo::CompareContent>: The following data member of
the in-memory layout version 3 of class 'Track' is missing from 
the on-file layout version 3:
   float DZ; //
Warning in <TStreamerInfo::CompareContent>: The following data member of
the in-memory layout version 3 of class 'Track' is missing from 
the on-file layout version 3:
   float Nclusters; //
Warning in <TStreamerInfo::CompareContent>: The following data member of
the in-memory layout version 3 of class 'Track' is missing from 
the on-file layout version 3:
   float dNdx; //
Warning in <TStreamerInfo::CompareContent>: The following data member of
the in-memory layout version 3 of class 'Track' is missing from 
the on-file layout version 3:
   float ErrorP; //
Warning in <TStreamerInfo::CompareContent>: The following data member of
the in-memory layout version 3 of class 'Track' is missing from 
the on-file layout version 3:
   float ErrorPT; //
Warning in <TStreamerInfo::CompareContent>: The following data member of
the in-memory layout version 3 of class 'Track' is missing from 
the on-file layout version 3:
   float ErrorPhi; //
Warning in <TStreamerInfo::CompareContent>: The following data member of
the in-memory layout version 3 of class 'Track' is missing from 
the on-file layout version 3:
   float ErrorCtgTheta; //
Warning in <TStreamerInfo::CompareContent>: The following data member of
the in-memory layout version 3 of class 'Track' is missing from 
the on-file layout version 3:
   float ErrorT; //
Warning in <TStreamerInfo::CompareContent>: The following data member of
the in-memory layout version 3 of class 'Track' is missing from 
the on-file layout version 3:
   float ErrorD0; //
Warning in <TStreamerInfo::CompareContent>: The following data member of
the in-memory layout version 3 of class 'Track' is missing from 
the on-file layout version 3:
   float ErrorDZ; //
Warning in <TStreamerInfo::CompareContent>: The following data member of
the in-memory layout version 3 of class 'Track' is missing from 
the on-file layout version 3:
   float ErrorC; //
Warning in <TStreamerInfo::CompareContent>: The following data member of
the in-memory layout version 3 of class 'Track' is missing from 
the on-file layout version 3:
   float ErrorD0Phi; //
Warning in <TStreamerInfo::CompareContent>: The following data member of
the in-memory layout version 3 of class 'Track' is missing from 
the on-file layout version 3:
   float ErrorD0C; //
Warning in <TStreamerInfo::CompareContent>: The following data member of
the in-memory layout version 3 of class 'Track' is missing from 
the on-file layout version 3:
   float ErrorD0DZ; //
Warning in <TStreamerInfo::CompareContent>: The following data member of
the in-memory layout version 3 of class 'Track' is missing from 
the on-file layout version 3:
   float ErrorD0CtgTheta; //
Warning in <TStreamerInfo::CompareContent>: The following data member of
the in-memory layout version 3 of class 'Track' is missing from 
the on-file layout version 3:
   float ErrorPhiC; //
Warning in <TStreamerInfo::CompareContent>: The following data member of
the in-memory layout version 3 of class 'Track' is missing from 
the on-file layout version 3:
   float ErrorPhiDZ; //
Warning in <TStreamerInfo::CompareContent>: The following data member of
the in-memory layout version 3 of class 'Track' is missing from 
the on-file layout version 3:
   float ErrorPhiCtgTheta; //
Warning in <TStreamerInfo::CompareContent>: The following data member of
the in-memory layout version 3 of class 'Track' is missing from 
the on-file layout version 3:
   float ErrorCDZ; //
Warning in <TStreamerInfo::CompareContent>: The following data member of
the in-memory layout version 3 of class 'Track' is missing from 
the on-file layout version 3:
   float ErrorCCtgTheta; //
Warning in <TStreamerInfo::CompareContent>: The following data member of
the in-memory layout version 3 of class 'Track' is missing from 
the on-file layout version 3:
   float ErrorDZCtgTheta; //
Warning in <TStreamerInfo::CompareContent>: The following data member of
the in-memory layout version 3 of class 'Track' is missing from 
the on-file layout version 3:
   TRef Particle; //
Warning in <TStreamerInfo::CompareContent>: The following data member of
the in-memory layout version 3 of class 'Track' is missing from 
the on-file layout version 3:
   int VertexIndex; //

Initiating Calibration...

Calibration's result:
Jet Energy Calibration gives following Jet Energy Response:
0.92, 0.94, 0.94, 0.94, 0.94, 0.94, 0.94, 0.94, 0.94, 0.92, 
0.83, 0.95, 0.96, 0.97, 0.97, 0.96, 0.96, 0.95, 0.99, 0.88, 
0.83, 0.96, 0.97, 0.95, 0.96, 0.97, 0.96, 0.97, 0.94, 0.87, 
0.78, 0.95, 1.21, 0.96, 0.96, 0.96, 0.96, 0.98, 1.09, 0.9, 
0.84, 0.97, 0.96, 0.95, 1.03, 1.01, 0.97, 0.97, 0.95, 0.88, 
0.85, 0.96, 0.98, 0.97, 0.97, 1, 0.99, 0.98, 0.96, 0.87, 
0.87, 0.97, 0.97, 0.97, 0.98, 1, 0.98, 0.98, 0.98, 0.88, 
0.89, 0.97, 0.99, 0.98, 0.99, 0.99, 0.99, 0.98, 0.99, 0.91, 
0.87, 0.99, 0.98, 0.99, 1, 1, 1, 0.98, 0.99, 0.92, 
0.87, 0.98, 0.98, 0.98, 0.99, 1, 0.98, 0.99, 0.99, 0.9, 

Number of Jets included in calculation
544, 2225, 2610, 2488, 2451, 2312, 2456, 2612, 2502, 1458, 
30, 66, 64, 70, 76, 75, 63, 73, 79, 56, 
30, 81, 84, 81, 88, 81, 83, 69, 72, 56, 
32, 79, 104, 123, 106, 121, 88, 103, 94, 66, 
39, 95, 124, 127, 126, 174, 127, 111, 103, 75, 
59, 119, 181, 164, 163, 169, 137, 149, 142, 116, 
73, 167, 210, 212, 250, 252, 248, 240, 236, 150, 
118, 340, 344, 397, 333, 358, 387, 325, 340, 245, 
249, 670, 709, 718, 669, 699, 744, 672, 676, 535, 
371, 1071, 1074, 983, 1008, 994, 1055, 1022, 1038, 837, 

Calibration all done! Quit...
Warning in <TStreamerInfo::BuildCheck>: 
   The StreamerInfo for version 2 of class GenParticle read from the file /nfs_scratch/hjia38/Delphes_tau_10TeV/sig_tau_10TeV.root
   has a different checksum than the previously loaded StreamerInfo.
   Reading objects of type GenParticle from the file /nfs_scratch/hjia38/Delphes_tau_10TeV/sig_tau_10TeV.root 
   (and potentially other files) might not work correctly.
   Most likely the version number of the class was not properly
   updated [See ClassDef(GenParticle,2)].
Warning in <TStreamerInfo::CompareContent>: The following data member of
the on-file layout version 2 of class 'GenParticle' differs from 
the in-memory layout version 2:
   float T; //number
vs
   float CtgTheta; //number
Warning in <TStreamerInfo::CompareContent>: The following data member of
the on-file layout version 2 of class 'GenParticle' differs from 
the in-memory layout version 2:
   float X; //number
vs
   float D0; //number
Warning in <TStreamerInfo::CompareContent>: The following data member of
the on-file layout version 2 of class 'GenParticle' differs from 
the in-memory layout version 2:
   float Y; //number
vs
   float DZ; //number
Warning in <TStreamerInfo::CompareContent>: The following data member of
the on-file layout version 2 of class 'GenParticle' differs from 
the in-memory layout version 2:
   float Z; //number
vs
   float T; //number
Warning in <TStreamerInfo::CompareContent>: The following data member of
the in-memory layout version 2 of class 'GenParticle' is missing from 
the on-file layout version 2:
   float X; //number
Warning in <TStreamerInfo::CompareContent>: The following data member of
the in-memory layout version 2 of class 'GenParticle' is missing from 
the on-file layout version 2:
   float Y; //number
Warning in <TStreamerInfo::CompareContent>: The following data member of
the in-memory layout version 2 of class 'GenParticle' is missing from 
the on-file layout version 2:
   float Z; //number

///////////////////////////////////////////////////
Initiating pairing algorithm...
beta1 = 1.86091
bphi1 = 0.414705
bpt1 = 46.4891
beta2 = 2.39247
bphi2 = -0.392046
bpt2 = 31.4293
entry = 327
beta1 = 2.16198
bphi1 = -0.922647
bpt1 = 52.6245
beta2 = 1.9203
bphi2 = -1.88412
bpt2 = 32.3126
entry = 467
beta1 = -0.361634
bphi1 = 1.6364
bpt1 = 45.016
beta2 = -0.974766
bphi2 = 2.73136
bpt2 = 31.8586
entry = 962
beta1 = -1.97771
bphi1 = -0.303105
bpt1 = 37.9077
beta2 = -1.65319
bphi2 = -0.994547
bpt2 = 34.7384
entry = 1751
beta1 = -1.62014
bphi1 = 0.650462
bpt1 = 27.9858
beta2 = -2.25552
bphi2 = 1.55908
bpt2 = 20.956
entry = 1979
beta1 = 2.25224
bphi1 = -0.27407
bpt1 = 39.4556
beta2 = 1.92228
bphi2 = -1.00468
bpt2 = 35.9113
entry = 2044
beta1 = -1.8217
bphi1 = -2.90601
bpt1 = 37.9305
beta2 = -2.02111
bphi2 = -2.39669
bpt2 = 27.3779
entry = 2807
beta1 = 2.28178
bphi1 = -3.06666
bpt1 = 56.1229
beta2 = 2.1293
bphi2 = 2.51517
bpt2 = 29.9746
entry = 3618
beta1 = -0.439511
bphi1 = 0.676601
bpt1 = 38.3973
beta2 = -0.740966
bphi2 = 2.40467
bpt2 = 22.7515
entry = 3843
beta1 = 0.269843
bphi1 = -0.801731
bpt1 = 33.1647
beta2 = 0.585717
bphi2 = -2.7792
bpt2 = 24.3
entry = 3988
beta1 = -2.03734
bphi1 = 0.777186
bpt1 = 149.583
beta2 = -1.57173
bphi2 = 1.07018
bpt2 = 21.9689
entry = 6096
beta1 = 2.42383
bphi1 = 0.0759201
bpt1 = 91.756
beta2 = 2.18739
bphi2 = -0.485227
bpt2 = 51.5285
entry = 6578
beta1 = -2.25171
bphi1 = -2.84455
bpt1 = 66.5811
beta2 = -1.87897
bphi2 = -2.00059
bpt2 = 41.341
entry = 6947
beta1 = 1.23047
bphi1 = 2.97802
bpt1 = 27.4218
beta2 = 1.24173
bphi2 = -2.5996
bpt2 = 26.1879
entry = 7415
beta1 = 2.3292
bphi1 = -3.00783
bpt1 = 46.7235
beta2 = 1.89621
bphi2 = -1.60068
bpt2 = 24.8715
entry = 8585
beta1 = -1.16303
bphi1 = -3.04429
bpt1 = 76.8464
beta2 = -1.25822
bphi2 = -1.99732
bpt2 = 27.1396
entry = 8629
beta1 = 2.47022
bphi1 = 1.36459
bpt1 = 28.0916
beta2 = 2.45504
bphi2 = -2.52381
bpt2 = 21.6592
entry = 9656
beta1 = -1.70671
bphi1 = 2.17396
bpt1 = 82.9975
beta2 = -1.91829
bphi2 = 1.58114
bpt2 = 45.4192
entry = 11442
beta1 = 1.40315
bphi1 = 0.736119
bpt1 = 41.6366
beta2 = 1.01837
bphi2 = 1.5675
bpt2 = 30.041
entry = 11673
beta1 = -0.828409
bphi1 = -2.82502
bpt1 = 44.1199
beta2 = -1.21248
bphi2 = -2.38087
bpt2 = 27.5697
entry = 11836
beta1 = 1.88002
bphi1 = 2.61692
bpt1 = 42.3078
beta2 = 2.09437
bphi2 = 1.5657
bpt2 = 42.2277
entry = 12146
beta1 = 1.79328
bphi1 = 3.03293
bpt1 = 32.4656
beta2 = 1.4169
bphi2 = 2.41195
bpt2 = 26.6419
entry = 12198
beta1 = 1.14142
bphi1 = -2.69506
bpt1 = 71.3953
beta2 = 1.63095
bphi2 = 3.12643
bpt2 = 41.3379
entry = 12493
beta1 = -0.332219
bphi1 = 2.23039
bpt1 = 41.5518
beta2 = -0.17977
bphi2 = 2.90649
bpt2 = 24.9333
entry = 13736
beta1 = -0.710326
bphi1 = 0.0779575
bpt1 = 50.5674
beta2 = -1.441
bphi2 = 0.210931
bpt2 = 38.8226
entry = 14370
beta1 = -2.26747
bphi1 = -2.26227
bpt1 = 63.8797
beta2 = -2.18521
bphi2 = -3.09297
bpt2 = 22.8602
entry = 15097
beta1 = -1.80246
bphi1 = 2.98282
bpt1 = 120.074
beta2 = -2.33623
bphi2 = 2.68739
bpt2 = 23.6998
entry = 15118
beta1 = 0.514703
bphi1 = -2.47709
bpt1 = 36.4525
beta2 = -0.274202
bphi2 = -2.04323
bpt2 = 30.6112
entry = 15295
beta1 = 1.76124
bphi1 = 1.32357
bpt1 = 28.2972
beta2 = 0.119036
bphi2 = 1.38489
bpt2 = 24.9388
entry = 15360
beta1 = 0.561276
bphi1 = -2.60627
bpt1 = 90.4268
beta2 = 0.368633
bphi2 = -3.12815
bpt2 = 26.8588
entry = 15387
beta1 = -0.72387
bphi1 = 2.46017
bpt1 = 29.5586
beta2 = -1.0518
bphi2 = 3.13436
bpt2 = 24.3204
entry = 16519
beta1 = 1.32977
bphi1 = 3.02299
bpt1 = 33.9627
beta2 = 1.77493
bphi2 = 2.41708
bpt2 = 23.3487
entry = 16735
beta1 = 0.255835
bphi1 = 0.862903
bpt1 = 95.7701
beta2 = -0.158437
bphi2 = 0.18151
bpt2 = 21.9492
entry = 17904
beta1 = 1.19026
bphi1 = 0.441971
bpt1 = 22.7013
beta2 = 0.688924
bphi2 = 0.0219867
bpt2 = 21.4595
entry = 18917
beta1 = 0.471391
bphi1 = -1.83696
bpt1 = 80.6701
beta2 = -0.313751
bphi2 = -2.20687
bpt2 = 20.1299
entry = 19805
beta1 = -1.75183
bphi1 = 1.22679
bpt1 = 84.6481
beta2 = -2.3669
bphi2 = 1.76208
bpt2 = 30.9092
entry = 20833
beta1 = -0.904774
bphi1 = -3.06209
bpt1 = 25.8282
beta2 = -1.6969
bphi2 = 2.95844
bpt2 = 24.7293
entry = 21100
beta1 = 1.15159
bphi1 = -1.98345
bpt1 = 158.866
beta2 = 0.614284
bphi2 = -2.29067
bpt2 = 23.2704
entry = 21290
beta1 = 1.48546
bphi1 = 0.689359
bpt1 = 49.5995
beta2 = 2.08431
bphi2 = 0.305021
bpt2 = 22.9323
entry = 21370
beta1 = 0.492624
bphi1 = 0.368763
bpt1 = 92.0191
beta2 = 1.1929
bphi2 = 0.470805
bpt2 = 21.5292
entry = 21816
beta1 = 2.09747
bphi1 = 1.44444
bpt1 = 89.287
beta2 = 1.51793
bphi2 = 0.540431
bpt2 = 20.9683
entry = 21845
beta1 = -1.0112
bphi1 = -0.543638
bpt1 = 86.3267
beta2 = -1.55841
bphi2 = -1.01556
bpt2 = 26.3714
entry = 22071
beta1 = -0.0570808
bphi1 = 1.26125
bpt1 = 63.3801
beta2 = -0.154925
bphi2 = 0.730815
bpt2 = 54.3142
entry = 22224
beta1 = -1.87901
bphi1 = 0.207249
bpt1 = 35.7519
beta2 = -2.35874
bphi2 = -0.41067
bpt2 = 25.4633
entry = 22351
beta1 = -1.36567
bphi1 = 2.21261
bpt1 = 39.739
beta2 = -0.348933
bphi2 = 1.84287
bpt2 = 24.4306
entry = 22365
beta1 = -1.22555
bphi1 = -0.329768
bpt1 = 159.988
beta2 = -0.961741
bphi2 = -0.857985
bpt2 = 25.1701
entry = 24426
beta1 = 2.36487
bphi1 = 0.780612
bpt1 = 137.635
beta2 = 2.29164
bphi2 = -0.0233831
bpt2 = 24.2004
entry = 25283
beta1 = -0.2215
bphi1 = 0.95525
bpt1 = 71.8962
beta2 = 0.372291
bphi2 = 1.46853
bpt2 = 44.5939
entry = 25795
beta1 = -0.680666
bphi1 = -0.37497
bpt1 = 47.3474
beta2 = -1.66636
bphi2 = -0.206612
bpt2 = 34.4562
entry = 26521
beta1 = 2.10098
bphi1 = -1.07345
bpt1 = 46.0942
beta2 = 2.26872
bphi2 = -0.536331
bpt2 = 36.814
entry = 27168
beta1 = -1.77274
bphi1 = -2.22518
bpt1 = 53.5187
beta2 = -1.68855
bphi2 = -0.730992
bpt2 = 20.7645
entry = 27395
beta1 = -0.4243
bphi1 = -2.89175
bpt1 = 42.9764
beta2 = -0.0281602
bphi2 = -2.25628
bpt2 = 35.8492
entry = 27899
beta1 = 2.23818
bphi1 = -1.13849
bpt1 = 43.8081
beta2 = 2.24888
bphi2 = -0.358754
bpt2 = 31.1205
entry = 28740
beta1 = 1.79986
bphi1 = 2.69236
bpt1 = 32.2572
beta2 = 2.20127
bphi2 = -2.17534
bpt2 = 25.0181
entry = 29538
beta1 = -1.74119
bphi1 = -1.83027
bpt1 = 39.0051
beta2 = -2.35644
bphi2 = -2.65388
bpt2 = 23.3427
entry = 29579
beta1 = -2.16378
bphi1 = -1.22291
bpt1 = 86.0999
beta2 = -1.45421
bphi2 = -1.20707
bpt2 = 31.744
entry = 29591
beta1 = 0.773451
bphi1 = 1.02394
bpt1 = 53.241
beta2 = 0.0483844
bphi2 = 1.23128
bpt2 = 28.4079
entry = 29948
beta1 = -1.40983
bphi1 = -0.428605
bpt1 = 31.6188
beta2 = -1.9428
bphi2 = -0.889774
bpt2 = 23.8105
entry = 30229
beta1 = -0.886874
bphi1 = -2.18478
bpt1 = 44.4831
beta2 = -0.296688
bphi2 = 2.89218
bpt2 = 24.2374
entry = 30795
beta1 = -1.89786
bphi1 = 3.02302
bpt1 = 41.6537
beta2 = -1.36707
bphi2 = -2.84891
bpt2 = 24.1702
entry = 31028
beta1 = -0.786635
bphi1 = 1.19878
bpt1 = 40.9962
beta2 = -1.50948
bphi2 = 1.03941
bpt2 = 28.5501
entry = 31088
beta1 = -1.24629
bphi1 = 1.58695
bpt1 = 29.0845
beta2 = -1.68811
bphi2 = 1.16455
bpt2 = 20.135
entry = 31608
beta1 = -2.31885
bphi1 = -0.138882
bpt1 = 58.1163
beta2 = -2.04311
bphi2 = 1.077
bpt2 = 27.7885
entry = 31708
beta1 = 0.307056
bphi1 = -3.07009
bpt1 = 72.5483
beta2 = -0.321723
bphi2 = -2.92493
bpt2 = 31.1796
entry = 31872
beta1 = 2.32515
bphi1 = -1.40414
bpt1 = 21.5351
beta2 = 1.83627
bphi2 = -0.163474
bpt2 = 21.077
entry = 32801
beta1 = 2.2027
bphi1 = 0.760954
bpt1 = 43.3552
beta2 = 2.02321
bphi2 = 0.173359
bpt2 = 29.3989
entry = 33683
beta1 = 0.784636
bphi1 = 0.651494
bpt1 = 39.4027
beta2 = 0.525812
bphi2 = 0.157423
bpt2 = 35.0496
entry = 34323
beta1 = 2.28261
bphi1 = -1.1693
bpt1 = 42.3482
beta2 = 2.07784
bphi2 = -2.21455
bpt2 = 20.7754
entry = 36993
beta1 = 1.69203
bphi1 = 1.18138
bpt1 = 66.682
beta2 = 0.686226
bphi2 = 1.18252
bpt2 = 27.3888
entry = 37475
beta1 = 2.15777
bphi1 = 2.77665
bpt1 = 29.3006
beta2 = 2.36383
bphi2 = -1.62473
bpt2 = 23.4011
entry = 37506
beta1 = 1.66995
bphi1 = 0.0372159
bpt1 = 53.0794
beta2 = 1.61773
bphi2 = -0.798889
bpt2 = 38.7854
entry = 37596
beta1 = -0.199303
bphi1 = 0.388951
bpt1 = 65.2362
beta2 = 0.671298
bphi2 = 0.275977
bpt2 = 28.0083
entry = 38096
beta1 = -0.0575405
bphi1 = 1.85312
bpt1 = 44.2165
beta2 = -0.511523
bphi2 = 2.71911
bpt2 = 25.053
entry = 38703
beta1 = -1.84053
bphi1 = 2.6724
bpt1 = 36.6654
beta2 = -1.99254
bphi2 = 1.73341
bpt2 = 24.485
entry = 38881
beta1 = -0.485424
bphi1 = -2.58532
bpt1 = 94.3725
beta2 = -0.929999
bphi2 = -1.96416
bpt2 = 42.1797
entry = 39347
beta1 = 2.1261
bphi1 = 2.19767
bpt1 = 51.7415
beta2 = 1.46117
bphi2 = 1.91319
bpt2 = 20.6721
entry = 39371
beta1 = 1.30184
bphi1 = -0.201158
bpt1 = 38.561
beta2 = 2.24689
bphi2 = 0.673447
bpt2 = 26.8174
entry = 40457
beta1 = 0.3734
bphi1 = -0.608214
bpt1 = 58.0407
beta2 = 0.431252
bphi2 = -1.11603
bpt2 = 57.8009
entry = 41549
beta1 = -1.31155
bphi1 = -2.78452
bpt1 = 71.4287
beta2 = -0.589806
bphi2 = -2.63898
bpt2 = 22.7314
entry = 41793
beta1 = -0.96896
bphi1 = 2.30823
bpt1 = 127.797
beta2 = -0.510967
bphi2 = 1.93127
bpt2 = 35.4302
entry = 42627
beta1 = -1.75965
bphi1 = 1.71411
bpt1 = 66.6397
beta2 = -2.17527
bphi2 = 2.14631
bpt2 = 49.3893
entry = 42761
beta1 = -2.33266
bphi1 = 1.68189
bpt1 = 67.6449
beta2 = -1.50529
bphi2 = 1.07557
bpt2 = 26.2096
entry = 44100
beta1 = -1.32406
bphi1 = -0.191047
bpt1 = 32.3236
beta2 = -1.76539
bphi2 = 1.15293
bpt2 = 30.8635
entry = 44152
beta1 = -0.0913155
bphi1 = 2.69872
bpt1 = 27.3225
beta2 = 0.773414
bphi2 = 2.19222
bpt2 = 23.184
entry = 44202
beta1 = -1.58213
bphi1 = -1.72768
bpt1 = 47.0414
beta2 = -1.48792
bphi2 = -2.62149
bpt2 = 27.1106
entry = 45250
beta1 = -1.43917
bphi1 = -0.200008
bpt1 = 44.4712
beta2 = -1.11662
bphi2 = 0.465598
bpt2 = 21.1553
entry = 45336
beta1 = 1.5798
bphi1 = -0.878764
bpt1 = 48.6495
beta2 = 1.37002
bphi2 = -1.54818
bpt2 = 20.0285
entry = 46208
beta1 = -0.131598
bphi1 = -0.717739
bpt1 = 47.2392
beta2 = 0.55223
bphi2 = -1.55864
bpt2 = 34.7745
entry = 46331
beta1 = -2.16118
bphi1 = 0.0527754
bpt1 = 22.8528
beta2 = -1.68494
bphi2 = -0.455073
bpt2 = 22.0981
entry = 46628
beta1 = 0.123895
bphi1 = 1.05456
bpt1 = 27.2213
beta2 = 0.234061
bphi2 = 0.372203
bpt2 = 25.5156
entry = 46931
beta1 = -1.27135
bphi1 = 1.49927
bpt1 = 64.7865
beta2 = -1.71857
bphi2 = 1.05023
bpt2 = 60.8829
entry = 47824
beta1 = -1.91174
bphi1 = 2.16269
bpt1 = 49.1881
beta2 = -1.75294
bphi2 = -3.00743
bpt2 = 41.0084
entry = 47900
beta1 = -0.931224
bphi1 = -0.127715
bpt1 = 69.343
beta2 = -0.99537
bphi2 = 0.769578
bpt2 = 37.6237
entry = 47960
beta1 = 2.27357
bphi1 = 2.38097
bpt1 = 26.0022
beta2 = 2.3151
bphi2 = -0.0810544
bpt2 = 24.2408
entry = 48242
beta1 = 2.07859
bphi1 = 1.62445
bpt1 = 31.8305
beta2 = 2.18068
bphi2 = 2.25953
bpt2 = 20.1027
entry = 49027
beta1 = -1.88073
bphi1 = 2.56844
bpt1 = 28.9658
beta2 = -1.37536
bphi2 = 1.09945
bpt2 = 26.591
entry = 49113
beta1 = 1.87281
bphi1 = 2.42118
bpt1 = 77.393
beta2 = 1.46365
bphi2 = 2.08649
bpt2 = 50.5124
entry = 49247
beta1 = -1.91465
bphi1 = 0.0340544
bpt1 = 108.917
beta2 = -2.38734
bphi2 = -0.167094
bpt2 = 24.8573
entry = 49574
beta1 = -2.01652
bphi1 = 2.13111
bpt1 = 114.447
beta2 = -1.43943
bphi2 = 2.44814
bpt2 = 29.4272
entry = 49712
beta1 = 2.35655
bphi1 = -3.11463
bpt1 = 39.8353
beta2 = 2.4053
bphi2 = 2.56964
bpt2 = 24.4749
entry = 49726
beta1 = 2.40239
bphi1 = 2.99096
bpt1 = 58.4518
beta2 = 2.36745
bphi2 = 2.15525
bpt2 = 54.8996
entry = 49947
beta1 = 2.18495
bphi1 = 2.97207
bpt1 = 54.2601
beta2 = 2.215
bphi2 = -2.50326
bpt2 = 43.7145
entry = 50826
beta1 = -0.674797
bphi1 = -0.455406
bpt1 = 43.8661
beta2 = -1.0953
bphi2 = 0.968232
bpt2 = 27.6844
entry = 51004
beta1 = -0.9633
bphi1 = 1.38632
bpt1 = 62.6119
beta2 = -1.87354
bphi2 = 1.13011
bpt2 = 31.9456
entry = 51575
beta1 = -1.80015
bphi1 = -0.0783862
bpt1 = 47.9485
beta2 = -1.63137
bphi2 = -0.58933
bpt2 = 37.6164
entry = 52266
beta1 = 2.27515
bphi1 = 1.4037
bpt1 = 21.8084
beta2 = 2.41742
bphi2 = -1.99916
bpt2 = 21.3724
entry = 53072
beta1 = 1.14633
bphi1 = 0.520792
bpt1 = 34.4948
beta2 = 0.553185
bphi2 = 1.0135
bpt2 = 24.4842
entry = 54741
beta1 = -1.92227
bphi1 = -3.04584
bpt1 = 72.5153
beta2 = -1.33763
bphi2 = 2.4154
bpt2 = 22.833
entry = 54819
beta1 = -1.97606
bphi1 = -1.69494
bpt1 = 35.844
beta2 = -2.10688
bphi2 = -1.07853
bpt2 = 26.6759
entry = 56500
beta1 = -2.2745
bphi1 = 2.00944
bpt1 = 51.2788
beta2 = -2.16202
bphi2 = 0.536936
bpt2 = 21.9466
entry = 58106
beta1 = 2.19889
bphi1 = 0.979078
bpt1 = 43.6972
beta2 = 2.05778
bphi2 = 1.82721
bpt2 = 42.2756
entry = 58279
beta1 = -0.125597
bphi1 = 0.121237
bpt1 = 52.1692
beta2 = -0.57592
bphi2 = 1.29776
bpt2 = 26.3511
entry = 58301
beta1 = -1.47089
bphi1 = 2.11236
bpt1 = 37.394
beta2 = -2.43828
bphi2 = -2.75107
bpt2 = 22.9284
entry = 59516
beta1 = 2.34656
bphi1 = -0.371813
bpt1 = 63.8178
beta2 = 1.66267
bphi2 = -0.786684
bpt2 = 33.0453
entry = 59626
beta1 = 0.13377
bphi1 = 2.4435
bpt1 = 39.8317
beta2 = 0.642184
bphi2 = 2.86173
bpt2 = 25.2603
entry = 59771
beta1 = 2.24893
bphi1 = 0.417528
bpt1 = 73.2843
beta2 = 1.62394
bphi2 = 0.300325
bpt2 = 31.2484
entry = 59777
beta1 = 2.00248
bphi1 = -0.975053
bpt1 = 38.6824
beta2 = 1.70653
bphi2 = -0.412607
bpt2 = 28.7726
entry = 61001
beta1 = 0.71179
bphi1 = -3.0366
bpt1 = 81.1687
beta2 = 0.56418
bphi2 = 2.3459
bpt2 = 21.3771
entry = 61215
beta1 = -0.439482
bphi1 = -0.120655
bpt1 = 28.5161
beta2 = -0.659512
bphi2 = -3.0552
bpt2 = 20.6137
entry = 61380
beta1 = 0.0196961
bphi1 = -0.513784
bpt1 = 48.4305
beta2 = 1.11283
bphi2 = -0.810881
bpt2 = 29.7435
entry = 61561
beta1 = -1.88773
bphi1 = 1.0053
bpt1 = 66.8391
beta2 = -1.64789
bphi2 = 0.459012
bpt2 = 33.2412
entry = 61982
beta1 = 0.995881
bphi1 = 1.47851
bpt1 = 73.0866
beta2 = 1.14671
bphi2 = 1.99268
bpt2 = 64.5903
entry = 62985
beta1 = -1.61355
bphi1 = 1.93511
bpt1 = 32.2542
beta2 = -2.07551
bphi2 = 1.35888
bpt2 = 25.2463
entry = 63035
beta1 = -2.26266
bphi1 = 1.92321
bpt1 = 31.8805
beta2 = -2.43202
bphi2 = -0.241191
bpt2 = 20.8358
entry = 63174
beta1 = -1.96213
bphi1 = -2.19602
bpt1 = 32.2579
beta2 = -0.722206
bphi2 = -1.15867
bpt2 = 20.0972
entry = 63179
beta1 = -1.28304
bphi1 = 3.10854
bpt1 = 43.5749
beta2 = -1.63313
bphi2 = 2.51525
bpt2 = 37.9777
entry = 63465
beta1 = -0.926374
bphi1 = 1.21437
bpt1 = 100.96
beta2 = -1.44891
bphi2 = 0.902597
bpt2 = 21.739
entry = 64947
beta1 = -1.13811
bphi1 = -0.0779439
bpt1 = 59.6526
beta2 = -1.34003
bphi2 = 0.416434
bpt2 = 42.049
entry = 66042
beta1 = 1.08019
bphi1 = -2.77553
bpt1 = 51.6383
beta2 = 2.26734
bphi2 = -2.52043
bpt2 = 23.5509
entry = 66662
beta1 = -1.73032
bphi1 = -1.85442
bpt1 = 36.6716
beta2 = -2.34109
bphi2 = -1.49633
bpt2 = 23.4146
entry = 66666
beta1 = 2.14409
bphi1 = 0.641972
bpt1 = 34.1812
beta2 = 1.40979
bphi2 = 2.29884
bpt2 = 23.7653
entry = 67547
beta1 = -1.80602
bphi1 = -0.438209
bpt1 = 110.203
beta2 = -1.35216
bphi2 = -0.156147
bpt2 = 51.6411
entry = 67609
beta1 = 1.87298
bphi1 = 1.88857
bpt1 = 55.3361
beta2 = 1.38526
bphi2 = 3.08475
bpt2 = 24.1834
entry = 68143
beta1 = 1.6785
bphi1 = -3.01226
bpt1 = 67.2616
beta2 = 1.47734
bphi2 = -2.14626
bpt2 = 43.6615
entry = 68148
beta1 = -1.5609
bphi1 = 1.40514
bpt1 = 59.3154
beta2 = -0.964746
bphi2 = 2.60824
bpt2 = 23.2692
entry = 68536
beta1 = 2.13695
bphi1 = 1.45933
bpt1 = 46.7993
beta2 = 2.2923
bphi2 = 2.31267
bpt2 = 35.8254
entry = 69440
beta1 = -1.2005
bphi1 = -0.727703
bpt1 = 31.0512
beta2 = -2.05527
bphi2 = -0.604313
bpt2 = 23.4701
entry = 69634
beta1 = -0.850454
bphi1 = -0.242159
bpt1 = 84.7848
beta2 = -1.76909
bphi2 = -0.0754085
bpt2 = 24.0081
entry = 73188
beta1 = -1.05904
bphi1 = -2.83899
bpt1 = 72.4476
beta2 = -1.81053
bphi2 = -2.61679
bpt2 = 20.045
entry = 73794
beta1 = 1.99327
bphi1 = -0.985415
bpt1 = 106.672
beta2 = 2.32077
bphi2 = -0.332447
bpt2 = 25.7698
entry = 73824
beta1 = 1.33386
bphi1 = 2.22574
bpt1 = 62.0204
beta2 = 0.463112
bphi2 = 2.53076
bpt2 = 40.8813
entry = 75346
beta1 = 2.15424
bphi1 = -0.248725
bpt1 = 26.2793
beta2 = 1.45292
bphi2 = -0.104898
bpt2 = 21.7901
entry = 76230
beta1 = -0.781111
bphi1 = 2.01702
bpt1 = 36.758
beta2 = -1.66137
bphi2 = 2.49675
bpt2 = 27.6678
entry = 76667
beta1 = -1.8604
bphi1 = -3.06028
bpt1 = 38.187
beta2 = -1.87819
bphi2 = 2.44841
bpt2 = 30.9976
entry = 76921
beta1 = 1.02366
bphi1 = -2.00017
bpt1 = 46.8835
beta2 = 0.586127
bphi2 = -1.50225
bpt2 = 20.2616
entry = 76992
beta1 = -1.61478
bphi1 = 2.0536
bpt1 = 46.8953
beta2 = -0.764022
bphi2 = 2.1543
bpt2 = 37.5545
entry = 77416
beta1 = 2.11953
bphi1 = 1.4131
bpt1 = 44.8994
beta2 = 2.26031
bphi2 = 2.79232
bpt2 = 21.8844
entry = 77766
beta1 = 0.43449
bphi1 = 1.01025
bpt1 = 33.5866
beta2 = -0.555142
bphi2 = 2.29289
bpt2 = 23.6431
entry = 78309
beta1 = -0.622285
bphi1 = -1.17219
bpt1 = 105.152
beta2 = -0.152653
bphi2 = -0.819813
bpt2 = 33.7833
entry = 78765
beta1 = 2.46442
bphi1 = -2.2585
bpt1 = 65.292
beta2 = 2.24381
bphi2 = -1.68428
bpt2 = 63.8333
entry = 79213
beta1 = -1.10658
bphi1 = 0.608353
bpt1 = 29.714
beta2 = -1.71355
bphi2 = 2.99911
bpt2 = 21.0241
entry = 79532
beta1 = 0.573599
bphi1 = 0.792216
bpt1 = 31.6372
beta2 = -0.474072
bphi2 = 0.836511
bpt2 = 27.7257
entry = 79871
beta1 = 1.54015
bphi1 = -2.45074
bpt1 = 70.3201
beta2 = 2.35994
bphi2 = -2.17896
bpt2 = 26.663
entry = 81224
beta1 = 2.21103
bphi1 = -0.439324
bpt1 = 33.0621
beta2 = 1.92119
bphi2 = -1.59104
bpt2 = 30.5249
entry = 81320
beta1 = 2.30818
bphi1 = 1.66952
bpt1 = 67.3371
beta2 = 2.14497
bphi2 = 0.985803
bpt2 = 28.0137
entry = 82089
beta1 = 2.45829
bphi1 = -2.04842
bpt1 = 39.0076
beta2 = 1.58631
bphi2 = -2.04673
bpt2 = 27.8
entry = 82683
beta1 = -0.147268
bphi1 = 1.34603
bpt1 = 73.5086
beta2 = 0.246135
bphi2 = 1.82124
bpt2 = 24.6023
entry = 84261
beta1 = -2.36955
bphi1 = 2.46079
bpt1 = 49.5995
beta2 = -1.91463
bphi2 = -2.46416
bpt2 = 24.7751
entry = 84516
beta1 = -1.61162
bphi1 = 1.20491
bpt1 = 54.1963
beta2 = -1.0497
bphi2 = 1.5167
bpt2 = 27.029
entry = 86318
beta1 = 1.65378
bphi1 = -1.03695
bpt1 = 29.341
beta2 = 0.656857
bphi2 = -2.80102
bpt2 = 22.8166
entry = 86529
beta1 = -2.03909
bphi1 = 2.29121
bpt1 = 21.5283
beta2 = -0.566142
bphi2 = 0.907417
bpt2 = 21.2576
entry = 86730
beta1 = 1.27491
bphi1 = -3.04627
bpt1 = 41.7517
beta2 = 0.509718
bphi2 = -2.88273
bpt2 = 39.2295
entry = 86745
beta1 = 2.26134
bphi1 = 1.32421
bpt1 = 52.0305
beta2 = 1.81361
bphi2 = 0.845286
bpt2 = 21.4659
entry = 87243
beta1 = 1.32684
bphi1 = 2.01467
bpt1 = 75.0411
beta2 = 1.67135
bphi2 = 2.38612
bpt2 = 49.4791
entry = 87904
beta1 = -2.01957
bphi1 = 0.844837
bpt1 = 56.0025
beta2 = -2.29759
bphi2 = 0.398814
bpt2 = 21.2388
entry = 89133
beta1 = -1.3654
bphi1 = -1.3973
bpt1 = 25.2157
beta2 = -0.865642
bphi2 = 2.60658
bpt2 = 21.9224
entry = 89473
beta1 = -1.35666
bphi1 = 0.0924848
bpt1 = 65.7759
beta2 = -1.65719
bphi2 = 0.874762
bpt2 = 20.8007
entry = 89499
beta1 = 1.57726
bphi1 = 0.400564
bpt1 = 66.8388
beta2 = 1.73631
bphi2 = -0.246312
bpt2 = 38.8346
entry = 89529
beta1 = 2.34472
bphi1 = 0.789234
bpt1 = 28.4941
beta2 = 1.17451
bphi2 = 0.0410363
bpt2 = 26.5311
entry = 89603
beta1 = 2.20385
bphi1 = -2.75845
bpt1 = 41.6138
beta2 = 1.78234
bphi2 = 3.06007
bpt2 = 22.0526
entry = 91115
beta1 = -2.12105
bphi1 = -1.97906
bpt1 = 81.9674
beta2 = -2.44596
bphi2 = -2.67808
bpt2 = 22.2816
entry = 91496
beta1 = 1.30702
bphi1 = -1.95756
bpt1 = 99.8691
beta2 = 1.64002
bphi2 = -1.13492
bpt2 = 20.5638
entry = 91553
beta1 = 1.94823
bphi1 = 1.59255
bpt1 = 24.0745
beta2 = 1.19649
bphi2 = -2.20288
bpt2 = 20.9252
entry = 91751
beta1 = -0.618066
bphi1 = -1.76344
bpt1 = 103.068
beta2 = -0.0052125
bphi2 = -0.997426
bpt2 = 20.1271
entry = 92561
beta1 = -2.22244
bphi1 = 0.421059
bpt1 = 25.3701
beta2 = -2.34648
bphi2 = -0.244302
bpt2 = 20.8001
entry = 93467
beta1 = 1.63537
bphi1 = 2.74405
bpt1 = 36.292
beta2 = 2.38595
bphi2 = -2.21994
bpt2 = 30.0132
entry = 95446
beta1 = -1.23919
bphi1 = 2.32202
bpt1 = 25.5688
beta2 = -2.17149
bphi2 = -2.05075
bpt2 = 24.4728
entry = 95670
beta1 = -2.29124
bphi1 = 2.72732
bpt1 = 95.5146
beta2 = -2.25102
bphi2 = -3.04558
bpt2 = 63.4719
entry = 95924
beta1 = -0.851061
bphi1 = -1.84767
bpt1 = 50.8437
beta2 = -1.67356
bphi2 = -1.40948
bpt2 = 43.8219
entry = 97925
beta1 = 0.998331
bphi1 = 0.988796
bpt1 = 76.1826
beta2 = 1.74887
bphi2 = 1.03965
bpt2 = 42.2828
entry = 98327
beta1 = -0.960879
bphi1 = 2.58819
bpt1 = 25.6504
beta2 = -1.65369
bphi2 = 0.459769
bpt2 = 24.1107
entry = 98455
beta1 = 2.44738
bphi1 = -2.04584
bpt1 = 75.5737
beta2 = 2.18369
bphi2 = -2.78047
bpt2 = 44.4862
entry = 98582
beta1 = -2.36431
bphi1 = 0.680778
bpt1 = 33.7132
beta2 = -0.961096
bphi2 = 0.521632
bpt2 = 24.3294
entry = 99082
Create dataset for Boosting Decision Tress training....
Done

///////////////////////////////////////////////////
Initiating pairing algorithm...
beta1 = 1.89366
bphi1 = 0.733279
bpt1 = 188.791
beta2 = 2.47289
bphi2 = 0.509205
bpt2 = 22.8864
entry = 5118
beta1 = 1.13745
bphi1 = 1.18391
bpt1 = 42.0539
beta2 = 1.19451
bphi2 = 0.00571677
bpt2 = 23.9133
entry = 5152
beta1 = 2.33061
bphi1 = 2.88314
bpt1 = 25.6752
beta2 = 1.19414
bphi2 = -1.44697
bpt2 = 21.8757
entry = 6014
beta1 = 0.296826
bphi1 = -0.289386
bpt1 = 27.6455
beta2 = 0.871438
bphi2 = 1.5352
bpt2 = 25.6359
entry = 7020
beta1 = -0.868376
bphi1 = -2.2512
bpt1 = 71.2249
beta2 = -0.492289
bphi2 = -1.82652
bpt2 = 60.1644
entry = 8643
beta1 = -2.28827
bphi1 = 0.738542
bpt1 = 42.6911
beta2 = -1.23077
bphi2 = 0.74945
bpt2 = 24.4928
entry = 10560
beta1 = 0.219763
bphi1 = -1.50575
bpt1 = 110.146
beta2 = -0.219794
bphi2 = -0.854232
bpt2 = 21.9595
entry = 10617
beta1 = 1.76127
bphi1 = -2.49154
bpt1 = 109.194
beta2 = 2.2067
bphi2 = -3.04687
bpt2 = 26.6639
entry = 10765
beta1 = 0.672022
bphi1 = 1.49706
bpt1 = 31.0267
beta2 = 1.83335
bphi2 = 0.26515
bpt2 = 24.1271
entry = 10854
beta1 = -0.404608
bphi1 = -1.45305
bpt1 = 62.0411
beta2 = 0.473198
bphi2 = -1.85501
bpt2 = 33.5188
entry = 13409
beta1 = 2.38413
bphi1 = -0.110531
bpt1 = 31.994
beta2 = 1.11861
bphi2 = 0.0832377
bpt2 = 28.0708
entry = 15236
beta1 = -0.747066
bphi1 = 2.93336
bpt1 = 98.6119
beta2 = -1.26805
bphi2 = -2.67055
bpt2 = 23.6637
entry = 15949
beta1 = -1.32658
bphi1 = -1.753
bpt1 = 69.6762
beta2 = -1.6871
bphi2 = -2.34251
bpt2 = 25.7503
entry = 17461
beta1 = 2.06192
bphi1 = 0.12378
bpt1 = 133.646
beta2 = 2.40201
bphi2 = -0.44572
bpt2 = 20.6198
entry = 17872
beta1 = -1.04022
bphi1 = -0.408957
bpt1 = 61.8102
beta2 = -1.18081
bphi2 = -0.894976
bpt2 = 48.3528
entry = 20242
beta1 = -1.99749
bphi1 = 1.03155
bpt1 = 30.5677
beta2 = -1.45649
bphi2 = 0.495347
bpt2 = 20.8751
entry = 21097
beta1 = 1.06987
bphi1 = -3.07427
bpt1 = 67.471
beta2 = 0.591891
bphi2 = 2.65487
bpt2 = 22.7791
entry = 21173
beta1 = 0.750387
bphi1 = -2.77732
bpt1 = 29.0406
beta2 = 0.248992
bphi2 = 1.64033
bpt2 = 26.3298
entry = 21985
beta1 = 1.0857
bphi1 = 2.34662
bpt1 = 51.9533
beta2 = 0.372042
bphi2 = 2.03157
bpt2 = 41.2615
entry = 22183
beta1 = -2.33259
bphi1 = -3.014
bpt1 = 84.7459
beta2 = -2.2796
bphi2 = 2.76803
bpt2 = 63.6631
entry = 23157
beta1 = -0.662075
bphi1 = -1.89618
bpt1 = 44.6701
beta2 = -0.957944
bphi2 = 3.1262
bpt2 = 31.8157
entry = 23956
beta1 = -2.36008
bphi1 = 2.75661
bpt1 = 76.3219
beta2 = -1.76338
bphi2 = 2.65899
bpt2 = 27.163
entry = 24077
beta1 = 2.4351
bphi1 = 2.45405
bpt1 = 89.7639
beta2 = 2.08897
bphi2 = 2.04442
bpt2 = 58.9327
entry = 24426
beta1 = 2.1376
bphi1 = 2.74649
bpt1 = 24.1631
beta2 = 2.24851
bphi2 = -0.857603
bpt2 = 23.5141
entry = 24578
beta1 = 2.18024
bphi1 = 0.182801
bpt1 = 55.5851
beta2 = 1.8977
bphi2 = -0.933061
bpt2 = 20.032
entry = 25068
beta1 = 2.25574
bphi1 = 2.02346
bpt1 = 51.0843
beta2 = 2.09224
bphi2 = 1.48626
bpt2 = 27.3544
entry = 25412
beta1 = 1.4703
bphi1 = -0.445957
bpt1 = 86.1027
beta2 = 0.964801
bphi2 = 0.181058
bpt2 = 26.65
entry = 27035
beta1 = 0.866046
bphi1 = 0.175792
bpt1 = 58.6532
beta2 = -0.208336
bphi2 = 0.162873
bpt2 = 26.8846
entry = 27371
beta1 = 2.41464
bphi1 = 0.518112
bpt1 = 36.3706
beta2 = 1.1894
bphi2 = 0.0136728
bpt2 = 28.7134
entry = 29756
beta1 = 0.779348
bphi1 = 3.07407
bpt1 = 38.9112
beta2 = 0.189877
bphi2 = -2.90465
bpt2 = 29.6117
entry = 31068
beta1 = -1.25643
bphi1 = -2.63457
bpt1 = 39.9761
beta2 = -1.26236
bphi2 = 2.11216
bpt2 = 27.4134
entry = 31465
beta1 = -0.861356
bphi1 = 1.32509
bpt1 = 64.7292
beta2 = -1.21625
bphi2 = 0.708442
bpt2 = 35.098
entry = 33348
beta1 = -0.146529
bphi1 = 0.904604
bpt1 = 108.677
beta2 = -0.909673
bphi2 = 0.344715
bpt2 = 21.1608
entry = 35665
beta1 = 1.0945
bphi1 = 2.62909
bpt1 = 40.2351
beta2 = 1.1456
bphi2 = 1.36565
bpt2 = 23.2891
entry = 36740
beta1 = -1.4616
bphi1 = -0.0406327
bpt1 = 244.28
beta2 = -1.94967
bphi2 = 0.3341
bpt2 = 22.5921
entry = 37240
beta1 = 0.497369
bphi1 = -2.67967
bpt1 = 43.5681
beta2 = 1.35081
bphi2 = -2.16949
bpt2 = 26.007
entry = 37668
beta1 = -2.29457
bphi1 = -2.17049
bpt1 = 32.8333
beta2 = -2.25289
bphi2 = -2.82452
bpt2 = 25.046
entry = 38434
beta1 = -2.29884
bphi1 = 2.03038
bpt1 = 30.7644
beta2 = -1.82317
bphi2 = -0.107617
bpt2 = 20.8611
entry = 40144
beta1 = -1.48973
bphi1 = -3.00461
bpt1 = 32.0455
beta2 = -1.60499
bphi2 = -1.48318
bpt2 = 29.5251
entry = 42604
beta1 = -2.3847
bphi1 = 1.83323
bpt1 = 48.1228
beta2 = -2.3762
bphi2 = 1.08875
bpt2 = 24.2443
entry = 43682
beta1 = -0.066005
bphi1 = -0.380361
bpt1 = 26.0084
beta2 = 0.0958555
bphi2 = -1.1167
bpt2 = 22.8803
entry = 45340
beta1 = -2.35067
bphi1 = 0.551209
bpt1 = 43.514
beta2 = -1.69675
bphi2 = 0.967032
bpt2 = 41.4797
entry = 47669
beta1 = 2.3306
bphi1 = -0.22563
bpt1 = 35.1472
beta2 = 1.82193
bphi2 = -0.40304
bpt2 = 33.1582
entry = 53437
beta1 = -1.27675
bphi1 = 3.06862
bpt1 = 49.5996
beta2 = -0.936
bphi2 = 2.62157
bpt2 = 22.0262
entry = 54058
beta1 = 0.921085
bphi1 = -0.914982
bpt1 = 23.8732
beta2 = -0.322081
bphi2 = 0.322276
bpt2 = 22.7849
entry = 56524
beta1 = 0.442232
bphi1 = -1.90308
bpt1 = 84.2174
beta2 = 0.056651
bphi2 = -1.48788
bpt2 = 29.2176
entry = 58571
beta1 = -0.96433
bphi1 = -1.02963
bpt1 = 32.9911
beta2 = -1.70001
bphi2 = -1.15597
bpt2 = 22.2162
entry = 59066
beta1 = -1.57294
bphi1 = 3.1373
bpt1 = 82.4375
beta2 = -1.24363
bphi2 = 2.62153
bpt2 = 28.8342
entry = 63057
beta1 = 0.376052
bphi1 = 0.749664
bpt1 = 49.357
beta2 = -0.278431
bphi2 = 0.824445
bpt2 = 30.3224
entry = 63633
beta1 = 0.331604
bphi1 = 1.44231
bpt1 = 36.6285
beta2 = 0.131676
bphi2 = 0.257066
bpt2 = 35.6102
entry = 63937
beta1 = -0.420139
bphi1 = -2.26356
bpt1 = 32.4084
beta2 = -1.78698
bphi2 = -2.39912
bpt2 = 20.6853
entry = 65834
beta1 = -0.0322081
bphi1 = -2.4556
bpt1 = 27.9513
beta2 = -1.38778
bphi2 = 2.91297
bpt2 = 22.3771
entry = 67155
beta1 = 1.87312
bphi1 = -2.04988
bpt1 = 43.4343
beta2 = 2.15062
bphi2 = 3.11044
bpt2 = 39.358
entry = 67898
beta1 = -2.19663
bphi1 = 2.07292
bpt1 = 39.1926
beta2 = -2.14281
bphi2 = 1.53383
bpt2 = 31.5002
entry = 68280
beta1 = 1.71466
bphi1 = 0.821353
bpt1 = 85.1904
beta2 = 1.57686
bphi2 = 1.77355
bpt2 = 20.6427
entry = 70673
beta1 = -1.24492
bphi1 = -0.0478731
bpt1 = 73.387
beta2 = -1.51219
bphi2 = -0.710132
bpt2 = 50.3552
entry = 71366
beta1 = -2.06927
bphi1 = -0.986179
bpt1 = 32.0326
beta2 = -2.08931
bphi2 = -0.374613
bpt2 = 27.1383
entry = 71479
beta1 = 2.32314
bphi1 = 1.29138
bpt1 = 25.1626
beta2 = 2.06002
bphi2 = 0.710462
bpt2 = 25.1599
entry = 72869
beta1 = -1.2924
bphi1 = -3.08048
bpt1 = 147.473
beta2 = -1.66415
bphi2 = -2.50721
bpt2 = 27.1502
entry = 75142
beta1 = -1.96597
bphi1 = 1.61282
bpt1 = 22.139
beta2 = -2.32007
bphi2 = -2.01775
bpt2 = 20.4172
entry = 80754
beta1 = 0.895654
bphi1 = -0.623047
bpt1 = 64.2033
beta2 = 0.994339
bphi2 = -1.29122
bpt2 = 31.6118
entry = 82083
beta1 = 1.08472
bphi1 = 3.04963
bpt1 = 41.5686
beta2 = 2.42528
bphi2 = 2.56773
bpt2 = 22.0257
entry = 82441
beta1 = 2.37878
bphi1 = 2.12324
bpt1 = 28.9179
beta2 = 2.38603
bphi2 = 0.523311
bpt2 = 24.7504
entry = 82695
beta1 = -1.28165
bphi1 = 1.26889
bpt1 = 52.7718
beta2 = -1.80151
bphi2 = 0.0975363
bpt2 = 26.4228
entry = 83813
beta1 = 2.45547
bphi1 = 0.34917
bpt1 = 66.1883
beta2 = 1.70242
bphi2 = 0.869687
bpt2 = 31.4432
entry = 84119
beta1 = 2.46326
bphi1 = 2.05339
bpt1 = 63.7084
beta2 = 2.25934
bphi2 = 1.25087
bpt2 = 52.4521
entry = 84255
beta1 = -1.76205
bphi1 = -2.73186
bpt1 = 71.0533
beta2 = -1.33456
bphi2 = -1.95236
bpt2 = 30.1314
entry = 86213
beta1 = -1.19766
bphi1 = 1.20953
bpt1 = 71.6233
beta2 = -0.786621
bphi2 = 2.09705
bpt2 = 32.6605
entry = 86505
beta1 = 2.34221
bphi1 = 2.88469
bpt1 = 48.9335
beta2 = 2.11896
bphi2 = -1.81443
bpt2 = 20.1876
entry = 90081
beta1 = -2.05196
bphi1 = 1.41684
bpt1 = 37.8798
beta2 = -1.90217
bphi2 = 0.688887
bpt2 = 24.3794
entry = 90834
beta1 = 0.927039
bphi1 = -1.56652
bpt1 = 25.6043
beta2 = 1.61409
bphi2 = 0.604038
bpt2 = 24.1251
entry = 90838
beta1 = 0.684901
bphi1 = 2.42529
bpt1 = 61.2411
beta2 = 1.45595
bphi2 = 2.08663
bpt2 = 23.8479
entry = 93512
beta1 = 2.07443
bphi1 = -1.52193
bpt1 = 93.4345
beta2 = 1.95243
bphi2 = -0.895837
bpt2 = 27.8759
entry = 94270
beta1 = -2.37928
bphi1 = 2.79719
bpt1 = 34.121
beta2 = -2.08961
bphi2 = -2.09763
bpt2 = 20.9727
entry = 94359
beta1 = 1.07325
bphi1 = 1.01092
bpt1 = 36.1331
beta2 = 2.387
bphi2 = 0.836186
bpt2 = 24.0995
entry = 95238
Create dataset for Boosting Decision Tress training....
Done

///////////////////////////////////////////////////
Initiating pairing algorithm...
beta1 = -0.44905
bphi1 = -2.10626
bpt1 = 77.874
beta2 = -1.14613
bphi2 = -1.6237
bpt2 = 37.5244
entry = 823
beta1 = 2.37149
bphi1 = 0.0283349
bpt1 = 60.8183
beta2 = 2.2945
bphi2 = 0.536795
bpt2 = 32.6372
entry = 1786
beta1 = 2.16495
bphi1 = 1.81306
bpt1 = 45.4579
beta2 = 2.18383
bphi2 = 1.17117
bpt2 = 23.563
entry = 2738
beta1 = -2.40458
bphi1 = -0.860205
bpt1 = 126.246
beta2 = -1.57911
bphi2 = -1.07727
bpt2 = 20.4662
entry = 4615
beta1 = 1.63256
bphi1 = -1.00507
bpt1 = 58.3599
beta2 = 1.90479
bphi2 = -1.42971
bpt2 = 43.2916
entry = 4790
beta1 = -2.19827
bphi1 = -2.83282
bpt1 = 69.0043
beta2 = -2.15826
bphi2 = -2.2798
bpt2 = 47.2775
entry = 4921
beta1 = -0.24958
bphi1 = 1.79252
bpt1 = 38.5427
beta2 = -0.198823
bphi2 = 0.950368
bpt2 = 28.7144
entry = 5167
beta1 = -1.61738
bphi1 = -2.39822
bpt1 = 30.9276
beta2 = -2.33033
bphi2 = 2.93138
bpt2 = 25.6853
entry = 5217
beta1 = 0.439532
bphi1 = 1.65568
bpt1 = 29.5926
beta2 = -0.210913
bphi2 = 1.46101
bpt2 = 23.9236
entry = 6848
beta1 = 0.610742
bphi1 = -2.66553
bpt1 = 48.389
beta2 = -0.412959
bphi2 = -3.08181
bpt2 = 35.738
entry = 6958
beta1 = 1.30781
bphi1 = -0.864964
bpt1 = 34.5103
beta2 = 1.96095
bphi2 = -1.10103
bpt2 = 29.696
entry = 7165
beta1 = -1.54682
bphi1 = 2.7017
bpt1 = 102.176
beta2 = -1.94148
bphi2 = 2.21813
bpt2 = 20.1572
entry = 7418
beta1 = 1.86004
bphi1 = 1.53301
bpt1 = 27.6085
beta2 = 2.07301
bphi2 = 2.03427
bpt2 = 24.5145
entry = 8831
beta1 = 1.58165
bphi1 = 1.2087
bpt1 = 57.2075
beta2 = 1.01371
bphi2 = 1.0154
bpt2 = 29.8697
entry = 9163
beta1 = -0.274988
bphi1 = 0.995648
bpt1 = 47.3908
beta2 = -0.758611
bphi2 = 2.24557
bpt2 = 22.4008
entry = 10064
beta1 = -2.2551
bphi1 = 3.1062
bpt1 = 112.288
beta2 = -1.89171
bphi2 = -2.727
bpt2 = 31.4852
entry = 10160
beta1 = 0.999219
bphi1 = 1.06086
bpt1 = 24.6373
beta2 = 0.491621
bphi2 = -2.78741
bpt2 = 24.5823
entry = 10453
beta1 = -0.838392
bphi1 = -1.53227
bpt1 = 24.4814
beta2 = -1.37005
bphi2 = 1.4325
bpt2 = 21.7522
entry = 10958
beta1 = -2.38141
bphi1 = 0.27952
bpt1 = 58.6672
beta2 = -2.38918
bphi2 = -0.32652
bpt2 = 51.78
entry = 11327
beta1 = 1.79313
bphi1 = -0.406817
bpt1 = 20.7655
beta2 = 2.29281
bphi2 = -0.216977
bpt2 = 20.156
entry = 12634
beta1 = -0.771251
bphi1 = -2.5794
bpt1 = 157.109
beta2 = -1.4278
bphi2 = -2.65876
bpt2 = 22.1986
entry = 13653
beta1 = 1.19029
bphi1 = 0.375114
bpt1 = 27.7508
beta2 = 0.697859
bphi2 = -0.322819
bpt2 = 26.1637
entry = 13744
beta1 = 1.81916
bphi1 = 0.951162
bpt1 = 121.835
beta2 = 2.32144
bphi2 = 1.3656
bpt2 = 35.7569
entry = 15940
beta1 = -0.851087
bphi1 = -1.67407
bpt1 = 33.327
beta2 = -1.1897
bphi2 = -2.34885
bpt2 = 29.641
entry = 17324
beta1 = 1.8315
bphi1 = -2.51029
bpt1 = 44.8017
beta2 = 1.59606
bphi2 = -3.10652
bpt2 = 20.0325
entry = 17752
beta1 = 2.27688
bphi1 = -1.40972
bpt1 = 47.8354
beta2 = 2.43644
bphi2 = -2.68585
bpt2 = 32.7462
entry = 18821
beta1 = -2.25142
bphi1 = -1.37949
bpt1 = 30.0054
beta2 = -2.31273
bphi2 = 0.708333
bpt2 = 20.1029
entry = 19115
beta1 = -2.34378
bphi1 = 1.97008
bpt1 = 101.694
beta2 = -2.1897
bphi2 = 2.54018
bpt2 = 31.3112
entry = 20891
beta1 = -0.37214
bphi1 = 1.81386
bpt1 = 35.275
beta2 = 0.247214
bphi2 = 3.04667
bpt2 = 28.1492
entry = 21189
beta1 = 0.265683
bphi1 = 1.80234
bpt1 = 113.16
beta2 = 0.781132
bphi2 = 2.4216
bpt2 = 26.6519
entry = 22050
beta1 = -2.33401
bphi1 = -2.22106
bpt1 = 136.214
beta2 = -2.40718
bphi2 = -1.58115
bpt2 = 24.7853
entry = 22062
beta1 = 1.91133
bphi1 = 0.341372
bpt1 = 75.6997
beta2 = 2.28615
bphi2 = -0.0560784
bpt2 = 40.253
entry = 22132
beta1 = 1.95305
bphi1 = 1.98765
bpt1 = 24.3631
beta2 = 2.33397
bphi2 = 1.26857
bpt2 = 21.5449
entry = 22138
beta1 = 0.157365
bphi1 = 1.74326
bpt1 = 95.9676
beta2 = -0.440472
bphi2 = 1.62034
bpt2 = 35.8556
entry = 23462
beta1 = 1.19395
bphi1 = -2.19866
bpt1 = 43.676
beta2 = 0.570205
bphi2 = -2.17693
bpt2 = 28.4688
entry = 23611
beta1 = -1.49999
bphi1 = -0.555028
bpt1 = 48.4974
beta2 = -2.21852
bphi2 = -0.79233
bpt2 = 43.1931
entry = 24264
beta1 = 2.45085
bphi1 = -1.55664
bpt1 = 52.4887
beta2 = 1.7502
bphi2 = -2.67589
bpt2 = 23.473
entry = 24900
beta1 = -2.04023
bphi1 = -1.52715
bpt1 = 71.2987
beta2 = -2.42239
bphi2 = -0.428545
bpt2 = 23.6871
entry = 25576
beta1 = 1.86646
bphi1 = 0.159221
bpt1 = 53.2917
beta2 = 1.58309
bphi2 = 0.928104
bpt2 = 45.9068
entry = 25702
beta1 = -2.24263
bphi1 = -1.94414
bpt1 = 29.3712
beta2 = -2.43679
bphi2 = -3.03369
bpt2 = 23.1721
entry = 26243
beta1 = -1.16104
bphi1 = 2.90748
bpt1 = 38.8146
beta2 = -2.37294
bphi2 = -2.76552
bpt2 = 26.266
entry = 26807
beta1 = 0.934116
bphi1 = 0.224629
bpt1 = 34.3979
beta2 = 2.14139
bphi2 = 1.01002
bpt2 = 23.4112
entry = 27826
beta1 = -0.237374
bphi1 = 2.20616
bpt1 = 69.1759
beta2 = -0.666068
bphi2 = 1.60876
bpt2 = 25.6022
entry = 30236
beta1 = -1.95517
bphi1 = 0.0444747
bpt1 = 87.1387
beta2 = -2.34437
bphi2 = -0.330437
bpt2 = 81.5313
entry = 31169
beta1 = -1.98332
bphi1 = -2.25069
bpt1 = 146.497
beta2 = -2.07897
bphi2 = -2.85678
bpt2 = 23.7246
entry = 31855
beta1 = -1.2998
bphi1 = 0.880766
bpt1 = 37.9049
beta2 = -2.00766
bphi2 = 1.82154
bpt2 = 27.9561
entry = 31957
beta1 = 0.364595
bphi1 = 0.242515
bpt1 = 25.2748
beta2 = -0.526967
bphi2 = 0.152046
bpt2 = 23.7851
entry = 32032
beta1 = -2.28927
bphi1 = 1.57181
bpt1 = 22.6971
beta2 = -2.38893
bphi2 = -0.501003
bpt2 = 20.5525
entry = 33319
beta1 = -1.96093
bphi1 = 0.179721
bpt1 = 66.5335
beta2 = -2.31433
bphi2 = -0.327592
bpt2 = 49.9387
entry = 37230
beta1 = 0.153937
bphi1 = -2.43067
bpt1 = 47.1338
beta2 = -0.424969
bphi2 = -2.13413
bpt2 = 21.4935
entry = 40515
beta1 = 0.230487
bphi1 = -1.64239
bpt1 = 107.008
beta2 = -0.228457
bphi2 = -1.9993
bpt2 = 30.2559
entry = 40585
beta1 = -0.87176
bphi1 = -1.3464
bpt1 = 31.8215
beta2 = -0.0204306
bphi2 = -1.79729
bpt2 = 20.584
entry = 42091
beta1 = -0.0983545
bphi1 = 2.7163
bpt1 = 48.8164
beta2 = -0.399789
bphi2 = -3.12688
bpt2 = 48.5032
entry = 42965
beta1 = 2.46713
bphi1 = -2.53727
bpt1 = 34.7882
beta2 = 2.40895
bphi2 = -1.45022
bpt2 = 32.7598
entry = 46006
beta1 = 1.26122
bphi1 = 2.37382
bpt1 = 36.8973
beta2 = 1.33761
bphi2 = 1.68388
bpt2 = 32.1309
entry = 46540
beta1 = 0.586687
bphi1 = -0.399341
bpt1 = 45.3577
beta2 = 0.148127
bphi2 = -0.132059
bpt2 = 39.9817
entry = 47435
beta1 = 1.34378
bphi1 = 0.981956
bpt1 = 48.043
beta2 = 1.40582
bphi2 = 0.38722
bpt2 = 25.8921
entry = 47924
beta1 = 1.23827
bphi1 = -2.97902
bpt1 = 33.0484
beta2 = 0.81959
bphi2 = 1.29889
bpt2 = 20.579
entry = 51118
beta1 = -0.308009
bphi1 = -1.17651
bpt1 = 32.4612
beta2 = -0.499327
bphi2 = 0.518064
bpt2 = 20.3118
entry = 55088
beta1 = -1.93024
bphi1 = -1.96619
bpt1 = 31.0165
beta2 = -2.36474
bphi2 = -0.313608
bpt2 = 28.8206
entry = 55553
beta1 = -0.170878
bphi1 = -2.35025
bpt1 = 49.2725
beta2 = -0.135901
bphi2 = 2.83861
bpt2 = 24.0555
entry = 55693
beta1 = -1.95109
bphi1 = -0.538111
bpt1 = 49.6818
beta2 = -2.31822
bphi2 = 0.76217
bpt2 = 23.2398
entry = 55738
beta1 = -2.28811
bphi1 = 0.093095
bpt1 = 29.8179
beta2 = -2.30804
bphi2 = -1.60716
bpt2 = 21.434
entry = 56952
beta1 = 2.13606
bphi1 = 1.87921
bpt1 = 56.123
beta2 = 1.44519
bphi2 = 1.8505
bpt2 = 24.3723
entry = 58483
beta1 = 1.42032
bphi1 = 3.03744
bpt1 = 53.8626
beta2 = 0.331238
bphi2 = -3.06323
bpt2 = 21.231
entry = 59536
beta1 = 0.298173
bphi1 = 2.50431
bpt1 = 107.842
beta2 = -0.261679
bphi2 = 2.6067
bpt2 = 21.9652
entry = 59607
beta1 = -2.37049
bphi1 = 0.53938
bpt1 = 55.634
beta2 = -1.38897
bphi2 = 0.708331
bpt2 = 30.142
entry = 60323
beta1 = 0.996371
bphi1 = -1.17703
bpt1 = 58.554
beta2 = 1.51204
bphi2 = -0.473162
bpt2 = 27.1427
entry = 60664
beta1 = -1.73833
bphi1 = -1.47859
bpt1 = 89.3203
beta2 = -2.28724
bphi2 = -1.08974
bpt2 = 47.4157
entry = 61449
beta1 = 1.62818
bphi1 = 3.06563
bpt1 = 34.1879
beta2 = 1.24674
bphi2 = 2.46102
bpt2 = 26.3533
entry = 66917
beta1 = -0.915168
bphi1 = 1.4199
bpt1 = 142.798
beta2 = -1.41918
bphi2 = 1.37296
bpt2 = 41.5973
entry = 67845
beta1 = -1.09188
bphi1 = 0.903847
bpt1 = 78.088
beta2 = -0.908592
bphi2 = 1.579
bpt2 = 38.8491
entry = 67990
beta1 = -2.16829
bphi1 = 2.38493
bpt1 = 24.4278
beta2 = -1.96597
bphi2 = 0.12836
bpt2 = 20.4007
entry = 68099
beta1 = 2.33221
bphi1 = 0.77897
bpt1 = 31.8387
beta2 = 2.06606
bphi2 = 1.87816
bpt2 = 21.7903
entry = 69143
beta1 = 2.09044
bphi1 = -1.87581
bpt1 = 45.7481
beta2 = 2.16936
bphi2 = -2.65178
bpt2 = 27.2411
entry = 70286
beta1 = 1.72699
bphi1 = -2.68357
bpt1 = 66.1993
beta2 = 2.2884
bphi2 = 2.61697
bpt2 = 21.8121
entry = 70609
beta1 = -2.2424
bphi1 = 0.478853
bpt1 = 108.069
beta2 = -1.73565
bphi2 = 0.841208
bpt2 = 33.0671
entry = 71725
beta1 = 2.12785
bphi1 = -0.383172
bpt1 = 87.5256
beta2 = 2.42862
bphi2 = -1.11657
bpt2 = 20.1631
entry = 72804
beta1 = -2.38734
bphi1 = 0.205788
bpt1 = 87.4022
beta2 = -2.43553
bphi2 = 0.891787
bpt2 = 21.7608
entry = 75398
beta1 = -2.12418
bphi1 = 2.85233
bpt1 = 130.819
beta2 = -1.88766
bphi2 = -2.96848
bpt2 = 47.2543
entry = 76361
beta1 = -2.27035
bphi1 = 0.253836
bpt1 = 53.358
beta2 = -2.33749
bphi2 = 0.83799
bpt2 = 46.5865
entry = 76598
beta1 = 0.741679
bphi1 = 0.232364
bpt1 = 43.0432
beta2 = 1.90307
bphi2 = -0.109421
bpt2 = 29.7444
entry = 76659
beta1 = -0.943152
bphi1 = 0.634036
bpt1 = 38.8581
beta2 = -1.29445
bphi2 = -0.361844
bpt2 = 20.1759
entry = 76958
beta1 = 2.3885
bphi1 = 3.10645
bpt1 = 81.1328
beta2 = 2.45704
bphi2 = -2.48782
bpt2 = 41.6719
entry = 77643
beta1 = 0.924617
bphi1 = 0.899145
bpt1 = 31.6349
beta2 = 1.87044
bphi2 = 1.52922
bpt2 = 26.5315
entry = 77901
beta1 = -2.20823
bphi1 = -0.248693
bpt1 = 51.9763
beta2 = -2.34703
bphi2 = -1.50954
bpt2 = 21.6104
entry = 79752
beta1 = -0.613962
bphi1 = -0.082439
bpt1 = 39.5157
beta2 = -0.427587
bphi2 = 1.70948
bpt2 = 22.7218
entry = 80302
beta1 = -1.40263
bphi1 = 0.507734
bpt1 = 133.092
beta2 = -0.750754
bphi2 = 1.0093
bpt2 = 23.6386
entry = 81438
beta1 = -1.1651
bphi1 = -0.915548
bpt1 = 83.8563
beta2 = -1.73245
bphi2 = -0.99617
bpt2 = 47.9035
entry = 84719
beta1 = -1.51742
bphi1 = 0.885855
bpt1 = 46.6507
beta2 = -1.81696
bphi2 = 1.5497
bpt2 = 28.7807
entry = 84850
beta1 = -2.08777
bphi1 = 0.314873
bpt1 = 49.6238
beta2 = -1.14971
bphi2 = 0.260689
bpt2 = 40.525
entry = 86264
beta1 = -1.52245
bphi1 = -3.0625
bpt1 = 24.4691
beta2 = -2.09508
bphi2 = 0.979399
bpt2 = 22.9682
entry = 86453
beta1 = -1.45916
bphi1 = 0.0495839
bpt1 = 53.342
beta2 = -1.32424
bphi2 = 0.626839
bpt2 = 51.2222
entry = 87027
beta1 = -1.14466
bphi1 = 1.46591
bpt1 = 36.4744
beta2 = -1.2861
bphi2 = 0.0720878
bpt2 = 36.0243
entry = 87842
beta1 = -1.47177
bphi1 = -0.779402
bpt1 = 49.8253
beta2 = -2.42014
bphi2 = -1.32877
bpt2 = 33.5116
entry = 88991
beta1 = 2.31359
bphi1 = 0.744315
bpt1 = 34.8868
beta2 = 1.85944
bphi2 = 0.51795
bpt2 = 28.1187
entry = 89169
beta1 = 1.6443
bphi1 = 0.397638
bpt1 = 44.5585
beta2 = 2.36451
bphi2 = -0.335221
bpt2 = 24.665
entry = 90450
beta1 = -0.40189
bphi1 = -2.955
bpt1 = 96.0439
beta2 = -0.71699
bphi2 = -2.30107
bpt2 = 22.2371
entry = 91746
beta1 = 2.24926
bphi1 = 1.5208
bpt1 = 60.435
beta2 = 2.41337
bphi2 = 0.618861
bpt2 = 20.4594
entry = 93328
beta1 = -2.12736
bphi1 = -2.32125
bpt1 = 40.8305
beta2 = -2.49176
bphi2 = 2.78867
bpt2 = 24.2816
entry = 93508
beta1 = 0.617247
bphi1 = -1.77526
bpt1 = 48.4606
beta2 = 0.838046
bphi2 = -0.693828
bpt2 = 26.8826
entry = 94705
beta1 = -0.901313
bphi1 = -0.951378
bpt1 = 34.196
beta2 = -0.105238
bphi2 = -0.64865
bpt2 = 30.4678
entry = 97310
beta1 = -0.604525
bphi1 = 2.78729
bpt1 = 70.7443
beta2 = -0.946297
bphi2 = 1.96463
bpt2 = 28.9805
entry = 97772
beta1 = -1.65535
bphi1 = 1.74293
bpt1 = 71.8108
beta2 = -0.732736
bphi2 = 2.16858
bpt2 = 20.2517
entry = 98679
beta1 = 0.889526
bphi1 = -2.10238
bpt1 = 145.748
beta2 = 1.14727
bphi2 = -2.60329
bpt2 = 27.0176
entry = 98886
beta1 = 1.80451
bphi1 = 1.23483
bpt1 = 38.4063
beta2 = 1.52016
bphi2 = 2.14025
bpt2 = 21.1495
entry = 99395
Create dataset for Boosting Decision Tress training....
Done

///////////////////////////////////////////////////
Initiating pairing algorithm...
beta1 = 0.0714486
bphi1 = 2.33817
bpt1 = 34.8285
beta2 = 1.50009
bphi2 = 2.95153
bpt2 = 24.0006
entry = 315
beta1 = -0.611825
bphi1 = -0.111202
bpt1 = 89.6459
beta2 = 0.0412319
bphi2 = 0.214246
bpt2 = 39.7878
entry = 1069
beta1 = 2.02971
bphi1 = -2.95847
bpt1 = 81.8404
beta2 = 2.13037
bphi2 = -2.23664
bpt2 = 49.8231
entry = 2510
beta1 = -1.78121
bphi1 = -1.62907
bpt1 = 37.2123
beta2 = -2.28793
bphi2 = -1.16559
bpt2 = 30.2496
entry = 3776
beta1 = 0.421943
bphi1 = -0.489978
bpt1 = 80.2572
beta2 = -0.000404047
bphi2 = -0.766096
bpt2 = 50.004
entry = 3835
beta1 = 2.27484
bphi1 = -1.97315
bpt1 = 35.8172
beta2 = 1.9207
bphi2 = 2.69715
bpt2 = 27.2505
entry = 4573
beta1 = 1.91597
bphi1 = -3.05356
bpt1 = 48.4093
beta2 = 2.40921
bphi2 = -2.74847
bpt2 = 24.1094
entry = 5686
beta1 = 1.3935
bphi1 = 0.577864
bpt1 = 86.1293
beta2 = 1.55173
bphi2 = -0.434734
bpt2 = 24.4312
entry = 7701
beta1 = -0.85364
bphi1 = -2.52742
bpt1 = 74.3873
beta2 = -0.63203
bphi2 = 2.91239
bpt2 = 31.0096
entry = 8186
beta1 = 0.504694
bphi1 = -2.26913
bpt1 = 68.1873
beta2 = 0.784291
bphi2 = -1.71886
bpt2 = 63.9427
entry = 9899
beta1 = 0.985991
bphi1 = -2.04173
bpt1 = 152.273
beta2 = 0.764743
bphi2 = -1.48268
bpt2 = 33.3661
entry = 10626
beta1 = -1.81798
bphi1 = 1.60312
bpt1 = 35.0988
beta2 = -0.689574
bphi2 = 1.14715
bpt2 = 22.9644
entry = 12066
beta1 = -2.2931
bphi1 = -3.11924
bpt1 = 31.0664
beta2 = -1.06403
bphi2 = -1.87425
bpt2 = 24.6707
entry = 12091
beta1 = -1.51226
bphi1 = 0.608853
bpt1 = 23.7709
beta2 = -2.18129
bphi2 = 1.29502
bpt2 = 23.7641
entry = 14508
beta1 = 0.0189429
bphi1 = 0.751371
bpt1 = 59.758
beta2 = 0.591583
bphi2 = -0.384492
bpt2 = 25.0644
entry = 14555
beta1 = 0.0774277
bphi1 = 1.27745
bpt1 = 73.2909
beta2 = 1.08676
bphi2 = 1.52195
bpt2 = 24.2737
entry = 14853
beta1 = 0.100116
bphi1 = -2.14095
bpt1 = 78.0435
beta2 = 0.351935
bphi2 = -1.6428
bpt2 = 47.7586
entry = 14876
beta1 = -1.40226
bphi1 = 0.842479
bpt1 = 75.8558
beta2 = -0.674669
bphi2 = 0.487634
bpt2 = 21.3832
entry = 16937
beta1 = 1.19195
bphi1 = 1.40334
bpt1 = 40.599
beta2 = 0.913611
bphi2 = 2.02822
bpt2 = 21.3488
entry = 17316
beta1 = -2.10561
bphi1 = 2.97158
bpt1 = 36.2243
beta2 = -2.39985
bphi2 = -2.36705
bpt2 = 27.0972
entry = 17560
beta1 = -0.0616125
bphi1 = 0.392471
bpt1 = 110.651
beta2 = -0.686246
bphi2 = -0.137162
bpt2 = 22.1652
entry = 18689
beta1 = -0.58138
bphi1 = 0.683407
bpt1 = 122.511
beta2 = -0.231416
bphi2 = 1.52395
bpt2 = 21.8992
entry = 18887
beta1 = -1.48634
bphi1 = 2.98096
bpt1 = 51.2488
beta2 = -2.03043
bphi2 = 2.45989
bpt2 = 46.6481
entry = 19182
beta1 = 2.06039
bphi1 = 0.861053
bpt1 = 54.5789
beta2 = 1.54483
bphi2 = 0.955706
bpt2 = 47.2045
entry = 19228
beta1 = 1.45843
bphi1 = -0.882465
bpt1 = 70.0186
beta2 = 1.41767
bphi2 = -0.32391
bpt2 = 68.7483
entry = 21828
beta1 = 1.45645
bphi1 = -2.36863
bpt1 = 43.9594
beta2 = 0.77936
bphi2 = -2.18196
bpt2 = 24.3165
entry = 21843
beta1 = -1.78224
bphi1 = 2.19915
bpt1 = 39.9495
beta2 = -1.78434
bphi2 = -2.40586
bpt2 = 21.0518
entry = 25225
beta1 = 0.304256
bphi1 = 2.81293
bpt1 = 61.8874
beta2 = -0.155321
bphi2 = 2.54992
bpt2 = 59.2661
entry = 25254
beta1 = -1.39298
bphi1 = 1.44546
bpt1 = 31.8273
beta2 = -0.993013
bphi2 = 0.224856
bpt2 = 27.3486
entry = 25981
beta1 = 2.44078
bphi1 = -0.650374
bpt1 = 77.2482
beta2 = 2.21236
bphi2 = 0.148983
bpt2 = 38.5152
entry = 26147
beta1 = -0.461005
bphi1 = 0.197036
bpt1 = 50.9809
beta2 = -1.21966
bphi2 = 0.90347
bpt2 = 30.9251
entry = 26453
beta1 = -0.669122
bphi1 = -0.112442
bpt1 = 51.5973
beta2 = -0.414516
bphi2 = -0.636668
bpt2 = 22.4472
entry = 26726
beta1 = 0.711454
bphi1 = 2.17189
bpt1 = 64.8108
beta2 = 0.912064
bphi2 = 3.05833
bpt2 = 31.9809
entry = 28547
beta1 = 2.30503
bphi1 = 2.79461
bpt1 = 46.8703
beta2 = 2.17873
bphi2 = -2.40125
bpt2 = 25.5801
entry = 28987
beta1 = -2.33826
bphi1 = 0.632836
bpt1 = 38.4518
beta2 = -2.2996
bphi2 = 1.76649
bpt2 = 32.7506
entry = 30424
beta1 = -1.15847
bphi1 = -3.08521
bpt1 = 51.1306
beta2 = -1.43998
bphi2 = -2.65569
bpt2 = 21.8564
entry = 30573
beta1 = 0.726527
bphi1 = -1.24805
bpt1 = 53.2812
beta2 = 0.275227
bphi2 = -0.824718
bpt2 = 34.8786
entry = 30732
beta1 = 1.06579
bphi1 = -0.441335
bpt1 = 80.2953
beta2 = 0.454968
bphi2 = -0.707256
bpt2 = 48.3745
entry = 31093
beta1 = -1.03019
bphi1 = 2.87272
bpt1 = 45.0741
beta2 = -1.23095
bphi2 = -2.71198
bpt2 = 42.5741
entry = 31677
beta1 = -2.20017
bphi1 = 0.62109
bpt1 = 39.4733
beta2 = -1.52681
bphi2 = 1.59265
bpt2 = 38.1385
entry = 32989
beta1 = 1.82962
bphi1 = -3.0382
bpt1 = 24.5513
beta2 = 1.65036
bphi2 = -1.65646
bpt2 = 21.1999
entry = 34333
beta1 = -0.536493
bphi1 = 2.26174
bpt1 = 29.4298
beta2 = -1.17854
bphi2 = 2.77871
bpt2 = 25.8274
entry = 37381
beta1 = 1.04963
bphi1 = 0.48552
bpt1 = 27.5232
beta2 = 2.29984
bphi2 = 1.88993
bpt2 = 23.1554
entry = 37447
beta1 = 2.32652
bphi1 = 0.529266
bpt1 = 52.9794
beta2 = 2.39938
bphi2 = -0.820336
bpt2 = 26.1571
entry = 38744
beta1 = 2.33852
bphi1 = -2.79295
bpt1 = 118.038
beta2 = 1.67528
bphi2 = -2.88556
bpt2 = 27.6165
entry = 39307
beta1 = 2.00247
bphi1 = 2.29543
bpt1 = 85.3045
beta2 = 2.4935
bphi2 = 2.253
bpt2 = 33.9065
entry = 39323
beta1 = -1.89966
bphi1 = -0.589181
bpt1 = 26.7182
beta2 = -2.23614
bphi2 = 0.300472
bpt2 = 22.6216
entry = 39907
beta1 = 0.790376
bphi1 = 2.54848
bpt1 = 39.6797
beta2 = 0.601873
bphi2 = -2.65742
bpt2 = 22.2195
entry = 40166
beta1 = 2.03813
bphi1 = 0.765363
bpt1 = 78.3855
beta2 = 1.44505
bphi2 = 0.549862
bpt2 = 39.3822
entry = 40833
beta1 = 2.44443
bphi1 = -1.33844
bpt1 = 66.5346
beta2 = 2.16913
bphi2 = -2.62981
bpt2 = 20.7111
entry = 41209
beta1 = -0.498816
bphi1 = -1.12035
bpt1 = 33.9293
beta2 = -0.769826
bphi2 = -1.79382
bpt2 = 27.1173
entry = 41471
beta1 = -1.71242
bphi1 = 2.33651
bpt1 = 51.3719
beta2 = -1.6892
bphi2 = 1.68313
bpt2 = 45.6341
entry = 42525
beta1 = -2.28034
bphi1 = 2.09628
bpt1 = 68.3505
beta2 = -1.12845
bphi2 = 2.22075
bpt2 = 20.7194
entry = 43083
beta1 = 1.87165
bphi1 = -3.03883
bpt1 = 124.171
beta2 = 2.34883
bphi2 = 3.07774
bpt2 = 31.1734
entry = 43468
beta1 = 1.23472
bphi1 = -2.26546
bpt1 = 114.742
beta2 = 1.98654
bphi2 = -2.44572
bpt2 = 28.0411
entry = 45438
beta1 = 2.39672
bphi1 = -1.04414
bpt1 = 80.0473
beta2 = 1.54916
bphi2 = -0.991827
bpt2 = 25.8861
entry = 46239
beta1 = -2.29837
bphi1 = -0.272496
bpt1 = 63.3342
beta2 = -2.46753
bphi2 = 0.35788
bpt2 = 33.142
entry = 47356
beta1 = -1.56675
bphi1 = -0.422446
bpt1 = 52.4294
beta2 = -0.657487
bphi2 = -0.567479
bpt2 = 30.199
entry = 48315
beta1 = 0.341958
bphi1 = -2.92531
bpt1 = 44.0346
beta2 = 0.821225
bphi2 = -2.36223
bpt2 = 26.3099
entry = 48470
beta1 = -0.96514
bphi1 = 1.79211
bpt1 = 71.1891
beta2 = -0.569793
bphi2 = 2.32101
bpt2 = 21.9709
entry = 49388
beta1 = -1.14687
bphi1 = -0.591008
bpt1 = 44.6849
beta2 = -0.815926
bphi2 = -1.44915
bpt2 = 40.8953
entry = 50140
beta1 = 1.51118
bphi1 = -1.07972
bpt1 = 47.5486
beta2 = 2.12582
bphi2 = -1.32154
bpt2 = 32.0509
entry = 50225
beta1 = 2.47008
bphi1 = 0.92391
bpt1 = 62.1874
beta2 = 1.98963
bphi2 = 1.56931
bpt2 = 48.0887
entry = 50572
beta1 = -1.90607
bphi1 = -2.23714
bpt1 = 36.2351
beta2 = -1.73679
bphi2 = 3.01807
bpt2 = 33.1557
entry = 50895
beta1 = -2.14441
bphi1 = -3.10118
bpt1 = 52.8502
beta2 = -2.33912
bphi2 = 2.3724
bpt2 = 21.3945
entry = 51523
beta1 = 1.53427
bphi1 = 2.77453
bpt1 = 112.12
beta2 = 1.9904
bphi2 = 2.37289
bpt2 = 28.4063
entry = 52877
beta1 = -2.34891
bphi1 = 0.156629
bpt1 = 33.662
beta2 = -1.72445
bphi2 = -0.45854
bpt2 = 31.0312
entry = 53864
beta1 = -2.09665
bphi1 = 1.27068
bpt1 = 37.2557
beta2 = -1.87943
bphi2 = -0.600363
bpt2 = 22.6543
entry = 55528
beta1 = 1.89476
bphi1 = -1.36207
bpt1 = 59.9339
beta2 = 1.44317
bphi2 = -0.585823
bpt2 = 35.0967
entry = 55779
beta1 = 1.93662
bphi1 = -1.78386
bpt1 = 35.2352
beta2 = 2.42839
bphi2 = -0.946437
bpt2 = 21.8168
entry = 56968
beta1 = -1.45334
bphi1 = -3.06752
bpt1 = 37.5268
beta2 = -1.17592
bphi2 = 2.72154
bpt2 = 27.0467
entry = 58283
beta1 = 1.69637
bphi1 = 0.80634
bpt1 = 34.7923
beta2 = 0.663591
bphi2 = 1.08713
bpt2 = 21.6975
entry = 58422
beta1 = 2.25697
bphi1 = -2.73729
bpt1 = 35.3803
beta2 = 2.02607
bphi2 = -1.99729
bpt2 = 25.2456
entry = 59173
beta1 = 1.71749
bphi1 = -2.9466
bpt1 = 25.5749
beta2 = 2.34721
bphi2 = -2.62833
bpt2 = 25.0234
entry = 59742
beta1 = 2.10967
bphi1 = 2.45697
bpt1 = 40.3836
beta2 = 2.33115
bphi2 = -2.72385
bpt2 = 30.9296
entry = 61277
beta1 = -1.78446
bphi1 = -2.4575
bpt1 = 84.9864
beta2 = -2.32516
bphi2 = -2.83082
bpt2 = 31.5915
entry = 61425
beta1 = -1.61624
bphi1 = 2.22717
bpt1 = 106.983
beta2 = -0.998674
bphi2 = 1.85574
bpt2 = 28.3919
entry = 61985
beta1 = -1.31651
bphi1 = 2.29802
bpt1 = 89.9211
beta2 = -1.35445
bphi2 = 3.10262
bpt2 = 21.7334
entry = 62033
beta1 = 0.344355
bphi1 = -0.940672
bpt1 = 62.1284
beta2 = 1.03086
bphi2 = -1.1668
bpt2 = 27.5235
entry = 62453
beta1 = -1.33418
bphi1 = -2.02546
bpt1 = 23.8789
beta2 = -2.30271
bphi2 = 2.16353
bpt2 = 20.3358
entry = 62938
beta1 = 0.807275
bphi1 = 0.758108
bpt1 = 54.6741
beta2 = 1.07245
bphi2 = 1.55491
bpt2 = 23.9524
entry = 63025
beta1 = -1.91063
bphi1 = -0.600068
bpt1 = 50.0851
beta2 = -2.30033
bphi2 = 0.892318
bpt2 = 21.5481
entry = 63537
beta1 = -1.56374
bphi1 = 3.00238
bpt1 = 44.6838
beta2 = -1.23768
bphi2 = -2.68094
bpt2 = 44.5963
entry = 63835
beta1 = 2.44383
bphi1 = 3.00011
bpt1 = 88.6255
beta2 = 1.81817
bphi2 = 2.83098
bpt2 = 30.4376
entry = 64009
beta1 = -2.39255
bphi1 = 2.09802
bpt1 = 85.1925
beta2 = -2.4515
bphi2 = 2.95472
bpt2 = 30.5296
entry = 66867
beta1 = 1.4202
bphi1 = 2.29849
bpt1 = 93.4971
beta2 = 1.46121
bphi2 = 3.08951
bpt2 = 26.1133
entry = 66901
beta1 = 1.77733
bphi1 = -1.37314
bpt1 = 32.533
beta2 = 2.24799
bphi2 = -0.882013
bpt2 = 24.8691
entry = 67207
beta1 = 1.95969
bphi1 = -1.37549
bpt1 = 53.4362
beta2 = 2.37899
bphi2 = -0.155951
bpt2 = 22.7313
entry = 68912
beta1 = -0.986721
bphi1 = 2.1536
bpt1 = 24.1071
beta2 = -1.90453
bphi2 = 2.01986
bpt2 = 20.0404
entry = 70232
beta1 = 0.538134
bphi1 = -1.81211
bpt1 = 78.8229
beta2 = 1.0146
bphi2 = -2.02636
bpt2 = 46.0683
entry = 71333
beta1 = 0.524089
bphi1 = 3.03523
bpt1 = 131.59
beta2 = 0.76851
bphi2 = -2.78879
bpt2 = 37.7859
entry = 72365
beta1 = -1.78382
bphi1 = 1.1877
bpt1 = 117.328
beta2 = -2.19997
bphi2 = 0.672451
bpt2 = 39.4924
entry = 72483
beta1 = 0.18913
bphi1 = 0.623827
bpt1 = 59.7533
beta2 = -0.271431
bphi2 = -0.0879083
bpt2 = 23.1845
entry = 74652
beta1 = -1.6854
bphi1 = 2.61589
bpt1 = 26.9663
beta2 = -1.54271
bphi2 = -2.41334
bpt2 = 25.9026
entry = 77466
beta1 = -2.37694
bphi1 = -1.70822
bpt1 = 33.4761
beta2 = -1.74762
bphi2 = -0.192195
bpt2 = 21.7019
entry = 77814
beta1 = 0.926138
bphi1 = 0.673911
bpt1 = 140.072
beta2 = 0.839345
bphi2 = 1.34786
bpt2 = 27.5833
entry = 78026
beta1 = -1.03136
bphi1 = -1.93772
bpt1 = 45.5048
beta2 = -0.94361
bphi2 = -1.34002
bpt2 = 25.0027
entry = 79025
beta1 = -1.85936
bphi1 = -1.73275
bpt1 = 134.121
beta2 = -1.32041
bphi2 = -1.54368
bpt2 = 44.3009
entry = 81021
beta1 = 1.75618
bphi1 = 2.68625
bpt1 = 89.7384
beta2 = 2.18793
bphi2 = 2.10658
bpt2 = 24.4917
entry = 81262
beta1 = -2.44312
bphi1 = -0.916606
bpt1 = 45.4897
beta2 = -2.1208
bphi2 = -2.32572
bpt2 = 22.6996
entry = 81975
beta1 = -1.77641
bphi1 = -1.77212
bpt1 = 41.3126
beta2 = -2.48811
bphi2 = -0.813073
bpt2 = 30.9439
entry = 84067
beta1 = -0.523657
bphi1 = -1.54846
bpt1 = 36.4766
beta2 = -0.777442
bphi2 = -2.56114
bpt2 = 27.4147
entry = 84387
beta1 = -0.137136
bphi1 = 2.5421
bpt1 = 71.6815
beta2 = 0.286889
bphi2 = 3.07231
bpt2 = 56.7025
entry = 84582
beta1 = -2.114
bphi1 = -0.0679705
bpt1 = 110.515
beta2 = -1.97089
bphi2 = -0.755038
bpt2 = 45.0057
entry = 84763
beta1 = -2.38592
bphi1 = 2.59386
bpt1 = 37.0236
beta2 = -1.8034
bphi2 = 2.75312
bpt2 = 28.1736
entry = 85050
beta1 = 1.43194
bphi1 = -0.140952
bpt1 = 32.0759
beta2 = 2.18281
bphi2 = -0.299553
bpt2 = 21.6327
entry = 85961
beta1 = -0.90437
bphi1 = 2.39336
bpt1 = 30.986
beta2 = -0.788713
bphi2 = 1.704
bpt2 = 23.3227
entry = 86657
beta1 = -1.77544
bphi1 = 1.83456
bpt1 = 35.4175
beta2 = -2.29685
bphi2 = 0.890478
bpt2 = 21.1528
entry = 87137
beta1 = -1.85682
bphi1 = 1.05304
bpt1 = 90.9336
beta2 = -1.17042
bphi2 = 0.507221
bpt2 = 22.0608
entry = 87964
beta1 = -0.648226
bphi1 = -1.46351
bpt1 = 23.6221
beta2 = 0.305167
bphi2 = -2.6899
bpt2 = 21.5827
entry = 89073
beta1 = 0.683514
bphi1 = -0.808924
bpt1 = 41.8112
beta2 = 1.62753
bphi2 = -0.437689
bpt2 = 34.9853
entry = 89287
beta1 = 0.336797
bphi1 = 1.90898
bpt1 = 52.7921
beta2 = 1.43952
bphi2 = 2.02721
bpt2 = 26.4323
entry = 89539
beta1 = -0.41141
bphi1 = -1.38045
bpt1 = 58.0322
beta2 = -1.06576
bphi2 = -1.45487
bpt2 = 37.215
entry = 89554
beta1 = -0.840155
bphi1 = 1.93369
bpt1 = 68.0513
beta2 = -1.3696
bphi2 = 2.3264
bpt2 = 48.367
entry = 90362
beta1 = -2.43691
bphi1 = 1.37018
bpt1 = 33.481
beta2 = -2.28108
bphi2 = 0.72017
bpt2 = 27.3184
entry = 92034
beta1 = -1.19042
bphi1 = 1.91242
bpt1 = 70.4683
beta2 = -1.36622
bphi2 = 1.29928
bpt2 = 61.6857
entry = 92444
beta1 = -1.77243
bphi1 = 2.34655
bpt1 = 26.2621
beta2 = -2.45409
bphi2 = -3.13826
bpt2 = 21.9647
entry = 92807
beta1 = -2.33107
bphi1 = -2.46711
bpt1 = 29.6725
beta2 = -2.20747
bphi2 = 1.56366
bpt2 = 20.6133
entry = 93009
beta1 = 0.990215
bphi1 = -2.88706
bpt1 = 113.038
beta2 = 1.36947
bphi2 = -2.49916
bpt2 = 23.8269
entry = 93287
beta1 = 1.27348
bphi1 = 2.16411
bpt1 = 47.3454
beta2 = 0.686798
bphi2 = 2.27844
bpt2 = 42.3185
entry = 95694
beta1 = -1.45003
bphi1 = 2.36969
bpt1 = 41.7304
beta2 = -2.19649
bphi2 = 1.64033
bpt2 = 23.9916
entry = 96417
beta1 = -2.34197
bphi1 = 0.497655
bpt1 = 45.3812
beta2 = -2.38064
bphi2 = 1.36758
bpt2 = 20.7333
entry = 96502
beta1 = 1.12646
bphi1 = -2.65088
bpt1 = 27.5804
beta2 = 0.546144
bphi2 = -0.889865
bpt2 = 24.8527
entry = 98006
beta1 = -1.48022
bphi1 = 2.23483
bpt1 = 50.081
beta2 = -1.85126
bphi2 = 1.81277
bpt2 = 24.8989
entry = 98145
beta1 = -2.31126
bphi1 = -1.9348
bpt1 = 41.2222
beta2 = -2.26626
bphi2 = -2.70386
bpt2 = 28.7217
entry = 98590
beta1 = 0.646156
bphi1 = 1.04217
bpt1 = 94.867
beta2 = 0.766817
bphi2 = 1.78425
bpt2 = 27.3891
entry = 99669
Create dataset for Boosting Decision Tress training....
Done
Initating TMVA for Multi-Variate Analysis....
Start Boosting Decision Trees application...
Time taken: 486.141 seconds.
All done! Exit...
