nohup: ignoring input

Processing Pairing_tau_mix_6TeV.C("/nfs_scratch/hjia38/Delphes_tau_6TeV/sig_tau_6TeV.root","/nfs_scratch/hjia38/Delphes_tau_6TeV/bkgvvzh_tau_6TeV.root","/nfs_scratch/hjia38/Delphes_tau_6TeV/bkgvvqqh_tau_6TeV.root","/nfs_scratch/hjia38/Delphes_tau_6TeV/bkgvvzh_ttbb_tau_6TeV.root","delphes_dhiggs_sig+bkg_pairmass_tau_mix_6TeV.root","/nfs_scratch/hjia38/Delphes_tau_6TeV/ttbar_tau_6TeV.root","ttbar_tau_Cali_6TeV.root")...

Calling Calibration algorithm...
Warning in <TStreamerInfo::BuildCheck>: 
   The StreamerInfo of class Track read from file /nfs_scratch/hjia38/Delphes_tau_6TeV/ttbar_tau_6TeV.root
   has the same version (=3) as the active class but a different checksum.
   You should update the version to ClassDef(Track,4).
   Do not try to write objects with the current class definition,
   the files will not be readable.

Warning in <TStreamerInfo::CompareContent>: The following data member of
the in-memory layout version 3 of class 'Track' is missing from 
the on-file layout version 3:
   float C; //
Warning in <TStreamerInfo::CompareContent>: The following data member of
the in-memory layout version 3 of class 'Track' is missing from 
the on-file layout version 3:
   float Mass; //
Warning in <TStreamerInfo::CompareContent>: The following data member of
the in-memory layout version 3 of class 'Track' is missing from 
the on-file layout version 3:
   float EtaOuter; //
Warning in <TStreamerInfo::CompareContent>: The following data member of
the in-memory layout version 3 of class 'Track' is missing from 
the on-file layout version 3:
   float PhiOuter; //
Warning in <TStreamerInfo::CompareContent>: The following data member of
the in-memory layout version 3 of class 'Track' is missing from 
the on-file layout version 3:
   float T; //
Warning in <TStreamerInfo::CompareContent>: The following data member of
the in-memory layout version 3 of class 'Track' is missing from 
the on-file layout version 3:
   float X; //
Warning in <TStreamerInfo::CompareContent>: The following data member of
the in-memory layout version 3 of class 'Track' is missing from 
the on-file layout version 3:
   float Y; //
Warning in <TStreamerInfo::CompareContent>: The following data member of
the in-memory layout version 3 of class 'Track' is missing from 
the on-file layout version 3:
   float Z; //
Warning in <TStreamerInfo::CompareContent>: The following data member of
the in-memory layout version 3 of class 'Track' is missing from 
the on-file layout version 3:
   float TOuter; //
Warning in <TStreamerInfo::CompareContent>: The following data member of
the in-memory layout version 3 of class 'Track' is missing from 
the on-file layout version 3:
   float XOuter; //
Warning in <TStreamerInfo::CompareContent>: The following data member of
the in-memory layout version 3 of class 'Track' is missing from 
the on-file layout version 3:
   float YOuter; //
Warning in <TStreamerInfo::CompareContent>: The following data member of
the in-memory layout version 3 of class 'Track' is missing from 
the on-file layout version 3:
   float ZOuter; //
Warning in <TStreamerInfo::CompareContent>: The following data member of
the in-memory layout version 3 of class 'Track' is missing from 
the on-file layout version 3:
   float Xd; //
Warning in <TStreamerInfo::CompareContent>: The following data member of
the in-memory layout version 3 of class 'Track' is missing from 
the on-file layout version 3:
   float Yd; //
Warning in <TStreamerInfo::CompareContent>: The following data member of
the in-memory layout version 3 of class 'Track' is missing from 
the on-file layout version 3:
   float Zd; //
Warning in <TStreamerInfo::CompareContent>: The following data member of
the in-memory layout version 3 of class 'Track' is missing from 
the on-file layout version 3:
   float L; //
Warning in <TStreamerInfo::CompareContent>: The following data member of
the in-memory layout version 3 of class 'Track' is missing from 
the on-file layout version 3:
   float D0; //
Warning in <TStreamerInfo::CompareContent>: The following data member of
the in-memory layout version 3 of class 'Track' is missing from 
the on-file layout version 3:
   float DZ; //
Warning in <TStreamerInfo::CompareContent>: The following data member of
the in-memory layout version 3 of class 'Track' is missing from 
the on-file layout version 3:
   float Nclusters; //
Warning in <TStreamerInfo::CompareContent>: The following data member of
the in-memory layout version 3 of class 'Track' is missing from 
the on-file layout version 3:
   float dNdx; //
Warning in <TStreamerInfo::CompareContent>: The following data member of
the in-memory layout version 3 of class 'Track' is missing from 
the on-file layout version 3:
   float ErrorP; //
Warning in <TStreamerInfo::CompareContent>: The following data member of
the in-memory layout version 3 of class 'Track' is missing from 
the on-file layout version 3:
   float ErrorPT; //
Warning in <TStreamerInfo::CompareContent>: The following data member of
the in-memory layout version 3 of class 'Track' is missing from 
the on-file layout version 3:
   float ErrorPhi; //
Warning in <TStreamerInfo::CompareContent>: The following data member of
the in-memory layout version 3 of class 'Track' is missing from 
the on-file layout version 3:
   float ErrorCtgTheta; //
Warning in <TStreamerInfo::CompareContent>: The following data member of
the in-memory layout version 3 of class 'Track' is missing from 
the on-file layout version 3:
   float ErrorT; //
Warning in <TStreamerInfo::CompareContent>: The following data member of
the in-memory layout version 3 of class 'Track' is missing from 
the on-file layout version 3:
   float ErrorD0; //
Warning in <TStreamerInfo::CompareContent>: The following data member of
the in-memory layout version 3 of class 'Track' is missing from 
the on-file layout version 3:
   float ErrorDZ; //
Warning in <TStreamerInfo::CompareContent>: The following data member of
the in-memory layout version 3 of class 'Track' is missing from 
the on-file layout version 3:
   float ErrorC; //
Warning in <TStreamerInfo::CompareContent>: The following data member of
the in-memory layout version 3 of class 'Track' is missing from 
the on-file layout version 3:
   float ErrorD0Phi; //
Warning in <TStreamerInfo::CompareContent>: The following data member of
the in-memory layout version 3 of class 'Track' is missing from 
the on-file layout version 3:
   float ErrorD0C; //
Warning in <TStreamerInfo::CompareContent>: The following data member of
the in-memory layout version 3 of class 'Track' is missing from 
the on-file layout version 3:
   float ErrorD0DZ; //
Warning in <TStreamerInfo::CompareContent>: The following data member of
the in-memory layout version 3 of class 'Track' is missing from 
the on-file layout version 3:
   float ErrorD0CtgTheta; //
Warning in <TStreamerInfo::CompareContent>: The following data member of
the in-memory layout version 3 of class 'Track' is missing from 
the on-file layout version 3:
   float ErrorPhiC; //
Warning in <TStreamerInfo::CompareContent>: The following data member of
the in-memory layout version 3 of class 'Track' is missing from 
the on-file layout version 3:
   float ErrorPhiDZ; //
Warning in <TStreamerInfo::CompareContent>: The following data member of
the in-memory layout version 3 of class 'Track' is missing from 
the on-file layout version 3:
   float ErrorPhiCtgTheta; //
Warning in <TStreamerInfo::CompareContent>: The following data member of
the in-memory layout version 3 of class 'Track' is missing from 
the on-file layout version 3:
   float ErrorCDZ; //
Warning in <TStreamerInfo::CompareContent>: The following data member of
the in-memory layout version 3 of class 'Track' is missing from 
the on-file layout version 3:
   float ErrorCCtgTheta; //
Warning in <TStreamerInfo::CompareContent>: The following data member of
the in-memory layout version 3 of class 'Track' is missing from 
the on-file layout version 3:
   float ErrorDZCtgTheta; //
Warning in <TStreamerInfo::CompareContent>: The following data member of
the in-memory layout version 3 of class 'Track' is missing from 
the on-file layout version 3:
   TRef Particle; //
Warning in <TStreamerInfo::CompareContent>: The following data member of
the in-memory layout version 3 of class 'Track' is missing from 
the on-file layout version 3:
   int VertexIndex; //

Initiating Calibration...

Calibration's result:
Jet Energy Calibration gives following Jet Energy Response:
0.95, 0.95, 0.94, 0.95, 0.95, 0.95, 0.97, 0.95, 0.94, 0.95, 
0.94, 0.9, 0.95, 0.96, 0.97, 0.97, 0.97, 0.96, 0.95, 0.92, 
0.95, 0.95, 0.98, 0.97, 0.98, 1, 0.95, 0.97, 0.96, 0.94, 
0.91, 0.95, 0.97, 0.96, 0.96, 0.96, 0.97, 0.97, 0.96, 0.94, 
0.89, 0.97, 0.95, 0.98, 0.97, 0.98, 0.99, 0.97, 0.97, 0.93, 
0.92, 0.97, 1.01, 0.98, 0.99, 0.97, 0.97, 0.98, 0.97, 0.88, 
0.89, 0.97, 0.98, 0.98, 0.99, 0.98, 1, 0.99, 1.01, 0.92, 
0.91, 0.99, 0.98, 1, 0.99, 0.99, 1, 0.98, 0.99, 0.91, 
0.92, 0.98, 0.99, 1.01, 1, 1, 0.99, 0.99, 0.99, 0.94, 
0.89, 0.98, 0.98, 0.98, 0.98, 0.98, 0.99, 0.98, 0.98, 0.91, 

Number of Jets included in calculation
371, 1845, 2052, 1934, 1767, 1751, 1846, 2021, 2044, 1181, 
62, 70, 60, 62, 75, 62, 69, 76, 60, 93, 
64, 75, 80, 80, 84, 70, 75, 72, 63, 102, 
51, 80, 94, 102, 99, 88, 98, 92, 93, 110, 
80, 95, 128, 105, 115, 119, 114, 107, 101, 104, 
71, 136, 163, 161, 164, 173, 149, 154, 131, 137, 
109, 209, 208, 233, 196, 202, 215, 190, 182, 183, 
204, 357, 335, 303, 332, 298, 302, 331, 311, 333, 
352, 755, 638, 638, 653, 621, 633, 618, 737, 673, 
492, 1192, 1036, 976, 965, 925, 953, 1095, 1098, 1007, 

Calibration all done! Quit...
Warning in <TStreamerInfo::BuildCheck>: 
   The StreamerInfo for version 2 of class GenParticle read from the file /nfs_scratch/hjia38/Delphes_tau_6TeV/sig_tau_6TeV.root
   has a different checksum than the previously loaded StreamerInfo.
   Reading objects of type GenParticle from the file /nfs_scratch/hjia38/Delphes_tau_6TeV/sig_tau_6TeV.root 
   (and potentially other files) might not work correctly.
   Most likely the version number of the class was not properly
   updated [See ClassDef(GenParticle,2)].
Warning in <TStreamerInfo::CompareContent>: The following data member of
the on-file layout version 2 of class 'GenParticle' differs from 
the in-memory layout version 2:
   float T; //number
vs
   float CtgTheta; //number
Warning in <TStreamerInfo::CompareContent>: The following data member of
the on-file layout version 2 of class 'GenParticle' differs from 
the in-memory layout version 2:
   float X; //number
vs
   float D0; //number
Warning in <TStreamerInfo::CompareContent>: The following data member of
the on-file layout version 2 of class 'GenParticle' differs from 
the in-memory layout version 2:
   float Y; //number
vs
   float DZ; //number
Warning in <TStreamerInfo::CompareContent>: The following data member of
the on-file layout version 2 of class 'GenParticle' differs from 
the in-memory layout version 2:
   float Z; //number
vs
   float T; //number
Warning in <TStreamerInfo::CompareContent>: The following data member of
the in-memory layout version 2 of class 'GenParticle' is missing from 
the on-file layout version 2:
   float X; //number
Warning in <TStreamerInfo::CompareContent>: The following data member of
the in-memory layout version 2 of class 'GenParticle' is missing from 
the on-file layout version 2:
   float Y; //number
Warning in <TStreamerInfo::CompareContent>: The following data member of
the in-memory layout version 2 of class 'GenParticle' is missing from 
the on-file layout version 2:
   float Z; //number

///////////////////////////////////////////////////
Initiating pairing algorithm...
beta1 = 1.59317
bphi1 = 3.1249
bpt1 = 77.1861
beta2 = 0.902423
bphi2 = 2.99493
bpt2 = 27.0544
entry = 7
beta1 = 1.8673
bphi1 = 2.45682
bpt1 = 94.7678
beta2 = 2.37868
bphi2 = 2.92828
bpt2 = 47.4134
entry = 120
beta1 = -1.74131
bphi1 = 1.43557
bpt1 = 41.975
beta2 = -2.22511
bphi2 = 1.05497
bpt2 = 21.526
entry = 587
beta1 = -2.20919
bphi1 = -2.76428
bpt1 = 25.7444
beta2 = -1.11729
bphi2 = -1.0019
bpt2 = 22.7927
entry = 847
beta1 = 2.15633
bphi1 = -0.573618
bpt1 = 38.4781
beta2 = 1.7157
bphi2 = 0.313412
bpt2 = 30.8476
entry = 1279
beta1 = -0.965721
bphi1 = -2.09743
bpt1 = 128.62
beta2 = -0.843633
bphi2 = -2.74265
bpt2 = 29.4556
entry = 1499
beta1 = 2.34645
bphi1 = -1.24473
bpt1 = 21.0692
beta2 = 1.92792
bphi2 = -2.85901
bpt2 = 20.4038
entry = 1809
beta1 = -1.84516
bphi1 = 1.92242
bpt1 = 137.821
beta2 = -1.33732
bphi2 = 2.19442
bpt2 = 23.8186
entry = 1889
beta1 = 0.146124
bphi1 = -0.341668
bpt1 = 61.7544
beta2 = -0.334766
bphi2 = -0.512066
bpt2 = 35.1593
entry = 1969
beta1 = -0.0282539
bphi1 = 2.15166
bpt1 = 41.8622
beta2 = -0.650699
bphi2 = 2.92174
bpt2 = 40.2152
entry = 2233
beta1 = -1.45433
bphi1 = -1.88766
bpt1 = 30.0318
beta2 = -2.35646
bphi2 = -0.495437
bpt2 = 27.6137
entry = 2280
beta1 = -0.776007
bphi1 = -2.26705
bpt1 = 42.1369
beta2 = -1.33513
bphi2 = 2.65527
bpt2 = 25.2072
entry = 2323
beta1 = -2.20834
bphi1 = 0.779361
bpt1 = 46.9982
beta2 = -2.21162
bphi2 = 1.52679
bpt2 = 45.2604
entry = 2896
beta1 = -2.35518
bphi1 = -1.05199
bpt1 = 34.9588
beta2 = -2.30449
bphi2 = 1.14833
bpt2 = 21.2324
entry = 3484
beta1 = -2.32834
bphi1 = -1.49321
bpt1 = 48.3339
beta2 = -2.28665
bphi2 = -2.2259
bpt2 = 20.3196
entry = 3795
beta1 = 1.26986
bphi1 = -0.52261
bpt1 = 99.7307
beta2 = 1.48843
bphi2 = -1.1329
bpt2 = 31.1163
entry = 4250
beta1 = 2.07441
bphi1 = 0.391494
bpt1 = 42.3392
beta2 = 2.44023
bphi2 = -0.981859
bpt2 = 30.856
entry = 4718
beta1 = 1.25034
bphi1 = 1.81751
bpt1 = 72.917
beta2 = 0.652618
bphi2 = 1.35094
bpt2 = 21.7818
entry = 4741
beta1 = 1.72671
bphi1 = -0.798614
bpt1 = 43.1083
beta2 = 1.42186
bphi2 = -0.153435
bpt2 = 22.2444
entry = 4769
beta1 = -1.11954
bphi1 = -1.69557
bpt1 = 29.5992
beta2 = -1.26897
bphi2 = -1.09969
bpt2 = 25.5327
entry = 4936
beta1 = 2.01847
bphi1 = -2.26728
bpt1 = 75.8054
beta2 = 2.39443
bphi2 = -2.8349
bpt2 = 33.8692
entry = 5744
beta1 = 1.9772
bphi1 = 0.974459
bpt1 = 69.7898
beta2 = 2.43546
bphi2 = 0.620269
bpt2 = 28.4343
entry = 5827
beta1 = 2.10714
bphi1 = -0.456669
bpt1 = 105.584
beta2 = 2.05702
bphi2 = 0.207044
bpt2 = 24.5591
entry = 6243
beta1 = 0.865121
bphi1 = -1.67604
bpt1 = 34.2871
beta2 = 1.33466
bphi2 = -0.154624
bpt2 = 32.4134
entry = 6413
beta1 = -1.24755
bphi1 = -1.02514
bpt1 = 58.9473
beta2 = -2.25525
bphi2 = -0.6905
bpt2 = 23.5667
entry = 6613
beta1 = 0.86537
bphi1 = 0.214573
bpt1 = 23.0248
beta2 = 0.43039
bphi2 = -2.07082
bpt2 = 21.5363
entry = 7195
beta1 = 1.67408
bphi1 = -1.78877
bpt1 = 85.335
beta2 = 1.16586
bphi2 = -1.95836
bpt2 = 49.0955
entry = 7484
beta1 = -1.94258
bphi1 = -2.98524
bpt1 = 33.1372
beta2 = -1.37521
bphi2 = -2.65593
bpt2 = 21.5008
entry = 8580
beta1 = -1.33197
bphi1 = 0.643129
bpt1 = 47.3594
beta2 = -0.919856
bphi2 = 0.125719
bpt2 = 28.8669
entry = 8662
beta1 = -0.950493
bphi1 = 0.857181
bpt1 = 68.4921
beta2 = -1.05689
bphi2 = 1.37659
bpt2 = 32.5927
entry = 9024
beta1 = 1.51511
bphi1 = 0.41272
bpt1 = 48.037
beta2 = 0.887241
bphi2 = 0.504048
bpt2 = 26.7194
entry = 9181
beta1 = 2.37273
bphi1 = -1.92407
bpt1 = 48.7802
beta2 = 1.56072
bphi2 = -3.09878
bpt2 = 25.0832
entry = 10385
beta1 = 0.35948
bphi1 = 2.70611
bpt1 = 85.9607
beta2 = 0.458723
bphi2 = -2.97745
bpt2 = 36.3775
entry = 10652
beta1 = 1.47316
bphi1 = 1.48203
bpt1 = 48.9299
beta2 = 1.98398
bphi2 = 0.600797
bpt2 = 35.0667
entry = 10748
beta1 = 1.8074
bphi1 = -2.90949
bpt1 = 49.7935
beta2 = 1.13796
bphi2 = -2.1829
bpt2 = 28.831
entry = 11162
beta1 = 1.52975
bphi1 = -0.601132
bpt1 = 22.4918
beta2 = 1.89315
bphi2 = -2.44586
bpt2 = 21.0698
entry = 12173
beta1 = -0.902416
bphi1 = 1.59613
bpt1 = 63.8495
beta2 = -0.645755
bphi2 = 2.16476
bpt2 = 32.5295
entry = 12252
beta1 = -1.91746
bphi1 = 1.48745
bpt1 = 28.9182
beta2 = -0.903303
bphi2 = -3.10369
bpt2 = 23.5769
entry = 13028
beta1 = -1.42467
bphi1 = 0.0752665
bpt1 = 34.0881
beta2 = -0.602987
bphi2 = -0.0994718
bpt2 = 22.9029
entry = 13660
beta1 = 1.30768
bphi1 = -0.622342
bpt1 = 62.63
beta2 = 2.22652
bphi2 = -0.583604
bpt2 = 21.1628
entry = 13746
beta1 = 0.279
bphi1 = -3.09038
bpt1 = 27.2346
beta2 = -0.265576
bphi2 = 2.62536
bpt2 = 20.6142
entry = 13760
beta1 = -1.08383
bphi1 = -1.93774
bpt1 = 54.8188
beta2 = -0.83648
bphi2 = -1.30548
bpt2 = 24.4916
entry = 14182
beta1 = -0.0908762
bphi1 = 0.769196
bpt1 = 47.7829
beta2 = -0.412811
bphi2 = 2.16749
bpt2 = 26.812
entry = 14254
beta1 = -1.29313
bphi1 = 2.68394
bpt1 = 49.4946
beta2 = -0.674561
bphi2 = 2.07371
bpt2 = 35.198
entry = 14871
beta1 = 1.5046
bphi1 = 3.04803
bpt1 = 45.3242
beta2 = 1.8096
bphi2 = 2.52159
bpt2 = 43.7506
entry = 14886
beta1 = -1.68675
bphi1 = 1.41935
bpt1 = 39.7317
beta2 = -2.16976
bphi2 = 0.754918
bpt2 = 32.0873
entry = 14887
beta1 = 2.44238
bphi1 = 1.24274
bpt1 = 29.8798
beta2 = 1.96009
bphi2 = 2.04913
bpt2 = 24.3848
entry = 15070
beta1 = 0.283959
bphi1 = 2.33517
bpt1 = 35.8931
beta2 = 0.246218
bphi2 = 2.83833
bpt2 = 22.3164
entry = 15366
beta1 = -1.60565
bphi1 = -0.302178
bpt1 = 54.6492
beta2 = -0.92601
bphi2 = -1.09037
bpt2 = 24.2176
entry = 15465
beta1 = 2.06473
bphi1 = 1.95902
bpt1 = 39.2997
beta2 = 1.26428
bphi2 = 2.32447
bpt2 = 29.8415
entry = 15517
beta1 = 2.04948
bphi1 = 2.03622
bpt1 = 124.729
beta2 = 2.38473
bphi2 = 1.33964
bpt2 = 26.5326
entry = 16502
beta1 = 1.3244
bphi1 = 0.497933
bpt1 = 48.558
beta2 = 0.567136
bphi2 = 0.532297
bpt2 = 20.0718
entry = 16576
beta1 = -2.16576
bphi1 = 1.45627
bpt1 = 75.3395
beta2 = -1.81023
bphi2 = 2.18631
bpt2 = 34.6564
entry = 16577
beta1 = -0.599732
bphi1 = -1.98532
bpt1 = 63.9443
beta2 = -1.08888
bphi2 = -2.31928
bpt2 = 22.9871
entry = 17147
beta1 = 0.961882
bphi1 = 0.465073
bpt1 = 86.8642
beta2 = 1.71859
bphi2 = 0.179767
bpt2 = 21.6398
entry = 17148
beta1 = -2.2052
bphi1 = 2.05622
bpt1 = 41.7752
beta2 = -2.10379
bphi2 = 1.2085
bpt2 = 20.7299
entry = 17221
beta1 = -1.49826
bphi1 = 0.387124
bpt1 = 30.8539
beta2 = -1.809
bphi2 = 1.68002
bpt2 = 20.6028
entry = 18181
beta1 = -1.61218
bphi1 = 3.11449
bpt1 = 35.4692
beta2 = -1.13952
bphi2 = -2.11384
bpt2 = 20.8711
entry = 20071
beta1 = -1.5808
bphi1 = -1.07538
bpt1 = 46.8824
beta2 = -2.24621
bphi2 = -0.192726
bpt2 = 31.941
entry = 21008
beta1 = -1.35914
bphi1 = -2.49133
bpt1 = 32.5384
beta2 = -1.15363
bphi2 = 2.4407
bpt2 = 29.7432
entry = 21448
beta1 = 1.75588
bphi1 = 2.08561
bpt1 = 83.6457
beta2 = 2.26211
bphi2 = 2.37012
bpt2 = 36.6754
entry = 21660
beta1 = 1.90455
bphi1 = -1.8538
bpt1 = 83.1092
beta2 = 2.05168
bphi2 = -1.24028
bpt2 = 41.2878
entry = 21666
beta1 = 2.3
bphi1 = -2.42742
bpt1 = 63.1886
beta2 = 1.71857
bphi2 = -2.36985
bpt2 = 25.7872
entry = 22132
beta1 = -1.71654
bphi1 = 1.16322
bpt1 = 61.1801
beta2 = -1.77074
bphi2 = 1.78322
bpt2 = 29.6664
entry = 22525
beta1 = 0.428292
bphi1 = -1.9424
bpt1 = 59.6787
beta2 = 0.688158
bphi2 = -2.69066
bpt2 = 33.797
entry = 22872
beta1 = 2.00994
bphi1 = 1.07329
bpt1 = 26.7873
beta2 = 1.23953
bphi2 = 1.97344
bpt2 = 26.0641
entry = 22968
beta1 = 1.79378
bphi1 = 0.152958
bpt1 = 43.6838
beta2 = 0.996795
bphi2 = 1.18718
bpt2 = 25.4388
entry = 23363
beta1 = -0.0407013
bphi1 = -0.162802
bpt1 = 47.2179
beta2 = -0.540634
bphi2 = -0.04825
bpt2 = 34.3007
entry = 23697
beta1 = 1.78036
bphi1 = -2.41198
bpt1 = 33.2671
beta2 = 1.11617
bphi2 = -1.0773
bpt2 = 24.8077
entry = 23889
beta1 = -0.0819872
bphi1 = -1.8171
bpt1 = 94.8645
beta2 = 0.0162731
bphi2 = -1.13793
bpt2 = 41.9271
entry = 24583
beta1 = -1.63373
bphi1 = 2.09026
bpt1 = 32.7036
beta2 = -1.25651
bphi2 = 2.79288
bpt2 = 25.9641
entry = 25067
beta1 = -2.1433
bphi1 = 0.0496957
bpt1 = 55.5594
beta2 = -1.84258
bphi2 = 0.615615
bpt2 = 22.2525
entry = 25532
beta1 = 1.81792
bphi1 = 1.45363
bpt1 = 38.2117
beta2 = 2.29326
bphi2 = 2.34288
bpt2 = 23.4281
entry = 25723
beta1 = 1.19901
bphi1 = 2.47139
bpt1 = 73.9736
beta2 = 1.3873
bphi2 = 3.03913
bpt2 = 34.2546
entry = 26428
beta1 = 1.91983
bphi1 = 2.02138
bpt1 = 111.572
beta2 = 1.36963
bphi2 = 1.99379
bpt2 = 20.1944
entry = 27194
beta1 = -1.45869
bphi1 = -0.671769
bpt1 = 27.3171
beta2 = -0.977929
bphi2 = 0.705537
bpt2 = 20.2827
entry = 28448
beta1 = 1.48017
bphi1 = -2.0767
bpt1 = 55.5652
beta2 = 0.670246
bphi2 = -2.52631
bpt2 = 22.7462
entry = 28748
beta1 = 1.71022
bphi1 = 2.94112
bpt1 = 24.142
beta2 = 1.60165
bphi2 = -2.20576
bpt2 = 23.5953
entry = 28916
beta1 = -0.579546
bphi1 = 2.02155
bpt1 = 44.8685
beta2 = 0.174448
bphi2 = 1.94376
bpt2 = 23.7488
entry = 29043
beta1 = -2.00201
bphi1 = -1.21067
bpt1 = 51.341
beta2 = -1.78287
bphi2 = -1.96185
bpt2 = 23.4761
entry = 29199
beta1 = 1.60152
bphi1 = 3.04641
bpt1 = 91.5186
beta2 = 0.947295
bphi2 = -2.8407
bpt2 = 22.3615
entry = 29535
beta1 = -2.25512
bphi1 = -2.2088
bpt1 = 29.2099
beta2 = -2.28312
bphi2 = 2.7087
bpt2 = 22.3525
entry = 29598
beta1 = -1.80279
bphi1 = -1.86911
bpt1 = 184.575
beta2 = -2.3393
bphi2 = -2.15222
bpt2 = 28.4998
entry = 29774
beta1 = 2.03987
bphi1 = -0.0325659
bpt1 = 50.1444
beta2 = 0.954974
bphi2 = -0.819568
bpt2 = 23.1949
entry = 30434
beta1 = 1.06002
bphi1 = 1.79288
bpt1 = 58.9072
beta2 = 0.736229
bphi2 = 0.558142
bpt2 = 24.8865
entry = 30916
beta1 = -2.28654
bphi1 = 1.7934
bpt1 = 83.8293
beta2 = -2.0585
bphi2 = 0.825655
bpt2 = 26.0091
entry = 31609
beta1 = -1.85395
bphi1 = 1.95265
bpt1 = 23.0874
beta2 = -1.45669
bphi2 = -1.25667
bpt2 = 22.074
entry = 31888
beta1 = 0.705117
bphi1 = 1.07391
bpt1 = 45.2921
beta2 = 0.184315
bphi2 = 0.56485
bpt2 = 29.1233
entry = 32990
beta1 = -1.72138
bphi1 = 1.9338
bpt1 = 49.9036
beta2 = -1.99584
bphi2 = 2.63222
bpt2 = 35.9711
entry = 33251
beta1 = 1.78681
bphi1 = -2.08705
bpt1 = 52.1134
beta2 = 1.74667
bphi2 = -1.48021
bpt2 = 31.9305
entry = 33424
beta1 = -1.02176
bphi1 = -0.985273
bpt1 = 65.2052
beta2 = -0.573744
bphi2 = -0.312324
bpt2 = 34.0336
entry = 33749
beta1 = -1.60537
bphi1 = 2.19415
bpt1 = 55.362
beta2 = -1.18464
bphi2 = 1.77623
bpt2 = 42.6782
entry = 33911
beta1 = 2.07655
bphi1 = 1.23556
bpt1 = 50.1259
beta2 = 1.68569
bphi2 = 0.756242
bpt2 = 43.6383
entry = 34198
beta1 = 0.436257
bphi1 = 1.73679
bpt1 = 63.5385
beta2 = 0.114887
bphi2 = 2.51161
bpt2 = 44.4336
entry = 34333
beta1 = 0.77305
bphi1 = -0.207927
bpt1 = 49.0238
beta2 = 1.19111
bphi2 = 0.54722
bpt2 = 29.7013
entry = 34615
beta1 = 0.510743
bphi1 = 1.12956
bpt1 = 42.8294
beta2 = -0.0917018
bphi2 = 0.727077
bpt2 = 30.0038
entry = 34656
beta1 = -1.12924
bphi1 = 2.22507
bpt1 = 67.3986
beta2 = -0.475784
bphi2 = 2.27576
bpt2 = 29.9134
entry = 35242
beta1 = -1.86581
bphi1 = -0.799564
bpt1 = 73.4011
beta2 = -1.47446
bphi2 = -1.32242
bpt2 = 52.018
entry = 35363
beta1 = 1.6077
bphi1 = 2.42884
bpt1 = 95.4576
beta2 = 1.85146
bphi2 = 1.51466
bpt2 = 26.1321
entry = 35480
beta1 = -2.30139
bphi1 = 1.06742
bpt1 = 45.1821
beta2 = -2.30128
bphi2 = 1.8276
bpt2 = 22.115
entry = 35642
beta1 = 2.18293
bphi1 = -1.82906
bpt1 = 61.8184
beta2 = 2.06712
bphi2 = -1.24532
bpt2 = 42.7192
entry = 37906
beta1 = 1.17792
bphi1 = -0.550754
bpt1 = 37.2056
beta2 = 0.384006
bphi2 = -1.18909
bpt2 = 35.4918
entry = 38389
beta1 = 0.417348
bphi1 = -2.62931
bpt1 = 68.5556
beta2 = -0.0936386
bphi2 = -2.18769
bpt2 = 64.6021
entry = 38557
beta1 = 1.75295
bphi1 = -0.415383
bpt1 = 55.5161
beta2 = 2.43765
bphi2 = 0.353431
bpt2 = 29.3951
entry = 38960
beta1 = -1.86984
bphi1 = -1.07785
bpt1 = 90.895
beta2 = -1.68588
bphi2 = -1.77128
bpt2 = 26.2399
entry = 39209
beta1 = 0.274817
bphi1 = 1.05192
bpt1 = 36.1424
beta2 = 1.7446
bphi2 = 0.981906
bpt2 = 23.509
entry = 39381
beta1 = -1.20327
bphi1 = -1.54307
bpt1 = 91.4744
beta2 = -1.93798
bphi2 = -0.981508
bpt2 = 20.5405
entry = 39430
beta1 = -1.54255
bphi1 = 2.02661
bpt1 = 43.5136
beta2 = -1.03795
bphi2 = 0.463843
bpt2 = 20.7949
entry = 39432
beta1 = -1.80544
bphi1 = 2.32209
bpt1 = 29.6891
beta2 = -1.57726
bphi2 = -3.13256
bpt2 = 27.8874
entry = 39525
beta1 = 1.89498
bphi1 = 2.18143
bpt1 = 53.8199
beta2 = 0.994538
bphi2 = 2.46367
bpt2 = 36.72
entry = 40209
beta1 = 1.00022
bphi1 = 1.80358
bpt1 = 63.683
beta2 = 1.88403
bphi2 = 1.69298
bpt2 = 36.7807
entry = 40485
beta1 = -1.05301
bphi1 = 2.85617
bpt1 = 61.5582
beta2 = -1.97272
bphi2 = 2.97564
bpt2 = 37.3327
entry = 40566
beta1 = 1.77164
bphi1 = -0.131767
bpt1 = 125.449
beta2 = 1.22649
bphi2 = -0.376949
bpt2 = 29.2811
entry = 40806
beta1 = -1.71413
bphi1 = -2.29022
bpt1 = 47.4705
beta2 = -1.63352
bphi2 = -3.12536
bpt2 = 40.4328
entry = 41060
beta1 = -1.64175
bphi1 = -2.42524
bpt1 = 28.0254
beta2 = -1.63957
bphi2 = -0.995147
bpt2 = 27.4435
entry = 41082
beta1 = 0.686915
bphi1 = 1.7966
bpt1 = 60.3124
beta2 = 0.394934
bphi2 = 1.29907
bpt2 = 29.0896
entry = 41161
beta1 = 1.60607
bphi1 = 0.454753
bpt1 = 31.5163
beta2 = 2.39706
bphi2 = 0.226274
bpt2 = 29.6367
entry = 41575
beta1 = 0.287637
bphi1 = -0.641977
bpt1 = 37.9271
beta2 = 1.05378
bphi2 = -0.0499064
bpt2 = 36.9893
entry = 42115
beta1 = -1.37061
bphi1 = 0.500176
bpt1 = 49.2478
beta2 = -1.86607
bphi2 = -0.337068
bpt2 = 40.6641
entry = 42334
beta1 = 2.26959
bphi1 = -2.72002
bpt1 = 26.9103
beta2 = 1.81638
bphi2 = 1.03488
bpt2 = 21.577
entry = 42533
beta1 = -2.17282
bphi1 = -2.82888
bpt1 = 54.739
beta2 = -1.07817
bphi2 = -2.9261
bpt2 = 31.2949
entry = 42590
beta1 = 1.9591
bphi1 = -1.55747
bpt1 = 67.2428
beta2 = 1.36573
bphi2 = -1.83814
bpt2 = 25.5271
entry = 42817
beta1 = 1.56541
bphi1 = 0.384993
bpt1 = 41.6161
beta2 = 1.35969
bphi2 = -0.292265
bpt2 = 33.7462
entry = 42849
beta1 = 2.34466
bphi1 = 1.84975
bpt1 = 101.292
beta2 = 2.19369
bphi2 = 0.960258
bpt2 = 23.1464
entry = 43003
beta1 = -1.82652
bphi1 = 2.97015
bpt1 = 27.6766
beta2 = -1.8762
bphi2 = 0.408887
bpt2 = 22.5241
entry = 43132
beta1 = 1.47134
bphi1 = 0.0157738
bpt1 = 88.7243
beta2 = 1.29877
bphi2 = -0.695157
bpt2 = 31.1368
entry = 43323
beta1 = -2.02666
bphi1 = 1.27312
bpt1 = 53.614
beta2 = -1.54282
bphi2 = 1.51397
bpt2 = 41.784
entry = 43416
beta1 = -1.01538
bphi1 = 0.136018
bpt1 = 27.1324
beta2 = -0.495501
bphi2 = -1.35211
bpt2 = 22.6608
entry = 43593
beta1 = -2.25373
bphi1 = -1.96516
bpt1 = 197.919
beta2 = -2.48888
bphi2 = -1.48581
bpt2 = 42.1079
entry = 43725
beta1 = -1.47711
bphi1 = -3.00449
bpt1 = 67.573
beta2 = -0.87232
bphi2 = 2.59525
bpt2 = 32.1754
entry = 44099
beta1 = -2.15089
bphi1 = -0.405719
bpt1 = 97.462
beta2 = -2.01668
bphi2 = -1.10331
bpt2 = 33.1494
entry = 44404
beta1 = -0.483225
bphi1 = 2.84944
bpt1 = 144.384
beta2 = -0.851004
bphi2 = 2.49017
bpt2 = 38.9042
entry = 44645
beta1 = -2.13946
bphi1 = -1.72457
bpt1 = 59.2779
beta2 = -2.10717
bphi2 = -2.73777
bpt2 = 31.6326
entry = 45740
beta1 = 1.16309
bphi1 = 0.107542
bpt1 = 26.354
beta2 = 1.85951
bphi2 = -1.10821
bpt2 = 25.2884
entry = 46359
beta1 = -0.749883
bphi1 = -0.943984
bpt1 = 38.0387
beta2 = -0.114598
bphi2 = -0.738491
bpt2 = 34.3586
entry = 47298
beta1 = 0.948078
bphi1 = 0.801425
bpt1 = 34.1979
beta2 = 1.3849
bphi2 = 0.380781
bpt2 = 26.4398
entry = 48227
beta1 = -2.26826
bphi1 = -2.92925
bpt1 = 39.9634
beta2 = -2.19757
bphi2 = 1.50162
bpt2 = 22.4511
entry = 48488
beta1 = -0.513366
bphi1 = -0.644631
bpt1 = 61.8027
beta2 = -0.520069
bphi2 = 0.0618949
bpt2 = 51.1024
entry = 49377
beta1 = 2.0947
bphi1 = -1.73716
bpt1 = 67.6091
beta2 = 2.40149
bphi2 = -1.20902
bpt2 = 22.84
entry = 50202
beta1 = -2.21023
bphi1 = 1.8536
bpt1 = 44.9166
beta2 = -1.87978
bphi2 = 1.26143
bpt2 = 41.588
entry = 50363
beta1 = 2.16337
bphi1 = -2.79765
bpt1 = 77.7122
beta2 = 1.58075
bphi2 = 2.90677
bpt2 = 26.9271
entry = 50440
beta1 = 1.62747
bphi1 = 2.88063
bpt1 = 38.1276
beta2 = 2.24571
bphi2 = 3.12198
bpt2 = 24.7929
entry = 50998
beta1 = 2.01018
bphi1 = 1.56093
bpt1 = 53.6381
beta2 = 1.58549
bphi2 = 0.850617
bpt2 = 44.0335
entry = 51380
beta1 = 1.29865
bphi1 = -0.387241
bpt1 = 121.098
beta2 = 1.73148
bphi2 = 0.243482
bpt2 = 22.9808
entry = 51474
beta1 = 2.10267
bphi1 = -0.0691653
bpt1 = 36.7363
beta2 = 2.10761
bphi2 = 0.799253
bpt2 = 32.6473
entry = 51564
beta1 = -2.02613
bphi1 = -2.74213
bpt1 = 28.0994
beta2 = -1.81316
bphi2 = -0.494152
bpt2 = 21.0923
entry = 51597
beta1 = -1.59023
bphi1 = -0.517186
bpt1 = 22.9933
beta2 = -0.937052
bphi2 = 2.5008
bpt2 = 22.3277
entry = 51826
beta1 = 0.496283
bphi1 = 2.1543
bpt1 = 52.3075
beta2 = 0.570826
bphi2 = 1.02871
bpt2 = 32.6354
entry = 53023
beta1 = -1.61654
bphi1 = -1.80973
bpt1 = 55.9892
beta2 = -1.46282
bphi2 = -0.940288
bpt2 = 31.8625
entry = 53065
beta1 = -2.06155
bphi1 = -0.390735
bpt1 = 48.007
beta2 = -1.87972
bphi2 = -1.4594
bpt2 = 35.3762
entry = 53330
beta1 = -2.1731
bphi1 = 1.01186
bpt1 = 57.2213
beta2 = -2.37471
bphi2 = 2.33593
bpt2 = 25.6755
entry = 53493
beta1 = -1.52055
bphi1 = 3.08714
bpt1 = 62.9896
beta2 = -0.838459
bphi2 = 2.00804
bpt2 = 23.5161
entry = 53722
beta1 = 1.63138
bphi1 = 1.45277
bpt1 = 60.5899
beta2 = 1.98314
bphi2 = 0.650508
bpt2 = 21.6854
entry = 54030
beta1 = 0.977688
bphi1 = -0.939683
bpt1 = 37.7563
beta2 = 1.04805
bphi2 = -1.5257
bpt2 = 37.1472
entry = 54207
beta1 = -0.933232
bphi1 = 1.07804
bpt1 = 34.3863
beta2 = -1.60726
bphi2 = 0.691882
bpt2 = 30.2946
entry = 54379
beta1 = 1.73018
bphi1 = -1.49874
bpt1 = 81.5806
beta2 = 2.2054
bphi2 = -1.08427
bpt2 = 26.5335
entry = 54460
beta1 = -1.87334
bphi1 = -1.06522
bpt1 = 84.9288
beta2 = -1.4995
bphi2 = -1.44498
bpt2 = 53.2903
entry = 54840
beta1 = 1.79648
bphi1 = 2.27608
bpt1 = 53.9596
beta2 = 1.02992
bphi2 = 2.63711
bpt2 = 38.0448
entry = 56530
beta1 = -0.0535963
bphi1 = -0.49845
bpt1 = 37.5256
beta2 = 0.666605
bphi2 = -0.223032
bpt2 = 26.3279
entry = 57066
beta1 = 1.87032
bphi1 = -0.897251
bpt1 = 138.785
beta2 = 2.20624
bphi2 = -1.34858
bpt2 = 23.4777
entry = 57776
beta1 = 1.89539
bphi1 = -1.07318
bpt1 = 36.9984
beta2 = 1.19682
bphi2 = -2.12351
bpt2 = 29.0908
entry = 58064
beta1 = -2.0599
bphi1 = 0.147849
bpt1 = 78.4805
beta2 = -1.84524
bphi2 = -0.548537
bpt2 = 43.2006
entry = 58859
beta1 = 2.07693
bphi1 = -0.716359
bpt1 = 88.1769
beta2 = 1.46895
bphi2 = -0.983521
bpt2 = 21.827
entry = 59534
beta1 = 1.56259
bphi1 = -1.21226
bpt1 = 22.9064
beta2 = 1.85737
bphi2 = -0.456236
bpt2 = 20.7013
entry = 60048
beta1 = 2.32557
bphi1 = -0.588743
bpt1 = 76.4804
beta2 = 1.693
bphi2 = -1.33619
bpt2 = 20.9901
entry = 60091
beta1 = 1.5292
bphi1 = 0.877797
bpt1 = 62.7661
beta2 = 1.47562
bphi2 = 1.83337
bpt2 = 33.3605
entry = 60180
beta1 = -1.61523
bphi1 = -2.67073
bpt1 = 104.54
beta2 = -2.35968
bphi2 = 2.98021
bpt2 = 21.821
entry = 60336
beta1 = -1.31598
bphi1 = 0.113258
bpt1 = 44.8563
beta2 = -2.14936
bphi2 = -0.142334
bpt2 = 39.8932
entry = 61407
beta1 = -0.754854
bphi1 = 2.63736
bpt1 = 72.9889
beta2 = -0.262066
bphi2 = 2.92203
bpt2 = 61.2984
entry = 61531
beta1 = 1.4756
bphi1 = 1.34745
bpt1 = 49.8536
beta2 = 1.30925
bphi2 = 0.16917
bpt2 = 31.6344
entry = 62199
beta1 = 1.9676
bphi1 = 2.85329
bpt1 = 50.9201
beta2 = 1.25069
bphi2 = 2.67501
bpt2 = 27.8554
entry = 63341
beta1 = -1.85346
bphi1 = 2.00535
bpt1 = 58.2336
beta2 = -2.23565
bphi2 = 1.62314
bpt2 = 43.6194
entry = 63768
beta1 = -0.245101
bphi1 = -0.249039
bpt1 = 72.0636
beta2 = -0.439522
bphi2 = 0.430584
bpt2 = 26.9071
entry = 64001
beta1 = -0.348547
bphi1 = 2.68548
bpt1 = 53.1035
beta2 = -0.9509
bphi2 = 2.82162
bpt2 = 48.073
entry = 64111
beta1 = 1.5359
bphi1 = -0.922992
bpt1 = 36.6913
beta2 = 1.63701
bphi2 = 0.914479
bpt2 = 21.882
entry = 64116
beta1 = -0.577799
bphi1 = -1.8486
bpt1 = 71.0957
beta2 = -0.390087
bphi2 = -1.18072
bpt2 = 25.3403
entry = 64309
beta1 = 0.264576
bphi1 = -1.89047
bpt1 = 159.802
beta2 = 0.400493
bphi2 = -1.33348
bpt2 = 21.895
entry = 65378
beta1 = -1.89668
bphi1 = 1.677
bpt1 = 103.689
beta2 = -2.29658
bphi2 = 1.20537
bpt2 = 23.006
entry = 65404
beta1 = 2.12503
bphi1 = -0.698322
bpt1 = 31.0773
beta2 = 1.33951
bphi2 = -0.990274
bpt2 = 26.7333
entry = 65462
beta1 = -1.92199
bphi1 = -0.0125732
bpt1 = 41.9159
beta2 = -2.00608
bphi2 = 0.634676
bpt2 = 24.485
entry = 65516
beta1 = 1.91
bphi1 = -1.15367
bpt1 = 177.987
beta2 = 2.43122
bphi2 = -0.824756
bpt2 = 21.7905
entry = 65660
beta1 = -1.85175
bphi1 = -1.73942
bpt1 = 29.6843
beta2 = -1.31225
bphi2 = -1.18259
bpt2 = 22.9508
entry = 66236
beta1 = 1.65457
bphi1 = -0.497961
bpt1 = 42.5817
beta2 = 0.955637
bphi2 = -1.58155
bpt2 = 29.0838
entry = 66458
beta1 = 1.11847
bphi1 = -0.985537
bpt1 = 28.4959
beta2 = 1.35293
bphi2 = 0.47539
bpt2 = 20.8001
entry = 67188
beta1 = 2.23927
bphi1 = -2.73113
bpt1 = 36.4154
beta2 = 0.951849
bphi2 = -2.72871
bpt2 = 27.0037
entry = 67246
beta1 = -0.339776
bphi1 = -0.875553
bpt1 = 47.4138
beta2 = -0.0886062
bphi2 = -0.26157
bpt2 = 23.0009
entry = 68222
beta1 = -1.4749
bphi1 = 2.88129
bpt1 = 81.2207
beta2 = -1.54016
bphi2 = -2.40097
bpt2 = 21.8356
entry = 68679
beta1 = -1.80904
bphi1 = 2.87933
bpt1 = 41.0678
beta2 = -1.19902
bphi2 = -2.49792
bpt2 = 40.9482
entry = 68856
beta1 = 2.30448
bphi1 = -1.02239
bpt1 = 70.8745
beta2 = 2.28874
bphi2 = -0.406677
bpt2 = 45.7632
entry = 69248
beta1 = -1.73871
bphi1 = 2.56639
bpt1 = 56.8329
beta2 = -1.18235
bphi2 = 2.43594
bpt2 = 21.3033
entry = 69252
beta1 = 0.93943
bphi1 = -1.06443
bpt1 = 49.036
beta2 = 1.35374
bphi2 = -1.5998
bpt2 = 25.5302
entry = 69260
beta1 = -0.793428
bphi1 = 2.54293
bpt1 = 56.0272
beta2 = -1.34916
bphi2 = -3.08016
bpt2 = 44.1308
entry = 69476
beta1 = 2.08871
bphi1 = 0.0808745
bpt1 = 44.6037
beta2 = 1.16187
bphi2 = -0.524175
bpt2 = 20.3096
entry = 69617
beta1 = -0.245998
bphi1 = 0.0854632
bpt1 = 58.6913
beta2 = -0.962669
bphi2 = 0.592705
bpt2 = 25.2761
entry = 70389
beta1 = 2.0778
bphi1 = -2.42108
bpt1 = 40.8694
beta2 = 1.562
bphi2 = -2.86641
bpt2 = 28.1336
entry = 70454
beta1 = 1.93972
bphi1 = 1.93284
bpt1 = 36.0519
beta2 = 2.30906
bphi2 = 1.52658
bpt2 = 23.175
entry = 71573
beta1 = 2.06766
bphi1 = -1.9815
bpt1 = 43.8155
beta2 = 1.75205
bphi2 = -1.46499
bpt2 = 21.7015
entry = 71901
beta1 = 0.532458
bphi1 = 2.90753
bpt1 = 61.0108
beta2 = 0.286345
bphi2 = -2.75563
bpt2 = 37.7043
entry = 72478
beta1 = 1.18247
bphi1 = 3.13352
bpt1 = 49.907
beta2 = 0.950655
bphi2 = -2.39134
bpt2 = 29.8328
entry = 72866
beta1 = 0.380805
bphi1 = -2.9549
bpt1 = 33.3671
beta2 = 1.62157
bphi2 = -3.14066
bpt2 = 23.6678
entry = 73207
beta1 = 1.03738
bphi1 = 2.77412
bpt1 = 49.7315
beta2 = 1.26476
bphi2 = 2.09172
bpt2 = 30.0553
entry = 73536
beta1 = -0.804919
bphi1 = 1.09495
bpt1 = 33.8255
beta2 = -0.922184
bphi2 = 0.49539
bpt2 = 30.8932
entry = 73762
beta1 = 0.26104
bphi1 = 1.29794
bpt1 = 29.8579
beta2 = 0.459732
bphi2 = 1.91956
bpt2 = 26.4717
entry = 74256
beta1 = -0.151281
bphi1 = -2.33809
bpt1 = 60.8124
beta2 = 0.382298
bphi2 = -2.54761
bpt2 = 39.2676
entry = 75056
beta1 = 2.07099
bphi1 = -2.36158
bpt1 = 48.3332
beta2 = 1.81547
bphi2 = -1.80241
bpt2 = 41.8016
entry = 75111
beta1 = -1.46283
bphi1 = -0.523651
bpt1 = 55.6093
beta2 = -1.66595
bphi2 = 0.311685
bpt2 = 22.275
entry = 75325
beta1 = 2.35795
bphi1 = -0.617503
bpt1 = 109.866
beta2 = 2.23045
bphi2 = -1.21177
bpt2 = 40.5524
entry = 75638
beta1 = -0.325463
bphi1 = 0.0993541
bpt1 = 65.3193
beta2 = -1.07648
bphi2 = 0.505354
bpt2 = 26.1312
entry = 76212
beta1 = 1.84958
bphi1 = 0.213587
bpt1 = 73.1217
beta2 = 1.23435
bphi2 = 0.0524437
bpt2 = 28.4775
entry = 76664
beta1 = -1.08851
bphi1 = 2.5747
bpt1 = 70.5159
beta2 = -1.78892
bphi2 = 2.59094
bpt2 = 42.1878
entry = 77174
beta1 = 1.85367
bphi1 = -1.96574
bpt1 = 35.5158
beta2 = 1.15463
bphi2 = 2.82148
bpt2 = 21.9047
entry = 77325
beta1 = 0.525397
bphi1 = -0.200451
bpt1 = 54.0151
beta2 = -0.022453
bphi2 = -1.17569
bpt2 = 32.9792
entry = 77374
beta1 = -1.14892
bphi1 = -1.61456
bpt1 = 33.9691
beta2 = -2.43686
bphi2 = -1.81899
bpt2 = 23.764
entry = 77902
beta1 = 1.0733
bphi1 = -2.47303
bpt1 = 84.542
beta2 = 1.69144
bphi2 = -2.75119
bpt2 = 34.1484
entry = 78895
beta1 = 2.06279
bphi1 = 0.493944
bpt1 = 56.1842
beta2 = 1.93841
bphi2 = -0.216381
bpt2 = 53.3422
entry = 79329
beta1 = 1.23352
bphi1 = 0.481541
bpt1 = 40.8462
beta2 = 1.58966
bphi2 = 1.22116
bpt2 = 38.563
entry = 79396
beta1 = 1.94704
bphi1 = 0.633273
bpt1 = 38.0389
beta2 = 0.832603
bphi2 = 0.279171
bpt2 = 21.0412
entry = 79424
beta1 = 2.45483
bphi1 = 1.54535
bpt1 = 23.7764
beta2 = 2.35909
bphi2 = 2.04696
bpt2 = 23.726
entry = 79498
beta1 = 2.4298
bphi1 = -2.99811
bpt1 = 88.4248
beta2 = 2.18619
bphi2 = -2.39536
bpt2 = 32.8304
entry = 79504
beta1 = -0.351363
bphi1 = -0.0300102
bpt1 = 63.7947
beta2 = 0.295991
bphi2 = -0.450295
bpt2 = 33.2316
entry = 79749
beta1 = 1.48211
bphi1 = 1.09357
bpt1 = 31.0623
beta2 = 0.599536
bphi2 = 2.81436
bpt2 = 24.0156
entry = 79849
beta1 = -1.4119
bphi1 = 2.33417
bpt1 = 38.5765
beta2 = -1.15021
bphi2 = -2.66702
bpt2 = 22.5078
entry = 80156
beta1 = 2.2135
bphi1 = 2.93425
bpt1 = 41.7144
beta2 = 2.40782
bphi2 = 2.28774
bpt2 = 38.8498
entry = 80191
beta1 = 1.41373
bphi1 = 0.55506
bpt1 = 50.2098
beta2 = 1.99015
bphi2 = 0.0114332
bpt2 = 22.2885
entry = 80655
beta1 = -2.29244
bphi1 = -1.43779
bpt1 = 45.4918
beta2 = -1.5562
bphi2 = -1.35156
bpt2 = 29.0525
entry = 80685
beta1 = 1.73786
bphi1 = -3.01829
bpt1 = 82.0589
beta2 = 1.5567
bphi2 = -2.39243
bpt2 = 20.4193
entry = 81547
beta1 = -2.12161
bphi1 = -1.45248
bpt1 = 30.4951
beta2 = -2.37704
bphi2 = 2.79504
bpt2 = 23.9728
entry = 81728
beta1 = 2.33354
bphi1 = 2.64389
bpt1 = 79.3363
beta2 = 1.6609
bphi2 = 2.21296
bpt2 = 32.3588
entry = 81954
beta1 = 2.06239
bphi1 = 2.53099
bpt1 = 34.2858
beta2 = 2.43657
bphi2 = 3.01212
bpt2 = 26.6411
entry = 82227
beta1 = -2.28572
bphi1 = -0.0671763
bpt1 = 25.7283
beta2 = -1.5946
bphi2 = -0.982129
bpt2 = 20.3206
entry = 82280
beta1 = -1.19848
bphi1 = 2.8588
bpt1 = 65.6385
beta2 = -1.50099
bphi2 = -2.86053
bpt2 = 23.2085
entry = 82568
beta1 = 2.32225
bphi1 = -2.27971
bpt1 = 31.3726
beta2 = 1.22868
bphi2 = -1.37345
bpt2 = 23.1077
entry = 82728
beta1 = 2.36392
bphi1 = 2.90478
bpt1 = 31.0332
beta2 = 2.19478
bphi2 = -1.34503
bpt2 = 21.9775
entry = 82843
beta1 = 1.99991
bphi1 = 1.36767
bpt1 = 41.3054
beta2 = 2.09146
bphi2 = 2.16456
bpt2 = 26.6094
entry = 83040
beta1 = -0.866582
bphi1 = 3.104
bpt1 = 74.0124
beta2 = -0.450088
bphi2 = 2.43748
bpt2 = 31.4955
entry = 83497
beta1 = -1.08609
bphi1 = 1.2636
bpt1 = 53.586
beta2 = -1.67878
bphi2 = 2.32323
bpt2 = 26.2722
entry = 84714
beta1 = -1.70544
bphi1 = -2.79937
bpt1 = 83.2365
beta2 = -2.33769
bphi2 = 3.07973
bpt2 = 30.9812
entry = 84934
beta1 = 1.54255
bphi1 = 1.74742
bpt1 = 37.4994
beta2 = 0.997967
bphi2 = 2.48594
bpt2 = 21.2569
entry = 85636
beta1 = -2.34122
bphi1 = -2.35754
bpt1 = 57.8483
beta2 = -1.47287
bphi2 = -2.60953
bpt2 = 38.8454
entry = 86371
beta1 = -2.14426
bphi1 = 2.55541
bpt1 = 66.0484
beta2 = -2.2731
bphi2 = -2.59815
bpt2 = 26.621
entry = 86535
beta1 = -2.2768
bphi1 = 2.2671
bpt1 = 31.3776
beta2 = -1.09016
bphi2 = 0.933377
bpt2 = 23.2947
entry = 86793
beta1 = -1.81503
bphi1 = 1.33804
bpt1 = 43.2032
beta2 = -2.38259
bphi2 = 0.165815
bpt2 = 26.3066
entry = 86949
beta1 = 1.57058
bphi1 = 2.45753
bpt1 = 108.898
beta2 = 2.05215
bphi2 = 2.75485
bpt2 = 28.8512
entry = 87497
beta1 = 1.21822
bphi1 = 1.03574
bpt1 = 29.4456
beta2 = 0.595048
bphi2 = -0.858539
bpt2 = 26.291
entry = 87551
beta1 = 2.18928
bphi1 = 0.0922445
bpt1 = 25.2078
beta2 = 2.17541
bphi2 = 2.28248
bpt2 = 22.8005
entry = 87620
beta1 = 0.598372
bphi1 = 0.111393
bpt1 = 24.7873
beta2 = 1.74094
bphi2 = -0.920856
bpt2 = 21.248
entry = 88087
beta1 = -1.12562
bphi1 = -0.0809154
bpt1 = 102.49
beta2 = -0.646162
bphi2 = -0.268002
bpt2 = 22.0703
entry = 88374
beta1 = -2.35037
bphi1 = -1.83071
bpt1 = 21.8874
beta2 = -1.39312
bphi2 = 2.75836
bpt2 = 21.3059
entry = 88817
beta1 = 2.12868
bphi1 = 1.85876
bpt1 = 51.7421
beta2 = 1.24103
bphi2 = 1.2135
bpt2 = 31.3865
entry = 90703
beta1 = -0.822759
bphi1 = 1.74436
bpt1 = 21.7223
beta2 = -1.32434
bphi2 = -2.02773
bpt2 = 20.5303
entry = 91220
beta1 = -0.368851
bphi1 = -1.81406
bpt1 = 40.6039
beta2 = 0.0387791
bphi2 = -2.23342
bpt2 = 38.1424
entry = 91763
beta1 = 2.35452
bphi1 = -2.89457
bpt1 = 128.754
beta2 = 2.11688
bphi2 = -2.26516
bpt2 = 21.6761
entry = 92234
beta1 = -1.19951
bphi1 = -0.678204
bpt1 = 27.125
beta2 = -2.31425
bphi2 = -1.89906
bpt2 = 24.7962
entry = 92359
beta1 = -2.07222
bphi1 = 1.95962
bpt1 = 35.0029
beta2 = -1.82229
bphi2 = 2.69208
bpt2 = 25.7569
entry = 92773
beta1 = -0.615586
bphi1 = 3.03765
bpt1 = 27.7557
beta2 = -0.200349
bphi2 = 1.50636
bpt2 = 21.525
entry = 93727
beta1 = 0.107853
bphi1 = 1.88939
bpt1 = 49.1474
beta2 = 0.0197858
bphi2 = 1.19528
bpt2 = 27.4667
entry = 93749
beta1 = -1.83691
bphi1 = 0.0923873
bpt1 = 62.972
beta2 = -1.89699
bphi2 = -0.427551
bpt2 = 45.4318
entry = 93920
beta1 = 0.404527
bphi1 = 0.788642
bpt1 = 54.2907
beta2 = 0.352805
bphi2 = 1.91532
bpt2 = 30.6489
entry = 94608
beta1 = 2.12655
bphi1 = 0.395619
bpt1 = 74.7472
beta2 = 2.33089
bphi2 = -0.289073
bpt2 = 24.0426
entry = 95515
beta1 = 1.11158
bphi1 = -1.07049
bpt1 = 81.8431
beta2 = 0.58222
bphi2 = -1.49193
bpt2 = 43.7762
entry = 95827
beta1 = 1.96516
bphi1 = 1.87147
bpt1 = 23.2363
beta2 = 1.79345
bphi2 = 0.963148
bpt2 = 20.0487
entry = 95946
beta1 = 1.06576
bphi1 = -0.452051
bpt1 = 48.5747
beta2 = 1.64827
bphi2 = 0.337777
bpt2 = 27.7043
entry = 96042
beta1 = -2.27388
bphi1 = -0.472248
bpt1 = 65.5308
beta2 = -1.81125
bphi2 = -0.0326108
bpt2 = 37.6979
entry = 96119
beta1 = -1.60315
bphi1 = -0.459845
bpt1 = 67.2174
beta2 = -1.47138
bphi2 = -1.05688
bpt2 = 53.7135
entry = 96729
beta1 = -0.782286
bphi1 = 1.86138
bpt1 = 91.974
beta2 = -1.24927
bphi2 = 1.42501
bpt2 = 54.349
entry = 96849
beta1 = 1.77278
bphi1 = 2.62172
bpt1 = 59.7666
beta2 = 1.66673
bphi2 = -2.59215
bpt2 = 28.3365
entry = 96983
beta1 = 2.15588
bphi1 = 0.896835
bpt1 = 96.1566
beta2 = 2.41747
bphi2 = 0.417989
bpt2 = 33.9333
entry = 97219
beta1 = -2.05627
bphi1 = -1.61459
bpt1 = 49.7896
beta2 = -1.28671
bphi2 = -1.8104
bpt2 = 44.6156
entry = 97354
beta1 = 2.416
bphi1 = 2.92613
bpt1 = 59.4889
beta2 = 1.80288
bphi2 = 2.76547
bpt2 = 27.708
entry = 97906
beta1 = -1.8629
bphi1 = 1.2324
bpt1 = 84.8976
beta2 = -2.16124
bphi2 = 0.495865
bpt2 = 24.983
entry = 98137
beta1 = -1.97352
bphi1 = 2.47085
bpt1 = 57.9866
beta2 = -1.13497
bphi2 = 1.6782
bpt2 = 25.2354
entry = 98640
beta1 = -1.68908
bphi1 = 1.08616
bpt1 = 50.4289
beta2 = -2.00548
bphi2 = 1.48416
bpt2 = 35.8323
entry = 98741
beta1 = -1.43768
bphi1 = -2.60309
bpt1 = 38.2838
beta2 = -0.373574
bphi2 = -1.95557
bpt2 = 21.3907
entry = 98809
beta1 = 0.109355
bphi1 = 1.16092
bpt1 = 91.951
beta2 = 0.60649
bphi2 = 1.40504
bpt2 = 58.2801
entry = 99298
Create dataset for Boosting Decision Tress training....
Done

///////////////////////////////////////////////////
Initiating pairing algorithm...
beta1 = -1.35738
bphi1 = -2.03928
bpt1 = 55.9337
beta2 = -2.06672
bphi2 = -1.25825
bpt2 = 32.8503
entry = 471
beta1 = -1.52709
bphi1 = 0.723894
bpt1 = 38.9028
beta2 = -0.946132
bphi2 = -0.594214
bpt2 = 27.6921
entry = 1024
beta1 = -2.05432
bphi1 = -1.85948
bpt1 = 26.4979
beta2 = -1.569
bphi2 = 1.68554
bpt2 = 20.9515
entry = 1357
beta1 = -1.21064
bphi1 = -2.0399
bpt1 = 32.9674
beta2 = -1.40366
bphi2 = 2.91698
bpt2 = 32.8068
entry = 2735
beta1 = 0.65947
bphi1 = 0.412209
bpt1 = 43.9329
beta2 = -0.397517
bphi2 = 1.1442
bpt2 = 22.0789
entry = 5022
beta1 = 1.9006
bphi1 = -1.14793
bpt1 = 73.598
beta2 = 2.43771
bphi2 = -0.344077
bpt2 = 28.2602
entry = 5811
beta1 = -1.45754
bphi1 = 0.370761
bpt1 = 88.3824
beta2 = -1.22261
bphi2 = -0.248391
bpt2 = 25.9021
entry = 6058
beta1 = 2.07851
bphi1 = 2.41703
bpt1 = 65.3428
beta2 = 2.00094
bphi2 = 1.91971
bpt2 = 52.3512
entry = 6268
beta1 = 0.759318
bphi1 = -0.159241
bpt1 = 61.4526
beta2 = -0.257853
bphi2 = -0.147734
bpt2 = 23.8831
entry = 6659
beta1 = -1.2529
bphi1 = 1.35712
bpt1 = 67.6207
beta2 = -1.66079
bphi2 = 1.65741
bpt2 = 53.8284
entry = 8143
beta1 = -2.37754
bphi1 = 2.41126
bpt1 = 52.755
beta2 = -1.72994
bphi2 = 3.06324
bpt2 = 34.3936
entry = 11339
beta1 = 1.22078
bphi1 = -1.75129
bpt1 = 26.3377
beta2 = 0.489628
bphi2 = -2.49652
bpt2 = 24.0558
entry = 12288
beta1 = -1.76121
bphi1 = 1.21276
bpt1 = 66.6288
beta2 = -1.4298
bphi2 = 0.720901
bpt2 = 49.5383
entry = 12314
beta1 = 0.332954
bphi1 = -2.7588
bpt1 = 36.1877
beta2 = 0.481483
bphi2 = -1.25883
bpt2 = 30.857
entry = 13192
beta1 = -1.94533
bphi1 = 1.15344
bpt1 = 39.0567
beta2 = -2.33865
bphi2 = 0.627368
bpt2 = 21.5283
entry = 16665
beta1 = -0.39326
bphi1 = -0.0528274
bpt1 = 60.3552
beta2 = -0.840103
bphi2 = 0.535757
bpt2 = 25.4164
entry = 16949
beta1 = 1.66815
bphi1 = -1.17008
bpt1 = 23.7794
beta2 = 2.35858
bphi2 = -0.519985
bpt2 = 22.4601
entry = 17180
beta1 = -0.938283
bphi1 = 0.0183652
bpt1 = 51.8188
beta2 = -1.77577
bphi2 = 0.00729113
bpt2 = 22.4225
entry = 19344
beta1 = -1.90965
bphi1 = -0.945559
bpt1 = 50.3335
beta2 = -2.00186
bphi2 = 0.189548
bpt2 = 34.1391
entry = 19364
beta1 = -0.957608
bphi1 = -2.19514
bpt1 = 45.8576
beta2 = -0.243711
bphi2 = -2.94283
bpt2 = 41.7851
entry = 20023
beta1 = 1.97699
bphi1 = -2.09197
bpt1 = 35.0046
beta2 = 1.70837
bphi2 = 2.10185
bpt2 = 21.6462
entry = 20067
beta1 = -1.33151
bphi1 = -0.493884
bpt1 = 84.5725
beta2 = -1.19151
bphi2 = 0.336937
bpt2 = 35.1689
entry = 22567
beta1 = 1.59232
bphi1 = 1.48706
bpt1 = 44.2241
beta2 = 2.33962
bphi2 = 2.7254
bpt2 = 22.494
entry = 24274
beta1 = -0.423054
bphi1 = -1.73374
bpt1 = 27.6525
beta2 = -1.87406
bphi2 = -0.718118
bpt2 = 20.5642
entry = 24812
beta1 = -1.60452
bphi1 = 0.172198
bpt1 = 29.6891
beta2 = -1.37086
bphi2 = 1.70575
bpt2 = 22.6926
entry = 27789
beta1 = 2.03514
bphi1 = 0.233643
bpt1 = 41.8593
beta2 = 2.29522
bphi2 = -0.459311
bpt2 = 25.4587
entry = 28557
beta1 = -2.34215
bphi1 = 2.66447
bpt1 = 132.825
beta2 = -1.97403
bphi2 = -3.13957
bpt2 = 38.3656
entry = 29859
beta1 = -0.741997
bphi1 = -1.79395
bpt1 = 140.388
beta2 = -0.191072
bphi2 = -1.34678
bpt2 = 22.6395
entry = 31308
beta1 = -2.36802
bphi1 = -1.50965
bpt1 = 50.6535
beta2 = -1.42492
bphi2 = -2.237
bpt2 = 21.277
entry = 31974
beta1 = -1.925
bphi1 = 2.63334
bpt1 = 33.2691
beta2 = -2.35966
bphi2 = 1.32793
bpt2 = 27.2366
entry = 33175
beta1 = -0.714469
bphi1 = 0.839216
bpt1 = 45.3717
beta2 = -0.442467
bphi2 = 1.46888
bpt2 = 22.4278
entry = 33921
beta1 = -1.77869
bphi1 = -1.76648
bpt1 = 117.398
beta2 = -1.66568
bphi2 = -2.5876
bpt2 = 20.6301
entry = 35030
beta1 = 2.14765
bphi1 = -2.92465
bpt1 = 56.6494
beta2 = 1.32132
bphi2 = -2.82904
bpt2 = 34.4175
entry = 35691
beta1 = -0.917653
bphi1 = 2.34253
bpt1 = 55.5052
beta2 = -1.58822
bphi2 = 2.65868
bpt2 = 28.1429
entry = 38839
beta1 = -1.92341
bphi1 = -1.89988
bpt1 = 32.4851
beta2 = -0.8034
bphi2 = -2.78638
bpt2 = 30.8622
entry = 39558
beta1 = -2.03947
bphi1 = 1.21472
bpt1 = 20.814
beta2 = -2.28322
bphi2 = -0.868502
bpt2 = 20.3077
entry = 42620
beta1 = 0.283721
bphi1 = 2.57786
bpt1 = 33.7296
beta2 = 1.25757
bphi2 = -2.97453
bpt2 = 26.5295
entry = 49078
beta1 = 0.954353
bphi1 = 1.58925
bpt1 = 51.7501
beta2 = -0.0217234
bphi2 = 1.92345
bpt2 = 20.8224
entry = 49269
beta1 = 1.04609
bphi1 = 2.70703
bpt1 = 58.5605
beta2 = 1.53461
bphi2 = -2.91843
bpt2 = 27.0891
entry = 50944
beta1 = 1.74139
bphi1 = 2.64433
bpt1 = 31.7947
beta2 = 2.42542
bphi2 = 1.43639
bpt2 = 26.2668
entry = 51805
beta1 = -2.27249
bphi1 = 1.22452
bpt1 = 45.1697
beta2 = -2.32192
bphi2 = 0.20039
bpt2 = 28.0552
entry = 51826
beta1 = -1.3029
bphi1 = 0.607318
bpt1 = 39.7975
beta2 = -1.80205
bphi2 = 0.776485
bpt2 = 32.2325
entry = 52120
beta1 = 0.148429
bphi1 = -0.869266
bpt1 = 43.54
beta2 = -0.760069
bphi2 = -1.49578
bpt2 = 35.7754
entry = 52840
beta1 = 1.39964
bphi1 = 1.81863
bpt1 = 46.663
beta2 = 0.535905
bphi2 = 2.56271
bpt2 = 33.856
entry = 53707
beta1 = -1.56107
bphi1 = 0.704819
bpt1 = 23.0276
beta2 = -0.707543
bphi2 = 0.0938792
bpt2 = 22.4639
entry = 54803
beta1 = -1.40973
bphi1 = -1.29137
bpt1 = 99.9469
beta2 = -1.48786
bphi2 = -1.93577
bpt2 = 44.2699
entry = 55307
beta1 = -1.85627
bphi1 = 1.32623
bpt1 = 70.179
beta2 = -2.1139
bphi2 = 2.02189
bpt2 = 54.5112
entry = 55852
beta1 = 1.7548
bphi1 = 1.6018
bpt1 = 50.3847
beta2 = 1.5672
bphi2 = 3.08964
bpt2 = 22.9456
entry = 57630
beta1 = -1.23388
bphi1 = 0.624978
bpt1 = 40.9627
beta2 = -0.820228
bphi2 = 1.52208
bpt2 = 26.046
entry = 60140
beta1 = 1.19071
bphi1 = -2.4251
bpt1 = 46.1012
beta2 = 0.872204
bphi2 = 3.02553
bpt2 = 35.0628
entry = 60459
beta1 = -1.33144
bphi1 = 0.252859
bpt1 = 116.34
beta2 = -1.39883
bphi2 = -0.426196
bpt2 = 34.5959
entry = 61650
beta1 = 1.27396
bphi1 = 0.0603792
bpt1 = 53.3334
beta2 = 0.728438
bphi2 = -0.657488
bpt2 = 38.0484
entry = 62265
beta1 = 0.297022
bphi1 = 2.92403
bpt1 = 65.2222
beta2 = -0.453084
bphi2 = 3.11217
bpt2 = 51.0545
entry = 63059
beta1 = -2.02916
bphi1 = 0.946131
bpt1 = 60.7819
beta2 = -2.13383
bphi2 = 0.249947
bpt2 = 53.9006
entry = 63555
beta1 = -2.11835
bphi1 = 0.951773
bpt1 = 131.564
beta2 = -2.42513
bphi2 = 0.362221
bpt2 = 37.1906
entry = 64108
beta1 = 2.01092
bphi1 = 0.689668
bpt1 = 125.408
beta2 = 2.46791
bphi2 = 1.13789
bpt2 = 20.2386
entry = 66741
beta1 = -1.02628
bphi1 = 2.70373
bpt1 = 62.8198
beta2 = -1.55437
bphi2 = 2.94596
bpt2 = 31.6753
entry = 68448
beta1 = -0.0552043
bphi1 = -2.80032
bpt1 = 101.782
beta2 = -0.970302
bphi2 = -3.01473
bpt2 = 22.9836
entry = 72606
beta1 = -0.96861
bphi1 = -0.725534
bpt1 = 68.0013
beta2 = -1.38599
bphi2 = -1.171
bpt2 = 37.2145
entry = 74453
beta1 = 0.700297
bphi1 = -2.0679
bpt1 = 62.8731
beta2 = 0.189383
bphi2 = -1.80598
bpt2 = 42.0813
entry = 76056
beta1 = -2.11439
bphi1 = -0.416327
bpt1 = 55.4332
beta2 = -1.69271
bphi2 = -0.00509553
bpt2 = 29.9087
entry = 80894
beta1 = 2.16956
bphi1 = 1.71919
bpt1 = 28.3803
beta2 = 2.03222
bphi2 = 3.0851
bpt2 = 21.4515
entry = 81593
beta1 = 1.90082
bphi1 = 0.963956
bpt1 = 83.3495
beta2 = 1.41061
bphi2 = 0.589507
bpt2 = 30.4555
entry = 83752
beta1 = 0.87757
bphi1 = 0.896132
bpt1 = 26.3501
beta2 = 1.61219
bphi2 = 0.155626
bpt2 = 23.2804
entry = 86022
beta1 = -0.705798
bphi1 = 0.713845
bpt1 = 61.2627
beta2 = -1.14195
bphi2 = -0.524247
bpt2 = 22.4821
entry = 87169
beta1 = -2.30575
bphi1 = -1.82114
bpt1 = 24.9932
beta2 = -2.19526
bphi2 = 2.75445
bpt2 = 20.4245
entry = 88412
beta1 = -1.76426
bphi1 = 1.14805
bpt1 = 62.2597
beta2 = -1.25582
bphi2 = 0.97536
bpt2 = 33.7135
entry = 88746
beta1 = -0.119091
bphi1 = 2.60314
bpt1 = 28.1922
beta2 = 0.311979
bphi2 = -1.83684
bpt2 = 27.2185
entry = 88888
beta1 = 0.931266
bphi1 = 0.436729
bpt1 = 49.0966
beta2 = 1.91506
bphi2 = 1.14559
bpt2 = 24.6994
entry = 90008
beta1 = -1.16175
bphi1 = -0.338386
bpt1 = 25.631
beta2 = -0.0389832
bphi2 = -1.69306
bpt2 = 22.3417
entry = 90312
beta1 = 0.188404
bphi1 = 0.477624
bpt1 = 25.2414
beta2 = 0.711283
bphi2 = -2.44665
bpt2 = 20.5231
entry = 91431
beta1 = -0.868778
bphi1 = -1.64844
bpt1 = 100.411
beta2 = -0.566706
bphi2 = -1.11273
bpt2 = 39.5611
entry = 92235
beta1 = 0.733272
bphi1 = 0.603873
bpt1 = 34.9588
beta2 = 2.30353
bphi2 = 0.391814
bpt2 = 22.06
entry = 92560
beta1 = 2.05658
bphi1 = -2.57029
bpt1 = 27.4639
beta2 = 1.88934
bphi2 = 2.49504
bpt2 = 22.4934
entry = 94566
beta1 = -2.15989
bphi1 = 0.433948
bpt1 = 48.2283
beta2 = -1.8421
bphi2 = -0.192183
bpt2 = 29.4827
entry = 95092
beta1 = 1.02611
bphi1 = 2.77629
bpt1 = 113.033
beta2 = 0.891098
bphi2 = 1.96455
bpt2 = 30.8314
entry = 96620
beta1 = 2.37334
bphi1 = -0.909142
bpt1 = 95.9987
beta2 = 2.4793
bphi2 = -1.57031
bpt2 = 53.1128
entry = 96699
beta1 = -1.58694
bphi1 = -0.511908
bpt1 = 30.7399
beta2 = -2.37797
bphi2 = -0.420829
bpt2 = 24.8867
entry = 96708
beta1 = -1.59162
bphi1 = -0.398746
bpt1 = 42.8139
beta2 = -1.53628
bphi2 = 0.732174
bpt2 = 40.7653
entry = 96952
beta1 = 1.852
bphi1 = 0.24958
bpt1 = 34.1492
beta2 = 1.82566
bphi2 = -0.479411
bpt2 = 22.3218
entry = 98268
Create dataset for Boosting Decision Tress training....
Done

///////////////////////////////////////////////////
Initiating pairing algorithm...
beta1 = 0.84804
bphi1 = 1.17592
bpt1 = 81.5434
beta2 = 1.12005
bphi2 = 1.66469
bpt2 = 27.1125
entry = 1033
beta1 = -0.297832
bphi1 = 1.32679
bpt1 = 96.1785
beta2 = 0.120796
bphi2 = 0.798627
bpt2 = 30.3444
entry = 1114
beta1 = -1.44983
bphi1 = -0.805665
bpt1 = 48.8938
beta2 = -2.38331
bphi2 = -0.994554
bpt2 = 26.6099
entry = 1137
beta1 = -0.49343
bphi1 = 1.95409
bpt1 = 66.0862
beta2 = 0.360665
bphi2 = 2.22965
bpt2 = 37.3313
entry = 1795
beta1 = -1.70579
bphi1 = -2.24527
bpt1 = 49.6372
beta2 = -2.18185
bphi2 = -2.04211
bpt2 = 28.7445
entry = 1863
beta1 = -2.25975
bphi1 = 1.82707
bpt1 = 75.8034
beta2 = -2.40305
bphi2 = 0.850062
bpt2 = 27.5425
entry = 1891
beta1 = 1.50563
bphi1 = -2.18512
bpt1 = 59.5838
beta2 = 2.21964
bphi2 = -2.64198
bpt2 = 35.1694
entry = 2366
beta1 = -0.148613
bphi1 = -0.130681
bpt1 = 43.8024
beta2 = 0.882535
bphi2 = -0.639516
bpt2 = 27.7105
entry = 2424
beta1 = 2.19425
bphi1 = -2.87421
bpt1 = 48.6487
beta2 = 1.55793
bphi2 = -2.44028
bpt2 = 47.4628
entry = 2611
beta1 = 0.985893
bphi1 = -1.06989
bpt1 = 71.2767
beta2 = 0.403925
bphi2 = -0.878267
bpt2 = 23.7645
entry = 3052
beta1 = -1.75629
bphi1 = -2.58224
bpt1 = 52.823
beta2 = -1.56832
bphi2 = 2.6777
bpt2 = 30.0608
entry = 4980
beta1 = 0.674313
bphi1 = -3.06579
bpt1 = 82.64
beta2 = 0.608156
bphi2 = 2.52315
bpt2 = 44.8858
entry = 5065
beta1 = 1.41882
bphi1 = -0.950003
bpt1 = 41.2963
beta2 = 2.08882
bphi2 = -2.53393
bpt2 = 21.5101
entry = 5673
beta1 = -0.324195
bphi1 = -1.32295
bpt1 = 49.8716
beta2 = -0.238569
bphi2 = 0.0575254
bpt2 = 23.2439
entry = 6746
beta1 = -1.23384
bphi1 = -0.967471
bpt1 = 30.4446
beta2 = -1.79604
bphi2 = 0.938578
bpt2 = 25.4381
entry = 7367
beta1 = 2.0185
bphi1 = -0.927794
bpt1 = 30.6966
beta2 = 2.16797
bphi2 = -0.314159
bpt2 = 20.9934
entry = 8138
beta1 = 2.36989
bphi1 = 2.94437
bpt1 = 40.1982
beta2 = 2.06069
bphi2 = 1.80458
bpt2 = 37.9993
entry = 8360
beta1 = -2.17469
bphi1 = 2.65665
bpt1 = 41.3853
beta2 = -1.5304
bphi2 = 2.82977
bpt2 = 37.3902
entry = 8960
beta1 = 1.12961
bphi1 = 2.19538
bpt1 = 89.5195
beta2 = 1.05857
bphi2 = 1.49334
bpt2 = 31.4542
entry = 9548
beta1 = 1.65495
bphi1 = 1.27647
bpt1 = 81.69
beta2 = 2.28241
bphi2 = 1.29513
bpt2 = 43.6996
entry = 9750
beta1 = -1.12564
bphi1 = -0.983319
bpt1 = 44.1473
beta2 = -1.44314
bphi2 = -1.44634
bpt2 = 22.5688
entry = 11603
beta1 = -0.0942101
bphi1 = -1.69784
bpt1 = 31.128
beta2 = -1.26573
bphi2 = -1.92608
bpt2 = 23.9146
entry = 12083
beta1 = 0.862585
bphi1 = -2.4488
bpt1 = 69.4177
beta2 = 1.07083
bphi2 = -1.50607
bpt2 = 22.0582
entry = 12612
beta1 = 1.96406
bphi1 = -1.3298
bpt1 = 92.2953
beta2 = 2.24661
bphi2 = -1.79186
bpt2 = 52.7789
entry = 13026
beta1 = -0.500752
bphi1 = 0.941169
bpt1 = 73.1978
beta2 = -0.344085
bphi2 = 0.214203
bpt2 = 34.0693
entry = 13197
beta1 = -1.95426
bphi1 = 2.8648
bpt1 = 101.258
beta2 = -2.4883
bphi2 = 2.52072
bpt2 = 36.5882
entry = 13942
beta1 = 1.85556
bphi1 = -0.456027
bpt1 = 29.2194
beta2 = 0.936028
bphi2 = -1.27868
bpt2 = 24.5666
entry = 14094
beta1 = -1.19086
bphi1 = 1.11526
bpt1 = 20.7268
beta2 = -2.33126
bphi2 = -2.41219
bpt2 = 20.0401
entry = 15229
beta1 = -0.0326068
bphi1 = -2.24751
bpt1 = 161.124
beta2 = -0.133603
bphi2 = -1.47805
bpt2 = 21.6881
entry = 15901
beta1 = -1.03995
bphi1 = -1.65392
bpt1 = 89.7415
beta2 = -1.59427
bphi2 = -1.33866
bpt2 = 32.8562
entry = 15952
beta1 = -2.10807
bphi1 = -1.79596
bpt1 = 109.303
beta2 = -2.353
bphi2 = -1.0855
bpt2 = 20.9728
entry = 16404
beta1 = 0.511278
bphi1 = -1.54627
bpt1 = 59.8972
beta2 = 0.205065
bphi2 = -0.610207
bpt2 = 25.6409
entry = 16932
beta1 = 1.75831
bphi1 = 1.16978
bpt1 = 35.0437
beta2 = 2.3172
bphi2 = 0.873746
bpt2 = 24.6602
entry = 17541
beta1 = -0.984226
bphi1 = -0.366674
bpt1 = 49.3548
beta2 = -1.98464
bphi2 = 0.739587
bpt2 = 21.2802
entry = 17637
beta1 = 1.36347
bphi1 = 0.259352
bpt1 = 60.8825
beta2 = 1.01615
bphi2 = 0.724888
bpt2 = 22.0917
entry = 17726
beta1 = 1.12914
bphi1 = 1.78159
bpt1 = 78.1143
beta2 = 1.3245
bphi2 = 1.32609
bpt2 = 47.3297
entry = 17886
beta1 = 1.10893
bphi1 = 0.0981145
bpt1 = 88.4656
beta2 = 0.880283
bphi2 = -0.664488
bpt2 = 25.0185
entry = 18612
beta1 = -0.977164
bphi1 = 1.31574
bpt1 = 94.3394
beta2 = -1.58386
bphi2 = 1.49241
bpt2 = 20.3417
entry = 19196
beta1 = -1.9349
bphi1 = 1.55784
bpt1 = 66.607
beta2 = -2.33703
bphi2 = 1.08705
bpt2 = 64.4195
entry = 19923
beta1 = -1.8724
bphi1 = -3.04403
bpt1 = 41.454
beta2 = -2.40968
bphi2 = 3.0799
bpt2 = 21.6154
entry = 20514
beta1 = 0.562337
bphi1 = -1.08583
bpt1 = 55.9531
beta2 = 0.735934
bphi2 = -0.295545
bpt2 = 51.8465
entry = 20789
beta1 = 1.39561
bphi1 = 1.57528
bpt1 = 32.7223
beta2 = 1.41825
bphi2 = 0.600311
bpt2 = 31.0254
entry = 22991
beta1 = 1.97938
bphi1 = -2.68161
bpt1 = 41.1623
beta2 = 2.44072
bphi2 = 2.09374
bpt2 = 25.7709
entry = 24841
beta1 = 1.7268
bphi1 = -2.88529
bpt1 = 168.668
beta2 = 1.12643
bphi2 = -3.05154
bpt2 = 21.5537
entry = 25035
beta1 = 1.70892
bphi1 = 1.98421
bpt1 = 89.931
beta2 = 1.66856
bphi2 = 2.8077
bpt2 = 32.3798
entry = 26490
beta1 = -1.76094
bphi1 = -0.0742621
bpt1 = 98.0804
beta2 = -2.17351
bphi2 = -0.829909
bpt2 = 24.9367
entry = 26775
beta1 = 2.44433
bphi1 = -2.61881
bpt1 = 48.4591
beta2 = 2.16299
bphi2 = 2.66526
bpt2 = 41.8674
entry = 27550
beta1 = -1.30065
bphi1 = 0.243063
bpt1 = 83.6134
beta2 = -1.70457
bphi2 = 0.943465
bpt2 = 36.5529
entry = 27889
beta1 = -1.46699
bphi1 = -0.690453
bpt1 = 29.8899
beta2 = -2.17291
bphi2 = 0.348783
bpt2 = 25.138
entry = 27947
beta1 = 2.16557
bphi1 = -1.3755
bpt1 = 51.9785
beta2 = 2.30271
bphi2 = -2.2465
bpt2 = 29.8875
entry = 29559
beta1 = 1.31497
bphi1 = 0.66027
bpt1 = 31.1099
beta2 = 1.70198
bphi2 = 1.17857
bpt2 = 24.2308
entry = 29689
beta1 = 1.04197
bphi1 = -2.71046
bpt1 = 32.9908
beta2 = 1.2168
bphi2 = 2.49113
bpt2 = 31.4947
entry = 30053
beta1 = -1.99695
bphi1 = 0.0162763
bpt1 = 64.1906
beta2 = -1.53697
bphi2 = 0.738155
bpt2 = 39.7382
entry = 30205
beta1 = -1.2005
bphi1 = 0.95679
bpt1 = 47.165
beta2 = -1.89813
bphi2 = 0.856272
bpt2 = 33.6085
entry = 30901
beta1 = 1.50019
bphi1 = 0.952796
bpt1 = 87.515
beta2 = 1.40192
bphi2 = 0.266663
bpt2 = 35.4626
entry = 33232
beta1 = 1.59758
bphi1 = -1.9757
bpt1 = 20.1694
beta2 = 1.11944
bphi2 = -3.11464
bpt2 = 20.126
entry = 33425
beta1 = 2.43629
bphi1 = -1.25695
bpt1 = 71.4742
beta2 = 2.36736
bphi2 = -2.01694
bpt2 = 40.8243
entry = 34422
beta1 = 2.03685
bphi1 = 2.89399
bpt1 = 45.3224
beta2 = 2.34478
bphi2 = 1.53026
bpt2 = 25.7063
entry = 34458
beta1 = 0.433711
bphi1 = -1.1032
bpt1 = 48.9516
beta2 = -0.674497
bphi2 = -1.47952
bpt2 = 20.694
entry = 35598
beta1 = 2.09417
bphi1 = -1.69464
bpt1 = 42.5497
beta2 = 2.2908
bphi2 = -3.14004
bpt2 = 20.2786
entry = 35742
beta1 = 0.92852
bphi1 = 0.542532
bpt1 = 28.7422
beta2 = 1.92872
bphi2 = 1.27682
bpt2 = 20.7689
entry = 36744
beta1 = -1.80834
bphi1 = -1.45869
bpt1 = 101.209
beta2 = -2.4407
bphi2 = -1.01988
bpt2 = 30.277
entry = 37374
beta1 = -0.108831
bphi1 = -1.85434
bpt1 = 49.1415
beta2 = -0.27317
bphi2 = -1.26961
bpt2 = 26.7371
entry = 37470
beta1 = 2.27882
bphi1 = 2.29974
bpt1 = 64.663
beta2 = 1.81507
bphi2 = 2.68899
bpt2 = 54.0007
entry = 37743
beta1 = -1.45929
bphi1 = 2.87492
bpt1 = 32.3119
beta2 = -1.37077
bphi2 = -1.55641
bpt2 = 22.2427
entry = 38154
beta1 = -1.90855
bphi1 = -1.36154
bpt1 = 46.7318
beta2 = -1.51764
bphi2 = -1.84314
bpt2 = 23.6898
entry = 38164
beta1 = 1.54546
bphi1 = -1.54331
bpt1 = 66.7034
beta2 = 2.02826
bphi2 = -1.8464
bpt2 = 43.9089
entry = 39092
beta1 = -0.726382
bphi1 = 2.57525
bpt1 = 94.9714
beta2 = -1.37449
bphi2 = -3.13409
bpt2 = 30.9744
entry = 40133
beta1 = 2.27712
bphi1 = 1.7728
bpt1 = 58.1897
beta2 = 2.22407
bphi2 = 2.36324
bpt2 = 20.1848
entry = 40957
beta1 = 1.89682
bphi1 = 0.750138
bpt1 = 27.7444
beta2 = 1.22626
bphi2 = 2.58249
bpt2 = 27.1788
entry = 41683
beta1 = 1.35242
bphi1 = 2.15643
bpt1 = 102.952
beta2 = 1.70699
bphi2 = 2.61927
bpt2 = 37.4906
entry = 41747
beta1 = -1.76464
bphi1 = 2.16311
bpt1 = 22.7933
beta2 = -1.83315
bphi2 = -0.681104
bpt2 = 22.2645
entry = 41868
beta1 = -1.55129
bphi1 = -2.56769
bpt1 = 61.4486
beta2 = -1.09539
bphi2 = -2.97139
bpt2 = 53.447
entry = 42182
beta1 = -0.965745
bphi1 = 1.72077
bpt1 = 36.9963
beta2 = -2.06883
bphi2 = 0.64394
bpt2 = 26.3951
entry = 42792
beta1 = -0.0813756
bphi1 = -2.4199
bpt1 = 97.6527
beta2 = -0.538878
bphi2 = -2.00009
bpt2 = 42.3433
entry = 42913
beta1 = -1.63358
bphi1 = 2.16396
bpt1 = 41.1277
beta2 = -1.551
bphi2 = 3.03974
bpt2 = 28.4217
entry = 42922
beta1 = -2.36447
bphi1 = 2.5577
bpt1 = 41.6889
beta2 = -1.95191
bphi2 = 2.11667
bpt2 = 29.2379
entry = 45469
beta1 = -1.99594
bphi1 = 0.276982
bpt1 = 42.8355
beta2 = -1.92459
bphi2 = -0.867072
bpt2 = 30.4562
entry = 45644
beta1 = -1.34171
bphi1 = 0.714216
bpt1 = 55.776
beta2 = -0.573926
bphi2 = 0.0266364
bpt2 = 27.1531
entry = 46047
beta1 = -2.26313
bphi1 = 1.34044
bpt1 = 29.8364
beta2 = -0.922732
bphi2 = 0.116354
bpt2 = 20.6616
entry = 46765
beta1 = -2.22835
bphi1 = -2.93092
bpt1 = 33.3155
beta2 = -1.81824
bphi2 = -2.37995
bpt2 = 20.2433
entry = 47411
beta1 = 1.59945
bphi1 = 0.441741
bpt1 = 67.7885
beta2 = 1.55933
bphi2 = 1.10738
bpt2 = 34.5568
entry = 47502
beta1 = 2.3273
bphi1 = 1.39182
bpt1 = 34.8754
beta2 = 2.4134
bphi2 = 0.0386004
bpt2 = 29.8421
entry = 47699
beta1 = 1.74072
bphi1 = 1.71038
bpt1 = 41.1221
beta2 = 1.74215
bphi2 = 1.04205
bpt2 = 27.1985
entry = 48043
beta1 = 1.88675
bphi1 = -2.96987
bpt1 = 53.3444
beta2 = 1.80532
bphi2 = 2.60901
bpt2 = 32.6953
entry = 49201
beta1 = 0.0931105
bphi1 = 0.177832
bpt1 = 61.1021
beta2 = -0.67814
bphi2 = -0.537897
bpt2 = 26.9975
entry = 49697
beta1 = -2.08791
bphi1 = -0.454872
bpt1 = 55.0872
beta2 = -2.19127
bphi2 = 0.91083
bpt2 = 23.7344
entry = 50510
beta1 = -2.11509
bphi1 = 0.952985
bpt1 = 158.888
beta2 = -2.46182
bphi2 = 0.559361
bpt2 = 43.8695
entry = 52861
beta1 = 1.82804
bphi1 = 0.642091
bpt1 = 32.4757
beta2 = 0.960528
bphi2 = -0.337676
bpt2 = 31.9956
entry = 53321
beta1 = -0.792731
bphi1 = -2.02822
bpt1 = 87.833
beta2 = -0.729663
bphi2 = -2.57338
bpt2 = 23.6063
entry = 53779
beta1 = 1.82809
bphi1 = -1.10192
bpt1 = 30.8641
beta2 = 1.80724
bphi2 = 2.63467
bpt2 = 20.4745
entry = 53949
beta1 = -0.740692
bphi1 = 2.99296
bpt1 = 44.6673
beta2 = -0.149228
bphi2 = -2.26705
bpt2 = 39.224
entry = 55221
beta1 = -1.53321
bphi1 = 2.18859
bpt1 = 44.1323
beta2 = -1.01754
bphi2 = 1.00704
bpt2 = 26.6282
entry = 56043
beta1 = 1.58876
bphi1 = -1.52468
bpt1 = 38.1224
beta2 = 1.8353
bphi2 = -0.299907
bpt2 = 35.3832
entry = 56449
beta1 = -0.173401
bphi1 = 0.477567
bpt1 = 74.8842
beta2 = -0.0264791
bphi2 = -0.446116
bpt2 = 29.2897
entry = 57285
beta1 = 1.7687
bphi1 = -2.4477
bpt1 = 25.1631
beta2 = 1.96728
bphi2 = -1.61782
bpt2 = 23.9113
entry = 57586
beta1 = -1.96953
bphi1 = -1.41127
bpt1 = 37.9643
beta2 = -1.63658
bphi2 = 0.346245
bpt2 = 24.2321
entry = 59325
beta1 = -1.68269
bphi1 = 1.42404
bpt1 = 100.513
beta2 = -1.09538
bphi2 = 1.78659
bpt2 = 28.2424
entry = 59561
beta1 = -0.92207
bphi1 = -0.222141
bpt1 = 46.7303
beta2 = -0.280249
bphi2 = 0.179308
bpt2 = 25.5249
entry = 59926
beta1 = -0.626026
bphi1 = 2.38994
bpt1 = 48.4071
beta2 = -1.00746
bphi2 = 1.35623
bpt2 = 40.1616
entry = 60797
beta1 = -1.47424
bphi1 = 2.3042
bpt1 = 25.8986
beta2 = -2.35443
bphi2 = 1.09522
bpt2 = 23.6401
entry = 61039
beta1 = -0.191552
bphi1 = -1.87058
bpt1 = 96.2677
beta2 = -0.899506
bphi2 = -1.22554
bpt2 = 25.7653
entry = 62727
beta1 = -0.679415
bphi1 = 2.68425
bpt1 = 110.467
beta2 = -0.418634
bphi2 = 1.99495
bpt2 = 24.6071
entry = 64208
beta1 = -1.93509
bphi1 = -3.12626
bpt1 = 63.5912
beta2 = -2.12554
bphi2 = 2.4487
bpt2 = 41.9314
entry = 65959
beta1 = -1.94565
bphi1 = -0.584448
bpt1 = 58.6517
beta2 = -2.25599
bphi2 = -1.63249
bpt2 = 26.7725
entry = 66064
beta1 = -1.60696
bphi1 = -1.42106
bpt1 = 75.2021
beta2 = -1.89482
bphi2 = -2.33112
bpt2 = 23.9538
entry = 67447
beta1 = -1.68361
bphi1 = 2.05406
bpt1 = 36.7067
beta2 = -1.73861
bphi2 = 2.97876
bpt2 = 31.1429
entry = 69091
beta1 = 1.85893
bphi1 = -0.332558
bpt1 = 150.659
beta2 = 2.4564
bphi2 = -0.390392
bpt2 = 30.6416
entry = 69605
beta1 = 1.02976
bphi1 = 2.11641
bpt1 = 56.583
beta2 = 1.90872
bphi2 = 1.22735
bpt2 = 26.2256
entry = 69723
beta1 = 0.137678
bphi1 = 2.28088
bpt1 = 81.9787
beta2 = -0.737656
bphi2 = 1.81279
bpt2 = 23.3833
entry = 69909
beta1 = 1.48648
bphi1 = -2.15958
bpt1 = 50.8073
beta2 = 1.97569
bphi2 = -1.8854
bpt2 = 34.6934
entry = 70265
beta1 = -1.3499
bphi1 = -2.93731
bpt1 = 86.5634
beta2 = -1.49699
bphi2 = 2.59724
bpt2 = 27.6055
entry = 70475
beta1 = 0.143757
bphi1 = -2.39276
bpt1 = 36.1423
beta2 = -0.549359
bphi2 = -0.70381
bpt2 = 21.1839
entry = 73104
beta1 = -0.563166
bphi1 = 1.59155
bpt1 = 28.763
beta2 = -1.19847
bphi2 = 2.84843
bpt2 = 24.8199
entry = 73141
beta1 = 1.31456
bphi1 = -0.53423
bpt1 = 112.22
beta2 = 0.951287
bphi2 = -0.0664501
bpt2 = 30.4364
entry = 74150
beta1 = -0.718445
bphi1 = -0.912544
bpt1 = 63.7999
beta2 = -1.30619
bphi2 = -1.27377
bpt2 = 21.9258
entry = 76141
beta1 = -0.977562
bphi1 = 2.94477
bpt1 = 28.1412
beta2 = -0.6993
bphi2 = 0.78144
bpt2 = 22.3828
entry = 76204
beta1 = -2.28699
bphi1 = -2.33913
bpt1 = 70.02
beta2 = -2.00275
bphi2 = -2.90082
bpt2 = 40.2598
entry = 76930
beta1 = -0.769542
bphi1 = -0.0281447
bpt1 = 27.7869
beta2 = -1.22315
bphi2 = -2.21957
bpt2 = 23.7963
entry = 77120
beta1 = -1.91388
bphi1 = 2.48247
bpt1 = 44.1862
beta2 = -1.4904
bphi2 = 3.00365
bpt2 = 38.94
entry = 77890
beta1 = 1.25454
bphi1 = -1.33728
bpt1 = 27.2222
beta2 = 1.56537
bphi2 = -0.942486
bpt2 = 26.916
entry = 78151
beta1 = 1.23374
bphi1 = -0.824616
bpt1 = 101.977
beta2 = 1.0099
bphi2 = -1.5896
bpt2 = 24.9565
entry = 82553
beta1 = -0.498464
bphi1 = 0.844313
bpt1 = 26.8994
beta2 = -0.984908
bphi2 = -1.04743
bpt2 = 24.2972
entry = 82872
beta1 = 1.2585
bphi1 = 2.50415
bpt1 = 100.032
beta2 = 1.4131
bphi2 = -2.89069
bpt2 = 25.3922
entry = 83634
beta1 = -1.47932
bphi1 = 1.93507
bpt1 = 101.473
beta2 = -1.98776
bphi2 = 2.08157
bpt2 = 66.3644
entry = 84401
beta1 = -1.68098
bphi1 = -1.40657
bpt1 = 60.6763
beta2 = -1.07334
bphi2 = -1.49634
bpt2 = 43.4666
entry = 85407
beta1 = -0.1934
bphi1 = 2.76765
bpt1 = 57.9841
beta2 = -0.771328
bphi2 = 2.31321
bpt2 = 32.3343
entry = 85562
beta1 = 1.67141
bphi1 = -3.06672
bpt1 = 31.3497
beta2 = 1.54853
bphi2 = 2.46617
bpt2 = 20.028
entry = 85568
beta1 = 1.91584
bphi1 = 1.04708
bpt1 = 134.619
beta2 = 2.40504
bphi2 = 1.55734
bpt2 = 22.7372
entry = 85993
beta1 = -1.28226
bphi1 = -0.523824
bpt1 = 44.8748
beta2 = -1.24079
bphi2 = -1.21504
bpt2 = 26.014
entry = 88160
beta1 = -0.76717
bphi1 = 0.0573182
bpt1 = 37.2293
beta2 = -1.63962
bphi2 = 0.338074
bpt2 = 32.3211
entry = 88981
beta1 = -0.985375
bphi1 = -2.31656
bpt1 = 33.1066
beta2 = -1.07935
bphi2 = 1.91877
bpt2 = 23.698
entry = 89425
beta1 = 2.41548
bphi1 = 1.48295
bpt1 = 31.4535
beta2 = 1.92367
bphi2 = 0.236524
bpt2 = 20.9163
entry = 89704
beta1 = -2.26515
bphi1 = -1.40811
bpt1 = 63.8728
beta2 = -2.0109
bphi2 = -1.96439
bpt2 = 25.5728
entry = 90663
beta1 = -0.466657
bphi1 = 0.0235801
bpt1 = 83.0449
beta2 = 0.0149934
bphi2 = 0.84054
bpt2 = 27.5745
entry = 91186
beta1 = -1.22204
bphi1 = 0.542309
bpt1 = 83.9407
beta2 = -2.23288
bphi2 = 0.709124
bpt2 = 20.3434
entry = 92031
beta1 = -2.28341
bphi1 = 1.72981
bpt1 = 26.0383
beta2 = -2.42394
bphi2 = 1.08521
bpt2 = 24.8681
entry = 92442
beta1 = -1.06079
bphi1 = 1.67786
bpt1 = 23.9846
beta2 = -2.15743
bphi2 = -2.34873
bpt2 = 21.7371
entry = 92962
beta1 = 1.76816
bphi1 = 0.930818
bpt1 = 144.406
beta2 = 1.66254
bphi2 = 0.429552
bpt2 = 22.2979
entry = 94236
beta1 = 2.30604
bphi1 = 2.32602
bpt1 = 83.372
beta2 = 1.56537
bphi2 = 2.25458
bpt2 = 25.1
entry = 95644
beta1 = 1.53828
bphi1 = -2.63387
bpt1 = 106.215
beta2 = 1.96825
bphi2 = -2.35072
bpt2 = 37.1286
entry = 95952
beta1 = 1.90676
bphi1 = -1.52922
bpt1 = 40.1177
beta2 = 1.80294
bphi2 = -2.10405
bpt2 = 30.0999
entry = 96975
beta1 = 1.23188
bphi1 = 0.675255
bpt1 = 65.9735
beta2 = 0.934879
bphi2 = -0.223069
bpt2 = 21.4448
entry = 98213
Create dataset for Boosting Decision Tress training....
Done

///////////////////////////////////////////////////
Initiating pairing algorithm...
beta1 = 1.9206
bphi1 = -1.47868
bpt1 = 178.181
beta2 = 2.23129
bphi2 = -2.02703
bpt2 = 21.4204
entry = 312
beta1 = 1.27955
bphi1 = 0.296066
bpt1 = 72.9622
beta2 = 1.56055
bphi2 = 0.701822
bpt2 = 57.4065
entry = 843
beta1 = 0.895312
bphi1 = 0.430628
bpt1 = 81.1793
beta2 = 1.05501
bphi2 = -0.0729898
bpt2 = 52.8361
entry = 1601
beta1 = -2.37057
bphi1 = -0.706786
bpt1 = 56.4475
beta2 = -1.8576
bphi2 = -0.241091
bpt2 = 20.0822
entry = 2001
beta1 = -2.35167
bphi1 = 1.33297
bpt1 = 38.8643
beta2 = -1.72324
bphi2 = 1.33
bpt2 = 20.831
entry = 2537
beta1 = 0.77123
bphi1 = -0.186771
bpt1 = 51.9438
beta2 = 0.406539
bphi2 = -0.703647
bpt2 = 33.2746
entry = 3414
beta1 = -1.80009
bphi1 = 0.210933
bpt1 = 64.5978
beta2 = -1.18252
bphi2 = 0.388518
bpt2 = 63.0118
entry = 4687
beta1 = -1.12842
bphi1 = -0.122638
bpt1 = 33.0359
beta2 = -2.30744
bphi2 = -0.802249
bpt2 = 21.8008
entry = 5808
beta1 = -0.16614
bphi1 = 1.84984
bpt1 = 48.4996
beta2 = -0.816743
bphi2 = 2.25692
bpt2 = 43.2278
entry = 7256
beta1 = 0.844271
bphi1 = 0.752542
bpt1 = 68.6293
beta2 = 1.19465
bphi2 = 1.48083
bpt2 = 20.9044
entry = 7519
beta1 = 1.18346
bphi1 = 2.74979
bpt1 = 29.7698
beta2 = 1.40026
bphi2 = -2.76491
bpt2 = 26.153
entry = 7771
beta1 = -2.4672
bphi1 = 0.349761
bpt1 = 37.1812
beta2 = -1.28397
bphi2 = -0.171847
bpt2 = 28.9452
entry = 8373
beta1 = -1.61253
bphi1 = -1.56385
bpt1 = 148.969
beta2 = -1.50972
bphi2 = -2.10598
bpt2 = 26.6369
entry = 9563
beta1 = 1.04368
bphi1 = -2.1902
bpt1 = 64.5207
beta2 = 0.8544
bphi2 = -3.01869
bpt2 = 27.9537
entry = 11427
beta1 = -0.294471
bphi1 = -1.91592
bpt1 = 47.7565
beta2 = -0.875715
bphi2 = -0.546551
bpt2 = 24.2201
entry = 11972
beta1 = -2.48005
bphi1 = -2.28687
bpt1 = 29.5591
beta2 = -1.14224
bphi2 = -0.866569
bpt2 = 21.008
entry = 12695
beta1 = 1.56293
bphi1 = 3.11802
bpt1 = 81.9942
beta2 = 1.90759
bphi2 = -2.70993
bpt2 = 33.9883
entry = 13661
beta1 = -1.49808
bphi1 = 0.48223
bpt1 = 34.686
beta2 = -0.486283
bphi2 = 1.24499
bpt2 = 30.9226
entry = 14094
beta1 = 2.11173
bphi1 = -1.33982
bpt1 = 57.9565
beta2 = 1.91795
bphi2 = -0.783713
bpt2 = 37.3287
entry = 14569
beta1 = 0.852743
bphi1 = 0.611228
bpt1 = 29.5273
beta2 = 0.0825297
bphi2 = 1.37632
bpt2 = 26.8682
entry = 15016
beta1 = 1.54077
bphi1 = -1.18489
bpt1 = 66.0775
beta2 = 0.916331
bphi2 = -1.1069
bpt2 = 43.3475
entry = 16124
beta1 = -1.72261
bphi1 = -0.74715
bpt1 = 44.02
beta2 = -2.24312
bphi2 = -1.35106
bpt2 = 24.0298
entry = 16932
beta1 = -0.395083
bphi1 = -1.00203
bpt1 = 79.6157
beta2 = -0.894349
bphi2 = -1.3164
bpt2 = 47.1004
entry = 17169
beta1 = 0.863095
bphi1 = 2.09343
bpt1 = 42.9288
beta2 = 1.52235
bphi2 = 2.08505
bpt2 = 35.0495
entry = 17637
beta1 = 0.387283
bphi1 = -1.83935
bpt1 = 37.5344
beta2 = 0.351495
bphi2 = -0.290125
bpt2 = 26.3145
entry = 18011
beta1 = -0.874435
bphi1 = 1.49183
bpt1 = 23.8421
beta2 = -1.6615
bphi2 = 1.57405
bpt2 = 21.8524
entry = 18786
beta1 = -1.89317
bphi1 = -1.67031
bpt1 = 75.5052
beta2 = -1.63629
bphi2 = -1.21506
bpt2 = 69.8983
entry = 19096
beta1 = 2.00487
bphi1 = 0.325938
bpt1 = 29.4305
beta2 = 2.25636
bphi2 = -0.301013
bpt2 = 24.0187
entry = 22725
beta1 = 1.46819
bphi1 = 2.13972
bpt1 = 44.1285
beta2 = 2.37483
bphi2 = 2.85708
bpt2 = 25.6487
entry = 23323
beta1 = 1.32744
bphi1 = 0.453592
bpt1 = 63.7213
beta2 = 1.79522
bphi2 = 0.148831
bpt2 = 37.6348
entry = 23420
beta1 = -1.91343
bphi1 = -2.49442
bpt1 = 38.9976
beta2 = -2.34394
bphi2 = -1.89404
bpt2 = 27.6409
entry = 24331
beta1 = 0.984298
bphi1 = -1.33223
bpt1 = 77.3112
beta2 = 1.84367
bphi2 = -1.20166
bpt2 = 25.2648
entry = 24647
beta1 = 0.125821
bphi1 = -2.08116
bpt1 = 85.3531
beta2 = 0.638374
bphi2 = -2.55579
bpt2 = 41.5985
entry = 26020
beta1 = 1.66835
bphi1 = -1.42893
bpt1 = 24.0529
beta2 = 1.32596
bphi2 = -1.04922
bpt2 = 20.9409
entry = 26928
beta1 = 0.846461
bphi1 = 1.80299
bpt1 = 86.6972
beta2 = 0.392835
bphi2 = 1.34129
bpt2 = 52.4758
entry = 29512
beta1 = -1.2019
bphi1 = 0.396608
bpt1 = 24.1016
beta2 = -1.6625
bphi2 = 3.08097
bpt2 = 20.891
entry = 30013
beta1 = 2.43103
bphi1 = 1.49282
bpt1 = 46.6568
beta2 = 2.16927
bphi2 = 0.827266
bpt2 = 37.2634
entry = 30653
beta1 = 0.0323848
bphi1 = -1.50693
bpt1 = 73.3591
beta2 = 0.314898
bphi2 = -0.959395
bpt2 = 55.9981
entry = 32208
beta1 = -1.70382
bphi1 = 0.0558275
bpt1 = 25.808
beta2 = -0.776676
bphi2 = 0.25744
bpt2 = 25.0294
entry = 32890
beta1 = -0.324428
bphi1 = 0.688954
bpt1 = 41.6197
beta2 = 0.197409
bphi2 = 1.15719
bpt2 = 35.2611
entry = 37446
beta1 = -1.05548
bphi1 = 1.9135
bpt1 = 58.8128
beta2 = -1.30336
bphi2 = 1.39166
bpt2 = 21.3869
entry = 38230
beta1 = 2.30226
bphi1 = -1.94368
bpt1 = 89.5723
beta2 = 2.36904
bphi2 = -1.30757
bpt2 = 34.7156
entry = 38959
beta1 = 1.4532
bphi1 = -2.78596
bpt1 = 44.6005
beta2 = 1.93854
bphi2 = -2.4874
bpt2 = 32.6163
entry = 39073
beta1 = -0.852987
bphi1 = 0.314332
bpt1 = 145.314
beta2 = -0.797569
bphi2 = 0.846624
bpt2 = 22.7874
entry = 39479
beta1 = -0.0796169
bphi1 = 0.734539
bpt1 = 49.7826
beta2 = 0.556676
bphi2 = 0.975577
bpt2 = 33.5463
entry = 40036
beta1 = -2.45955
bphi1 = 0.476867
bpt1 = 36.4149
beta2 = -1.74323
bphi2 = -0.765094
bpt2 = 25.2266
entry = 40216
beta1 = -2.26401
bphi1 = 1.54129
bpt1 = 60.3478
beta2 = -1.48759
bphi2 = 1.77236
bpt2 = 26.271
entry = 41308
beta1 = -1.71948
bphi1 = 1.1621
bpt1 = 41.9654
beta2 = -2.13418
bphi2 = 1.66273
bpt2 = 22.176
entry = 42246
beta1 = -1.71378
bphi1 = -1.08018
bpt1 = 62.8546
beta2 = -1.29797
bphi2 = -0.68982
bpt2 = 26.675
entry = 42321
beta1 = -1.09703
bphi1 = -0.0363142
bpt1 = 42.489
beta2 = 0.0300733
bphi2 = -0.00802718
bpt2 = 20.2884
entry = 42894
beta1 = 2.14382
bphi1 = 2.86538
bpt1 = 66.396
beta2 = 1.78597
bphi2 = -2.65764
bpt2 = 33.7551
entry = 43593
beta1 = -0.77426
bphi1 = -0.151994
bpt1 = 30.5315
beta2 = -1.03294
bphi2 = 1.02484
bpt2 = 21.8092
entry = 43912
beta1 = 0.444202
bphi1 = 2.85582
bpt1 = 32.4767
beta2 = 0.943312
bphi2 = 2.94247
bpt2 = 30.6716
entry = 45158
beta1 = -1.2636
bphi1 = 0.146827
bpt1 = 46.8276
beta2 = -1.99782
bphi2 = 0.969343
bpt2 = 21.1741
entry = 45411
beta1 = -0.195713
bphi1 = -1.97925
bpt1 = 63.161
beta2 = 0.552679
bphi2 = -2.68657
bpt2 = 22.9104
entry = 46374
beta1 = -1.51645
bphi1 = 1.92648
bpt1 = 102.186
beta2 = -1.58818
bphi2 = 2.47952
bpt2 = 24.6698
entry = 47509
beta1 = 2.01264
bphi1 = 0.315716
bpt1 = 39.5612
beta2 = 2.27998
bphi2 = -0.300023
bpt2 = 24.5578
entry = 47884
beta1 = 0.339646
bphi1 = -0.906988
bpt1 = 75.6475
beta2 = -0.342302
bphi2 = -1.42273
bpt2 = 30.1124
entry = 48109
beta1 = -0.605221
bphi1 = -0.863025
bpt1 = 43.2686
beta2 = -0.288728
bphi2 = -2.48564
bpt2 = 23.221
entry = 48415
beta1 = 0.188221
bphi1 = 1.6517
bpt1 = 53.6591
beta2 = -0.852674
bphi2 = 1.77213
bpt2 = 23.5669
entry = 49124
beta1 = -1.93432
bphi1 = 0.208029
bpt1 = 42.4239
beta2 = -1.56746
bphi2 = 1.45538
bpt2 = 32.5998
entry = 50191
beta1 = -1.70984
bphi1 = -0.517405
bpt1 = 207.133
beta2 = -1.97379
bphi2 = -0.0551015
bpt2 = 27.1583
entry = 50849
beta1 = -0.526145
bphi1 = -1.56034
bpt1 = 43.7039
beta2 = -0.637862
bphi2 = -0.045442
bpt2 = 24.6883
entry = 51123
beta1 = -2.24685
bphi1 = 2.51795
bpt1 = 52.1945
beta2 = -1.62393
bphi2 = 1.44766
bpt2 = 22.3283
entry = 51335
beta1 = -1.39266
bphi1 = -0.236858
bpt1 = 35.0001
beta2 = -0.198976
bphi2 = -0.107259
bpt2 = 22.1829
entry = 51441
beta1 = -2.07458
bphi1 = -2.19101
bpt1 = 104.206
beta2 = -1.72725
bphi2 = -2.63923
bpt2 = 24.4519
entry = 51714
beta1 = -1.36022
bphi1 = 2.89777
bpt1 = 48.6408
beta2 = -1.18293
bphi2 = 2.19311
bpt2 = 29.1241
entry = 52117
beta1 = 0.25772
bphi1 = -2.61133
bpt1 = 73.1808
beta2 = 0.0998439
bphi2 = 3.05552
bpt2 = 53.5554
entry = 52625
beta1 = 1.59664
bphi1 = 0.455587
bpt1 = 67.3756
beta2 = 1.81432
bphi2 = -0.413081
bpt2 = 33.9473
entry = 54201
beta1 = 1.89174
bphi1 = 0.450799
bpt1 = 31.0607
beta2 = 2.13339
bphi2 = -0.284457
bpt2 = 30.4097
entry = 54976
beta1 = 2.13922
bphi1 = 2.50172
bpt1 = 44.5692
beta2 = 2.33121
bphi2 = -3.00671
bpt2 = 41.8017
entry = 55057
beta1 = 0.908851
bphi1 = -1.95265
bpt1 = 48.2171
beta2 = 0.24848
bphi2 = -2.6295
bpt2 = 34.2748
entry = 55149
beta1 = 0.664846
bphi1 = 1.26275
bpt1 = 44.8495
beta2 = 0.144955
bphi2 = 1.66395
bpt2 = 32.2713
entry = 55231
beta1 = -1.67807
bphi1 = -2.05606
bpt1 = 61.2633
beta2 = -2.44466
bphi2 = -2.28443
bpt2 = 23.9744
entry = 55649
beta1 = -0.469908
bphi1 = -0.365127
bpt1 = 107.865
beta2 = 0.122619
bphi2 = -0.647815
bpt2 = 36.0773
entry = 55712
beta1 = -1.4779
bphi1 = -0.608728
bpt1 = 77.5472
beta2 = -2.22943
bphi2 = -1.26988
bpt2 = 22.2736
entry = 56297
beta1 = 0.304932
bphi1 = -0.159814
bpt1 = 71.8738
beta2 = 0.522399
bphi2 = -1.00369
bpt2 = 29.0835
entry = 56826
beta1 = -2.30118
bphi1 = 1.67222
bpt1 = 32.4314
beta2 = -2.01227
bphi2 = 0.168731
bpt2 = 21.7643
entry = 56867
beta1 = -1.23576
bphi1 = -1.23741
bpt1 = 26.5157
beta2 = -2.06717
bphi2 = -1.38489
bpt2 = 24.1582
entry = 57222
beta1 = -1.34237
bphi1 = -0.280395
bpt1 = 95.4317
beta2 = -0.921346
bphi2 = -0.634977
bpt2 = 21.4336
entry = 58134
beta1 = 0.665879
bphi1 = -1.68085
bpt1 = 44.3307
beta2 = 0.388516
bphi2 = -2.97693
bpt2 = 23.1284
entry = 58604
beta1 = 1.50327
bphi1 = 2.09461
bpt1 = 23.0638
beta2 = 0.816622
bphi2 = 1.44585
bpt2 = 20.9216
entry = 62981
beta1 = -1.05721
bphi1 = -2.88557
bpt1 = 78.1193
beta2 = -0.95669
bphi2 = -2.29462
bpt2 = 43.2401
entry = 63623
beta1 = 2.34638
bphi1 = 2.26466
bpt1 = 72.7496
beta2 = 1.58494
bphi2 = 2.43721
bpt2 = 31.2046
entry = 65588
beta1 = -1.45199
bphi1 = 0.115139
bpt1 = 67.6946
beta2 = -2.12137
bphi2 = 0.621876
bpt2 = 31.0498
entry = 66813
beta1 = -1.46663
bphi1 = -0.935063
bpt1 = 39.5989
beta2 = -1.26693
bphi2 = -1.93195
bpt2 = 24.818
entry = 67867
beta1 = 2.12278
bphi1 = 1.8496
bpt1 = 126.466
beta2 = 1.70657
bphi2 = 1.22755
bpt2 = 31.8723
entry = 68185
beta1 = -1.36442
bphi1 = -0.822395
bpt1 = 53.003
beta2 = -0.830268
bphi2 = -0.378576
bpt2 = 35.0286
entry = 69912
beta1 = 1.41472
bphi1 = -2.93948
bpt1 = 81.3722
beta2 = 1.91242
bphi2 = 3.02047
bpt2 = 45.2885
entry = 69994
beta1 = 2.13022
bphi1 = -2.04146
bpt1 = 41.1122
beta2 = 2.11937
bphi2 = -2.56475
bpt2 = 23.3309
entry = 70574
beta1 = 1.33891
bphi1 = -1.48023
bpt1 = 48.9373
beta2 = 0.925717
bphi2 = -0.793162
bpt2 = 26.1932
entry = 70789
beta1 = 2.40871
bphi1 = -1.63305
bpt1 = 46.3183
beta2 = 2.26251
bphi2 = -0.340219
bpt2 = 29.2037
entry = 72283
beta1 = -0.647754
bphi1 = -1.88072
bpt1 = 49.5175
beta2 = 0.113749
bphi2 = -2.76478
bpt2 = 29.1448
entry = 72633
beta1 = -1.68368
bphi1 = -2.80363
bpt1 = 155.344
beta2 = -1.59968
bphi2 = -2.2262
bpt2 = 39.2895
entry = 72967
beta1 = 1.93849
bphi1 = -2.6925
bpt1 = 53.6548
beta2 = 1.82946
bphi2 = -1.53138
bpt2 = 20.6055
entry = 73382
beta1 = -1.7149
bphi1 = 2.91416
bpt1 = 67.042
beta2 = -1.74312
bphi2 = -2.84323
bpt2 = 34.1618
entry = 73682
beta1 = 1.30133
bphi1 = 2.85217
bpt1 = 43.8785
beta2 = 1.35344
bphi2 = -2.52182
bpt2 = 32.673
entry = 74599
beta1 = -0.998891
bphi1 = 2.14653
bpt1 = 81.889
beta2 = -0.900523
bphi2 = 2.78269
bpt2 = 23.9142
entry = 75997
beta1 = -1.58073
bphi1 = 0.273569
bpt1 = 119.623
beta2 = -2.04964
bphi2 = 0.68887
bpt2 = 44.4852
entry = 78520
beta1 = 0.613053
bphi1 = -2.92698
bpt1 = 91.6854
beta2 = 0.828377
bphi2 = -2.41246
bpt2 = 69.7094
entry = 78548
beta1 = -1.97449
bphi1 = -0.586872
bpt1 = 99.4417
beta2 = -2.33934
bphi2 = -0.0761325
bpt2 = 32.2111
entry = 79949
beta1 = 1.47759
bphi1 = -0.036864
bpt1 = 69.1462
beta2 = 0.681832
bphi2 = 0.0725278
bpt2 = 30.5753
entry = 82401
beta1 = 0.377265
bphi1 = 1.33783
bpt1 = 80.9756
beta2 = 1.34983
bphi2 = 1.21629
bpt2 = 20.4672
entry = 82807
beta1 = -0.795141
bphi1 = 2.33972
bpt1 = 38.3505
beta2 = -1.00694
bphi2 = 0.345352
bpt2 = 20.6811
entry = 83063
beta1 = 2.44775
bphi1 = -0.86155
bpt1 = 30.2256
beta2 = 2.33951
bphi2 = -2.3886
bpt2 = 30.1784
entry = 83943
beta1 = 0.67683
bphi1 = -0.325905
bpt1 = 48.1941
beta2 = 0.60456
bphi2 = 0.487604
bpt2 = 20.4511
entry = 84940
beta1 = -1.38782
bphi1 = -2.21531
bpt1 = 30.4106
beta2 = -1.09095
bphi2 = -2.72085
bpt2 = 22.5455
entry = 85240
beta1 = -1.75725
bphi1 = -2.06284
bpt1 = 116.243
beta2 = -2.36387
bphi2 = -2.14624
bpt2 = 30.0201
entry = 85424
beta1 = 2.05014
bphi1 = -0.264856
bpt1 = 83.7892
beta2 = 1.50277
bphi2 = -0.359978
bpt2 = 59.2869
entry = 85996
beta1 = -1.80232
bphi1 = 1.13987
bpt1 = 83.3565
beta2 = -2.37175
bphi2 = 0.864983
bpt2 = 24.6208
entry = 86142
beta1 = 1.05038
bphi1 = -0.606786
bpt1 = 30.7453
beta2 = 1.76855
bphi2 = 1.03114
bpt2 = 23.4477
entry = 87421
beta1 = -1.80584
bphi1 = -0.447139
bpt1 = 76.6914
beta2 = -2.25448
bphi2 = -0.12579
bpt2 = 29.3438
entry = 87804
beta1 = -1.1124
bphi1 = -2.10236
bpt1 = 39.9363
beta2 = -2.33943
bphi2 = -1.37577
bpt2 = 22.4467
entry = 88120
beta1 = -1.55338
bphi1 = -2.29472
bpt1 = 55.6457
beta2 = -2.20377
bphi2 = -2.21517
bpt2 = 53.8956
entry = 88226
beta1 = 0.639714
bphi1 = 2.35845
bpt1 = 53.8882
beta2 = 0.0613764
bphi2 = -2.96411
bpt2 = 30.2964
entry = 88683
beta1 = 1.39873
bphi1 = -2.68933
bpt1 = 47.1422
beta2 = 1.83693
bphi2 = -2.45057
bpt2 = 42.5811
entry = 90117
beta1 = -1.29278
bphi1 = 3.05581
bpt1 = 59.1564
beta2 = -1.71699
bphi2 = -2.75098
bpt2 = 48.3751
entry = 90276
beta1 = 1.12102
bphi1 = -0.808689
bpt1 = 50.9165
beta2 = 1.43894
bphi2 = 0.129893
bpt2 = 35.5811
entry = 90360
beta1 = -1.6935
bphi1 = 2.09533
bpt1 = 40.042
beta2 = -1.31792
bphi2 = 2.75948
bpt2 = 38.7867
entry = 90689
beta1 = -1.40483
bphi1 = 2.78486
bpt1 = 193.485
beta2 = -1.87769
bphi2 = 2.61315
bpt2 = 20.6638
entry = 91006
beta1 = 0.778405
bphi1 = -1.56346
bpt1 = 187.649
beta2 = 1.2886
bphi2 = -1.68145
bpt2 = 22.9048
entry = 91848
beta1 = 1.70088
bphi1 = -1.2961
bpt1 = 72.5308
beta2 = 2.27566
bphi2 = -1.39439
bpt2 = 26.3186
entry = 92205
beta1 = -1.94405
bphi1 = 1.49161
bpt1 = 71.0359
beta2 = -1.40303
bphi2 = 1.08745
bpt2 = 44.9213
entry = 92506
beta1 = -2.16132
bphi1 = 2.00239
bpt1 = 38.8449
beta2 = -2.26034
bphi2 = -2.99707
bpt2 = 32.2022
entry = 92915
beta1 = -0.065327
bphi1 = -2.21391
bpt1 = 41.5205
beta2 = -0.857724
bphi2 = -2.0976
bpt2 = 27.6084
entry = 92918
beta1 = 0.386388
bphi1 = -1.85849
bpt1 = 128.85
beta2 = 0.66682
bphi2 = -2.33195
bpt2 = 20.9552
entry = 93321
beta1 = 2.46796
bphi1 = 0.620926
bpt1 = 72.5321
beta2 = 2.04784
bphi2 = 1.01579
bpt2 = 56.5135
entry = 94038
beta1 = -0.174002
bphi1 = 2.1594
bpt1 = 61.2073
beta2 = 0.368123
bphi2 = 1.94029
bpt2 = 60.8361
entry = 94295
beta1 = 2.02193
bphi1 = -1.34915
bpt1 = 57.4529
beta2 = 2.42407
bphi2 = -0.82357
bpt2 = 48.0734
entry = 94667
beta1 = -1.03137
bphi1 = 0.583604
bpt1 = 26.7289
beta2 = -0.583774
bphi2 = 0.851342
bpt2 = 21.9544
entry = 95609
beta1 = -0.20993
bphi1 = 0.717175
bpt1 = 59.9055
beta2 = 0.407636
bphi2 = 0.793687
bpt2 = 21.2608
entry = 96145
beta1 = 1.19901
bphi1 = -2.69734
bpt1 = 36.6101
beta2 = 0.390132
bphi2 = -2.28517
bpt2 = 20.9208
entry = 96574
beta1 = 2.0667
bphi1 = -2.27374
bpt1 = 69.3417
beta2 = 2.21499
bphi2 = -1.61828
bpt2 = 66.0821
entry = 96934
beta1 = -0.785396
bphi1 = -2.57587
bpt1 = 63.0741
beta2 = -0.207044
bphi2 = -2.64443
bpt2 = 28.0427
entry = 97883
Create dataset for Boosting Decision Tress training....
Done
Initating TMVA for Multi-Variate Analysis....
Start Boosting Decision Trees application...
Time taken: 492.736 seconds.
All done! Exit...
