 Set environment variables
 Unpack LHAPDF
LHAPDF-6.3.0/
LHAPDF-6.3.0/plotpdfs
LHAPDF-6.3.0/testpdfs
LHAPDF-6.3.0/lhapdf.pc
LHAPDF-6.3.0/lhapdf.pc.in
LHAPDF-6.3.0/AUTHORS
LHAPDF-6.3.0/pdfsets.index
LHAPDF-6.3.0/wrappers/
LHAPDF-6.3.0/wrappers/python/
LHAPDF-6.3.0/wrappers/python/lhapdf.pyx
LHAPDF-6.3.0/wrappers/python/clhapdf.pxd
LHAPDF-6.3.0/wrappers/python/Makefile.am
LHAPDF-6.3.0/wrappers/python/setup.py.in
LHAPDF-6.3.0/wrappers/python/Makefile.in
LHAPDF-6.3.0/wrappers/python/lhapdf.cpp
LHAPDF-6.3.0/wrappers/Makefile.am
LHAPDF-6.3.0/wrappers/Makefile.in
LHAPDF-6.3.0/bin/
LHAPDF-6.3.0/bin/lhapdf-config.in
LHAPDF-6.3.0/bin/Makefile.am
LHAPDF-6.3.0/bin/Makefile.in
LHAPDF-6.3.0/bin/lhapdf
LHAPDF-6.3.0/INSTALL
LHAPDF-6.3.0/examples/
LHAPDF-6.3.0/examples/reweight.cc
LHAPDF-6.3.0/examples/testpdf.cc
LHAPDF-6.3.0/examples/pythonexample.py
LHAPDF-6.3.0/examples/Makefile.am
LHAPDF-6.3.0/examples/Makefile.in
LHAPDF-6.3.0/examples/testpdfunc.cc
LHAPDF-6.3.0/examples/fexample1.f90
LHAPDF-6.3.0/examples/compatibility.cc
LHAPDF-6.3.0/examples/analyticpdf.cc
LHAPDF-6.3.0/examples/testpdfcache.cc
LHAPDF-6.3.0/examples/testpdfunc.py
LHAPDF-6.3.0/examples/hessian2replicas.cc
LHAPDF-6.3.0/examples/testpdfset.cc
LHAPDF-6.3.0/aclocal.m4
LHAPDF-6.3.0/config/
LHAPDF-6.3.0/config/compile
LHAPDF-6.3.0/config/config.sub
LHAPDF-6.3.0/config/config.h.in
LHAPDF-6.3.0/config/depcomp
LHAPDF-6.3.0/config/ltmain.sh
LHAPDF-6.3.0/config/config.guess
LHAPDF-6.3.0/config/test-driver
LHAPDF-6.3.0/config/install-sh
LHAPDF-6.3.0/config/missing
LHAPDF-6.3.0/doc/
LHAPDF-6.3.0/doc/Doxyfile.in
LHAPDF-6.3.0/doc/pdfsets.dox
LHAPDF-6.3.0/doc/Makefile.am
LHAPDF-6.3.0/doc/Makefile.in
LHAPDF-6.3.0/doc/mkpdflist
LHAPDF-6.3.0/testlhapdf
LHAPDF-6.3.0/Makefile.am
LHAPDF-6.3.0/Makefile.in
LHAPDF-6.3.0/ChangeLog
LHAPDF-6.3.0/m4/
LHAPDF-6.3.0/m4/ltsugar.m4
LHAPDF-6.3.0/m4/lt~obsolete.m4
LHAPDF-6.3.0/m4/ax_prog_cxx_mpi.m4
LHAPDF-6.3.0/m4/ltversion.m4
LHAPDF-6.3.0/m4/ltoptions.m4
LHAPDF-6.3.0/m4/compilerflags.m4
LHAPDF-6.3.0/m4/libtool.m4
LHAPDF-6.3.0/m4/ax_cxx_compile_stdcxx.m4
LHAPDF-6.3.0/m4/cython.m4
LHAPDF-6.3.0/src/
LHAPDF-6.3.0/src/ErrExtrapolator.cc
LHAPDF-6.3.0/src/PDF.cc
LHAPDF-6.3.0/src/KnotArray.cc
LHAPDF-6.3.0/src/yamlcpp/
LHAPDF-6.3.0/src/yamlcpp/convert.cpp
LHAPDF-6.3.0/src/yamlcpp/exp.h
LHAPDF-6.3.0/src/yamlcpp/exp.cpp
LHAPDF-6.3.0/src/yamlcpp/directives.cpp
LHAPDF-6.3.0/src/yamlcpp/yaml-cpp/
LHAPDF-6.3.0/src/yamlcpp/yaml-cpp/emitterdef.h
LHAPDF-6.3.0/src/yamlcpp/yaml-cpp/stlemitter.h
LHAPDF-6.3.0/src/yamlcpp/yaml-cpp/exceptions.h
LHAPDF-6.3.0/src/yamlcpp/yaml-cpp/emitfromevents.h
LHAPDF-6.3.0/src/yamlcpp/yaml-cpp/contrib/
LHAPDF-6.3.0/src/yamlcpp/yaml-cpp/contrib/anchordict.h
LHAPDF-6.3.0/src/yamlcpp/yaml-cpp/contrib/graphbuilder.h
LHAPDF-6.3.0/src/yamlcpp/yaml-cpp/eventhandler.h
LHAPDF-6.3.0/src/yamlcpp/yaml-cpp/yaml.h
LHAPDF-6.3.0/src/yamlcpp/yaml-cpp/emitter.h
LHAPDF-6.3.0/src/yamlcpp/yaml-cpp/dll.h
LHAPDF-6.3.0/src/yamlcpp/yaml-cpp/null.h
LHAPDF-6.3.0/src/yamlcpp/yaml-cpp/ostream_wrapper.h
LHAPDF-6.3.0/src/yamlcpp/yaml-cpp/traits.h
LHAPDF-6.3.0/src/yamlcpp/yaml-cpp/parser.h
LHAPDF-6.3.0/src/yamlcpp/yaml-cpp/mark.h
LHAPDF-6.3.0/src/yamlcpp/yaml-cpp/anchor.h
LHAPDF-6.3.0/src/yamlcpp/yaml-cpp/emitterstyle.h
LHAPDF-6.3.0/src/yamlcpp/yaml-cpp/binary.h
LHAPDF-6.3.0/src/yamlcpp/yaml-cpp/noncopyable.h
LHAPDF-6.3.0/src/yamlcpp/yaml-cpp/emittermanip.h
LHAPDF-6.3.0/src/yamlcpp/yaml-cpp/node/
LHAPDF-6.3.0/src/yamlcpp/yaml-cpp/node/type.h
LHAPDF-6.3.0/src/yamlcpp/yaml-cpp/node/node.h
LHAPDF-6.3.0/src/yamlcpp/yaml-cpp/node/emit.h
LHAPDF-6.3.0/src/yamlcpp/yaml-cpp/node/iterator.h
LHAPDF-6.3.0/src/yamlcpp/yaml-cpp/node/impl.h
LHAPDF-6.3.0/src/yamlcpp/yaml-cpp/node/parse.h
LHAPDF-6.3.0/src/yamlcpp/yaml-cpp/node/detail/
LHAPDF-6.3.0/src/yamlcpp/yaml-cpp/node/detail/node.h
LHAPDF-6.3.0/src/yamlcpp/yaml-cpp/node/detail/memory.h
LHAPDF-6.3.0/src/yamlcpp/yaml-cpp/node/detail/node_data.h
LHAPDF-6.3.0/src/yamlcpp/yaml-cpp/node/detail/iterator.h
LHAPDF-6.3.0/src/yamlcpp/yaml-cpp/node/detail/impl.h
LHAPDF-6.3.0/src/yamlcpp/yaml-cpp/node/detail/node_iterator.h
LHAPDF-6.3.0/src/yamlcpp/yaml-cpp/node/detail/node_ref.h
LHAPDF-6.3.0/src/yamlcpp/yaml-cpp/node/detail/bool_type.h
LHAPDF-6.3.0/src/yamlcpp/yaml-cpp/node/detail/iterator_fwd.h
LHAPDF-6.3.0/src/yamlcpp/yaml-cpp/node/convert.h
LHAPDF-6.3.0/src/yamlcpp/yaml-cpp/node/ptr.h
LHAPDF-6.3.0/src/yamlcpp/emitterutils.cpp
LHAPDF-6.3.0/src/yamlcpp/null.cpp
LHAPDF-6.3.0/src/yamlcpp/scantoken.cpp
LHAPDF-6.3.0/src/yamlcpp/memory.cpp
LHAPDF-6.3.0/src/yamlcpp/nodebuilder.h
LHAPDF-6.3.0/src/yamlcpp/indentation.h
LHAPDF-6.3.0/src/yamlcpp/regex_yaml.cpp
LHAPDF-6.3.0/src/yamlcpp/emit.cpp
LHAPDF-6.3.0/src/yamlcpp/node.cpp
LHAPDF-6.3.0/src/yamlcpp/parser.cpp
LHAPDF-6.3.0/src/yamlcpp/emitter.cpp
LHAPDF-6.3.0/src/yamlcpp/Makefile.am
LHAPDF-6.3.0/src/yamlcpp/emitterstate.h
LHAPDF-6.3.0/src/yamlcpp/streamcharsource.h
LHAPDF-6.3.0/src/yamlcpp/Makefile.in
LHAPDF-6.3.0/src/yamlcpp/scanner.h
LHAPDF-6.3.0/src/yamlcpp/ostream_wrapper.cpp
LHAPDF-6.3.0/src/yamlcpp/ptr_vector.h
LHAPDF-6.3.0/src/yamlcpp/parse.cpp
LHAPDF-6.3.0/src/yamlcpp/stream.h
LHAPDF-6.3.0/src/yamlcpp/tag.h
LHAPDF-6.3.0/src/yamlcpp/nodeevents.cpp
LHAPDF-6.3.0/src/yamlcpp/scanscalar.h
LHAPDF-6.3.0/src/yamlcpp/scanner.cpp
LHAPDF-6.3.0/src/yamlcpp/emitterutils.h
LHAPDF-6.3.0/src/yamlcpp/scanscalar.cpp
LHAPDF-6.3.0/src/yamlcpp/tag.cpp
LHAPDF-6.3.0/src/yamlcpp/binary.cpp
LHAPDF-6.3.0/src/yamlcpp/singledocparser.cpp
LHAPDF-6.3.0/src/yamlcpp/nodeevents.h
LHAPDF-6.3.0/src/yamlcpp/collectionstack.h
LHAPDF-6.3.0/src/yamlcpp/stringsource.h
LHAPDF-6.3.0/src/yamlcpp/regeximpl.h
LHAPDF-6.3.0/src/yamlcpp/token.h
LHAPDF-6.3.0/src/yamlcpp/regex_yaml.h
LHAPDF-6.3.0/src/yamlcpp/simplekey.cpp
LHAPDF-6.3.0/src/yamlcpp/setting.h
LHAPDF-6.3.0/src/yamlcpp/emitterstate.cpp
LHAPDF-6.3.0/src/yamlcpp/scantag.cpp
LHAPDF-6.3.0/src/yamlcpp/stream.cpp
LHAPDF-6.3.0/src/yamlcpp/singledocparser.h
LHAPDF-6.3.0/src/yamlcpp/node_data.cpp
LHAPDF-6.3.0/src/yamlcpp/directives.h
LHAPDF-6.3.0/src/yamlcpp/nodebuilder.cpp
LHAPDF-6.3.0/src/yamlcpp/scantag.h
LHAPDF-6.3.0/src/yamlcpp/exceptions.cpp
LHAPDF-6.3.0/src/yamlcpp/emitfromevents.cpp
LHAPDF-6.3.0/src/FileIO.cc
LHAPDF-6.3.0/src/PDFInfo.cc
LHAPDF-6.3.0/src/AlphaS_ODE.cc
LHAPDF-6.3.0/src/NearestPointExtrapolator.cc
LHAPDF-6.3.0/src/Makefile.am
LHAPDF-6.3.0/src/BilinearInterpolator.cc
LHAPDF-6.3.0/src/ContinuationExtrapolator.cc
LHAPDF-6.3.0/src/AlphaS_Ipol.cc
LHAPDF-6.3.0/src/Makefile.in
LHAPDF-6.3.0/src/Factories.cc
LHAPDF-6.3.0/src/Paths.cc
LHAPDF-6.3.0/src/Utils.cc
LHAPDF-6.3.0/src/Interpolator.cc
LHAPDF-6.3.0/src/GridPDF.cc
LHAPDF-6.3.0/src/PDFIndex.cc
LHAPDF-6.3.0/src/LogBicubicInterpolator.cc
LHAPDF-6.3.0/src/AlphaS.cc
LHAPDF-6.3.0/src/BicubicInterpolator.cc
LHAPDF-6.3.0/src/LHAGlue.cc
LHAPDF-6.3.0/src/Info.cc
LHAPDF-6.3.0/src/LogBilinearInterpolator.cc
LHAPDF-6.3.0/src/PDFSet.cc
LHAPDF-6.3.0/src/AlphaS_Analytic.cc
LHAPDF-6.3.0/src/Config.cc
LHAPDF-6.3.0/configure
LHAPDF-6.3.0/include/
LHAPDF-6.3.0/include/Makefile.am
LHAPDF-6.3.0/include/Makefile.in
LHAPDF-6.3.0/include/LHAPDF/
LHAPDF-6.3.0/include/LHAPDF/BicubicInterpolator.h
LHAPDF-6.3.0/include/LHAPDF/PDFInfo.h
LHAPDF-6.3.0/include/LHAPDF/Version.h
LHAPDF-6.3.0/include/LHAPDF/Config.h
LHAPDF-6.3.0/include/LHAPDF/PDFIndex.h
LHAPDF-6.3.0/include/LHAPDF/ErrExtrapolator.h
LHAPDF-6.3.0/include/LHAPDF/PDFSet.h
LHAPDF-6.3.0/include/LHAPDF/LogBilinearInterpolator.h
LHAPDF-6.3.0/include/LHAPDF/Makefile.am
LHAPDF-6.3.0/include/LHAPDF/Reweighting.h
LHAPDF-6.3.0/include/LHAPDF/Info.h
LHAPDF-6.3.0/include/LHAPDF/Makefile.in
LHAPDF-6.3.0/include/LHAPDF/Exceptions.h
LHAPDF-6.3.0/include/LHAPDF/LogBicubicInterpolator.h
LHAPDF-6.3.0/include/LHAPDF/Version.h.in
LHAPDF-6.3.0/include/LHAPDF/LHAGlue.h
LHAPDF-6.3.0/include/LHAPDF/Utils.h
LHAPDF-6.3.0/include/LHAPDF/GridPDF.h
LHAPDF-6.3.0/include/LHAPDF/Factories.h
LHAPDF-6.3.0/include/LHAPDF/NearestPointExtrapolator.h
LHAPDF-6.3.0/include/LHAPDF/AlphaS.h
LHAPDF-6.3.0/include/LHAPDF/ContinuationExtrapolator.h
LHAPDF-6.3.0/include/LHAPDF/BilinearInterpolator.h
LHAPDF-6.3.0/include/LHAPDF/LHAPDF.h
LHAPDF-6.3.0/include/LHAPDF/PDF.h
LHAPDF-6.3.0/include/LHAPDF/Extrapolator.h
LHAPDF-6.3.0/include/LHAPDF/FileIO.h
LHAPDF-6.3.0/include/LHAPDF/KnotArray.h
LHAPDF-6.3.0/include/LHAPDF/Paths.h
LHAPDF-6.3.0/include/LHAPDF/Interpolator.h
LHAPDF-6.3.0/mkindex
LHAPDF-6.3.0/tests/
LHAPDF-6.3.0/tests/testgrid.cc
LHAPDF-6.3.0/tests/testinfo.cc
LHAPDF-6.3.0/tests/testindex.cc
LHAPDF-6.3.0/tests/testalphas.cc
LHAPDF-6.3.0/tests/Makefile.am
LHAPDF-6.3.0/tests/Makefile.in
LHAPDF-6.3.0/tests/testpaths.cc
LHAPDF-6.3.0/tests/testnsetperf.cc
LHAPDF-6.3.0/tests/testperf.cc
LHAPDF-6.3.0/tests/testsetperf.cc
LHAPDF-6.3.0/lhapdf.conf
LHAPDF-6.3.0/COPYING
LHAPDF-6.3.0/configure.ac
LHAPDF-6.3.0/NEWS
LHAPDF-6.3.0/TODO
LHAPDF-6.3.0/README
 Enter LHAPDF6 directory
 Configure LHAPDF
configure: WARNING: unrecognized options: --with-boost
checking for a BSD-compatible install... /usr/bin/install -c
checking whether build environment is sane... yes
checking for a thread-safe mkdir -p... /usr/bin/mkdir -p
checking for gawk... gawk
checking whether make sets $(MAKE)... yes
checking whether make supports nested variables... yes
checking whether make supports nested variables... (cached) yes
checking for sw_vers... no
./configure: line 3174: test: -static-libstdc++: binary operator expected
checking for style of include used by make... GNU
checking whether to compile using MPI... no
checking whether the C++ compiler works... yes
checking for C++ compiler default output file name... a.out
checking for suffix of executables... 
checking whether we are cross compiling... no
checking for suffix of object files... o
checking whether we are using the GNU C++ compiler... yes
checking whether g++ accepts -g... yes
checking dependency style of g++... gcc3
checking whether g++ supports C++11 features by default... yes
checking for gcc... /cvmfs/sft.cern.ch/lcg/releases/gcc/11.1.0-e80bf/x86_64-centos7/bin/gcc
checking whether we are using the GNU C compiler... yes
checking whether /cvmfs/sft.cern.ch/lcg/releases/gcc/11.1.0-e80bf/x86_64-centos7/bin/gcc accepts -g... yes
checking for /cvmfs/sft.cern.ch/lcg/releases/gcc/11.1.0-e80bf/x86_64-centos7/bin/gcc option to accept ISO C89... none needed
checking whether /cvmfs/sft.cern.ch/lcg/releases/gcc/11.1.0-e80bf/x86_64-centos7/bin/gcc understands -c and -o together... yes
checking dependency style of /cvmfs/sft.cern.ch/lcg/releases/gcc/11.1.0-e80bf/x86_64-centos7/bin/gcc... gcc3
checking whether ln -s works... yes
checking build system type... x86_64-pc-linux-gnu
checking host system type... x86_64-pc-linux-gnu
checking how to print strings... printf
checking for a sed that does not truncate output... /usr/bin/sed
checking for grep that handles long lines and -e... /usr/bin/grep
checking for egrep... /usr/bin/grep -E
checking for fgrep... /usr/bin/grep -F
checking for ld used by /cvmfs/sft.cern.ch/lcg/releases/gcc/11.1.0-e80bf/x86_64-centos7/bin/gcc... /cvmfs/sft.cern.ch/lcg/releases/binutils/2.36.1-a9696/x86_64-centos7/bin/ld
checking if the linker (/cvmfs/sft.cern.ch/lcg/releases/binutils/2.36.1-a9696/x86_64-centos7/bin/ld) is GNU ld... yes
checking for BSD- or MS-compatible name lister (nm)... /cvmfs/sft.cern.ch/lcg/releases/binutils/2.36.1-a9696/x86_64-centos7/bin/nm -B
checking the name lister (/cvmfs/sft.cern.ch/lcg/releases/binutils/2.36.1-a9696/x86_64-centos7/bin/nm -B) interface... BSD nm
checking the maximum length of command line arguments... 1572864
checking how to convert x86_64-pc-linux-gnu file names to x86_64-pc-linux-gnu format... func_convert_file_noop
checking how to convert x86_64-pc-linux-gnu file names to toolchain format... func_convert_file_noop
checking for /cvmfs/sft.cern.ch/lcg/releases/binutils/2.36.1-a9696/x86_64-centos7/bin/ld option to reload object files... -r
checking for objdump... objdump
checking how to recognize dependent libraries... pass_all
checking for dlltool... no
checking how to associate runtime and link libraries... printf %s\n
checking for ar... ar
checking for archiver @FILE support... @
checking for strip... strip
checking for ranlib... ranlib
checking command to parse /cvmfs/sft.cern.ch/lcg/releases/binutils/2.36.1-a9696/x86_64-centos7/bin/nm -B output from /cvmfs/sft.cern.ch/lcg/releases/gcc/11.1.0-e80bf/x86_64-centos7/bin/gcc object... ok
checking for sysroot... no
checking for a working dd... /usr/bin/dd
checking how to truncate binary pipes... /usr/bin/dd bs=4096 count=1
checking for mt... no
checking if : is a manifest tool... no
checking how to run the C preprocessor... /cvmfs/sft.cern.ch/lcg/releases/gcc/11.1.0-e80bf/x86_64-centos7/bin/gcc -E
checking for ANSI C header files... yes
checking for sys/types.h... yes
checking for sys/stat.h... yes
checking for stdlib.h... yes
checking for string.h... yes
checking for memory.h... yes
checking for strings.h... yes
checking for inttypes.h... yes
checking for stdint.h... yes
checking for unistd.h... yes
checking for dlfcn.h... yes
checking for objdir... .libs
checking if /cvmfs/sft.cern.ch/lcg/releases/gcc/11.1.0-e80bf/x86_64-centos7/bin/gcc supports -fno-rtti -fno-exceptions... no
checking for /cvmfs/sft.cern.ch/lcg/releases/gcc/11.1.0-e80bf/x86_64-centos7/bin/gcc option to produce PIC... -fPIC -DPIC
checking if /cvmfs/sft.cern.ch/lcg/releases/gcc/11.1.0-e80bf/x86_64-centos7/bin/gcc PIC flag -fPIC -DPIC works... yes
checking if /cvmfs/sft.cern.ch/lcg/releases/gcc/11.1.0-e80bf/x86_64-centos7/bin/gcc static flag -static works... no
checking if /cvmfs/sft.cern.ch/lcg/releases/gcc/11.1.0-e80bf/x86_64-centos7/bin/gcc supports -c -o file.o... yes
checking if /cvmfs/sft.cern.ch/lcg/releases/gcc/11.1.0-e80bf/x86_64-centos7/bin/gcc supports -c -o file.o... (cached) yes
checking whether the /cvmfs/sft.cern.ch/lcg/releases/gcc/11.1.0-e80bf/x86_64-centos7/bin/gcc linker (/cvmfs/sft.cern.ch/lcg/releases/binutils/2.36.1-a9696/x86_64-centos7/bin/ld -m elf_x86_64) supports shared libraries... yes
checking whether -lc should be explicitly linked in... no
checking dynamic linker characteristics... GNU/Linux ld.so
checking how to hardcode library paths into programs... immediate
checking whether stripping libraries is possible... yes
checking if libtool supports shared libraries... yes
checking whether to build shared libraries... yes
checking whether to build static libraries... yes
checking how to run the C++ preprocessor... g++ -E
checking for ld used by g++... /cvmfs/sft.cern.ch/lcg/releases/binutils/2.36.1-a9696/x86_64-centos7/bin/ld -m elf_x86_64
checking if the linker (/cvmfs/sft.cern.ch/lcg/releases/binutils/2.36.1-a9696/x86_64-centos7/bin/ld -m elf_x86_64) is GNU ld... yes
checking whether the g++ linker (/cvmfs/sft.cern.ch/lcg/releases/binutils/2.36.1-a9696/x86_64-centos7/bin/ld -m elf_x86_64) supports shared libraries... yes
checking for g++ option to produce PIC... -fPIC -DPIC
checking if g++ PIC flag -fPIC -DPIC works... yes
checking if g++ static flag -static works... no
checking if g++ supports -c -o file.o... yes
checking if g++ supports -c -o file.o... (cached) yes
checking whether the g++ linker (/cvmfs/sft.cern.ch/lcg/releases/binutils/2.36.1-a9696/x86_64-centos7/bin/ld -m elf_x86_64) supports shared libraries... yes
checking dynamic linker characteristics... (cached) GNU/Linux ld.so
checking how to hardcode library paths into programs... immediate
configure: Building LHAGLUE Fortran wrappers
configure: Building LHAGLUE C++ wrappers
checking for pdflatex... /usr/bin/pdflatex
checking for doxygen... /cvmfs/sft.cern.ch/lcg/views/LCG_101/x86_64-centos7-gcc11-opt/bin/doxygen
checking for python... /cvmfs/sft.cern.ch/lcg/views/LCG_101/x86_64-centos7-gcc11-opt/bin/python3
checking for python version... 3.9
checking for python platform... linux
checking for python script directory... ${prefix}/lib/python3.9/site-packages
checking for python extension module directory... ${exec_prefix}/lib/python3.9/site-packages
checking for Cython >= 0.19... yes
configure: Cython >= 0.19 found: Python extension source can be rebuilt (for developers)
checking if the g++ compiler accepts the -pedantic flag... yes
checking if the g++ compiler accepts the -Wall flag... yes
checking if the g++ compiler accepts the -Wno-long-long flag... yes
checking if the g++ compiler accepts the -Qunused-arguments flag... no
checking that generated files are newer than configure... done
configure: creating ./config.status
config.status: creating Makefile
config.status: creating src/Makefile
config.status: creating src/yamlcpp/Makefile
config.status: creating include/Makefile
config.status: creating include/LHAPDF/Makefile
config.status: creating bin/Makefile
config.status: creating bin/lhapdf-config
config.status: creating examples/Makefile
config.status: creating tests/Makefile
config.status: creating doc/Makefile
config.status: creating doc/Doxyfile
config.status: creating lhapdf.pc
config.status: creating wrappers/Makefile
config.status: creating wrappers/python/Makefile
config.status: creating wrappers/python/setup.py
config.status: creating config/config.h
config.status: creating include/LHAPDF/Version.h
config.status: include/LHAPDF/Version.h is unchanged
config.status: executing depfiles commands
config.status: executing libtool commands
configure: WARNING: unrecognized options: --with-boost

****************************************************************
IMPORTANT INFORMATION ABOUT PDF SETS

LHAPDF no longer bundles PDF set data in the package tarball.
The sets are instead all stored online at
  http://lhapdfsets.web.cern.ch/lhapdfsets/current/
and you should install those that you wish to use into
  /nfs_scratch/hjia38/runMG_job/MG5_aMC_v3_3_1/HEPTools/lhapdf6_py3/share/LHAPDF

The downloadable PDF sets are packaged as tarballs, which
must be expanded to be used. The simplest way to do this is with
the 'lhapdf' script, e.g. to install the CT10nlo PDF set:
  lhapdf install CT10nlo
The same effect can be achieved manually with, e.g.:
  wget http://lhapdfsets.web.cern.ch/lhapdfsets/current/CT10nlo.tar.gz -O- | tar xz -C /nfs_scratch/hjia38/runMG_job/MG5_aMC_v3_3_1/HEPTools/lhapdf6_py3/share/LHAPDF

****************************************************************

 Compile LHAPDF6
Making all in src
make[1]: Entering directory `/tmp/tmpcaa_18zu/LHAPDF-6.3.0/src'
Making all in yamlcpp
make[2]: Entering directory `/tmp/tmpcaa_18zu/LHAPDF-6.3.0/src/yamlcpp'
  CXX      liblhapdf_yaml_cpp_la-binary.lo
  CXX      liblhapdf_yaml_cpp_la-emitterstate.lo
  CXX      liblhapdf_yaml_cpp_la-node.lo
  CXX      liblhapdf_yaml_cpp_la-parser.lo
  CXX      liblhapdf_yaml_cpp_la-simplekey.lo
  CXX      liblhapdf_yaml_cpp_la-convert.lo
  CXX      liblhapdf_yaml_cpp_la-emitterutils.lo
  CXX      liblhapdf_yaml_cpp_la-node_data.lo
  CXX      liblhapdf_yaml_cpp_la-regex_yaml.lo
  CXX      liblhapdf_yaml_cpp_la-singledocparser.lo
  CXX      liblhapdf_yaml_cpp_la-directives.lo
  CXX      liblhapdf_yaml_cpp_la-exceptions.lo
  CXX      liblhapdf_yaml_cpp_la-nodeevents.lo
  CXX      liblhapdf_yaml_cpp_la-scanner.lo
  CXX      liblhapdf_yaml_cpp_la-stream.lo
  CXX      liblhapdf_yaml_cpp_la-emit.lo
  CXX      liblhapdf_yaml_cpp_la-exp.lo
  CXX      liblhapdf_yaml_cpp_la-null.lo
  CXX      liblhapdf_yaml_cpp_la-scanscalar.lo
  CXX      liblhapdf_yaml_cpp_la-tag.lo
  CXX      liblhapdf_yaml_cpp_la-emitfromevents.lo
  CXX      liblhapdf_yaml_cpp_la-memory.lo
  CXX      liblhapdf_yaml_cpp_la-ostream_wrapper.lo
  CXX      liblhapdf_yaml_cpp_la-scantag.lo
  CXX      liblhapdf_yaml_cpp_la-emitter.lo
  CXX      liblhapdf_yaml_cpp_la-nodebuilder.lo
  CXX      liblhapdf_yaml_cpp_la-parse.lo
  CXX      liblhapdf_yaml_cpp_la-scantoken.lo
  CXXLD    liblhapdf-yaml-cpp.la
make[2]: Leaving directory `/tmp/tmpcaa_18zu/LHAPDF-6.3.0/src/yamlcpp'
make[2]: Entering directory `/tmp/tmpcaa_18zu/LHAPDF-6.3.0/src'
  CXX      PDF.lo
  CXX      PDFSet.lo
  CXX      PDFInfo.lo
  CXX      GridPDF.lo
  CXX      KnotArray.lo
  CXX      Interpolator.lo
  CXX      BilinearInterpolator.lo
  CXX      BicubicInterpolator.lo
  CXX      LogBilinearInterpolator.lo
  CXX      LogBicubicInterpolator.lo
  CXX      ErrExtrapolator.lo
  CXX      NearestPointExtrapolator.lo
  CXX      ContinuationExtrapolator.lo
  CXX      AlphaS.lo
  CXX      AlphaS_Analytic.lo
  CXX      AlphaS_ODE.lo
  CXX      AlphaS_Ipol.lo
  CXX      Config.lo
  CXX      Factories.lo
  CXX      PDFIndex.lo
  CXX      Utils.lo
  CXX      FileIO.lo
  CXX      libLHAPDFInfo_la-Info.lo
  CXXLD    libLHAPDFInfo.la
  CXX      libLHAPDFPaths_la-Paths.lo
  CXXLD    libLHAPDFPaths.la
  CXX      libLHAPDFGlue_la-LHAGlue.lo
  CXXLD    libLHAPDFGlue.la
  CXXLD    libLHAPDF.la
make[2]: Leaving directory `/tmp/tmpcaa_18zu/LHAPDF-6.3.0/src'
make[1]: Leaving directory `/tmp/tmpcaa_18zu/LHAPDF-6.3.0/src'
Making all in include
make[1]: Entering directory `/tmp/tmpcaa_18zu/LHAPDF-6.3.0/include'
Making all in LHAPDF
make[2]: Entering directory `/tmp/tmpcaa_18zu/LHAPDF-6.3.0/include/LHAPDF'
make  all-am
make[3]: Entering directory `/tmp/tmpcaa_18zu/LHAPDF-6.3.0/include/LHAPDF'
make[3]: Leaving directory `/tmp/tmpcaa_18zu/LHAPDF-6.3.0/include/LHAPDF'
make[2]: Leaving directory `/tmp/tmpcaa_18zu/LHAPDF-6.3.0/include/LHAPDF'
make[2]: Entering directory `/tmp/tmpcaa_18zu/LHAPDF-6.3.0/include'
make[2]: Nothing to be done for `all-am'.
make[2]: Leaving directory `/tmp/tmpcaa_18zu/LHAPDF-6.3.0/include'
make[1]: Leaving directory `/tmp/tmpcaa_18zu/LHAPDF-6.3.0/include'
Making all in wrappers
make[1]: Entering directory `/tmp/tmpcaa_18zu/LHAPDF-6.3.0/wrappers'
Making all in python
make[2]: Entering directory `/tmp/tmpcaa_18zu/LHAPDF-6.3.0/wrappers/python'
for i in lhapdf.cpp lhapdf.pyx clhapdf.pxd; do \
  orig="$i"; \
  build="$(basename $i)"; \
  if [ ! -e ${build} ]; then cp ${orig} ${build}; \
  echo ${build} >> fix-out-of-source; fi; \
done
touch fix-out-of-source
CC="g++" CXX="g++" CFLAGS="-g -O2" CXXFLAGS="-static-libstdc++ -std=c++11 " /cvmfs/sft.cern.ch/lcg/views/LCG_101/x86_64-centos7-gcc11-opt/bin/python3 setup.py install --install-lib=build/ --force
running install
running build
running build_ext
building 'lhapdf' extension
creating build
creating build/temp.linux-x86_64-3.9
g++ -Wno-unused-result -Wsign-compare -DNDEBUG -g -fwrapv -O3 -Wall -g -O2 -fPIC -I/tmp/tmpcaa_18zu/LHAPDF-6.3.0/include -I/tmp/tmpcaa_18zu/LHAPDF-6.3.0/include -I/cvmfs/sft.cern.ch/lcg/releases/Python/3.9.6-b0f98/x86_64-centos7-gcc11-opt/include/python3.9 -c lhapdf.cpp -o build/temp.linux-x86_64-3.9/lhapdf.o -I/nfs_scratch/hjia38/runMG_job/MG5_aMC_v3_3_1/HEPTools/lhapdf6_py3/include
creating build/lib.linux-x86_64-3.9
/cvmfs/sft.cern.ch/lcg/releases/gcc/11.1.0-e80bf/x86_64-centos7/bin/gcc -pthread -shared -Wl,-rpath,$ORIGIN/../lib -L/cvmfs/sft.cern.ch/lcg/releases/libffi/3.2.1-26487/x86_64-centos7-gcc11-opt/lib64 -g -O2 build/temp.linux-x86_64-3.9/lhapdf.o -L/tmp/tmpcaa_18zu/LHAPDF-6.3.0/src/.libs -L/cvmfs/sft.cern.ch/lcg/releases/Python/3.9.6-b0f98/x86_64-centos7-gcc11-opt/lib -lstdc++ -lLHAPDF -o build/lib.linux-x86_64-3.9/lhapdf.cpython-39-x86_64-linux-gnu.so
running install_lib
copying build/lib.linux-x86_64-3.9/lhapdf.cpython-39-x86_64-linux-gnu.so -> build
running install_egg_info
Writing build/LHAPDF-6.3.0-py3.9.egg-info
make[2]: Leaving directory `/tmp/tmpcaa_18zu/LHAPDF-6.3.0/wrappers/python'
make[2]: Entering directory `/tmp/tmpcaa_18zu/LHAPDF-6.3.0/wrappers'
make[2]: Nothing to be done for `all-am'.
make[2]: Leaving directory `/tmp/tmpcaa_18zu/LHAPDF-6.3.0/wrappers'
make[1]: Leaving directory `/tmp/tmpcaa_18zu/LHAPDF-6.3.0/wrappers'
Making all in tests
make[1]: Entering directory `/tmp/tmpcaa_18zu/LHAPDF-6.3.0/tests'
make[1]: Nothing to be done for `all'.
make[1]: Leaving directory `/tmp/tmpcaa_18zu/LHAPDF-6.3.0/tests'
Making all in bin
make[1]: Entering directory `/tmp/tmpcaa_18zu/LHAPDF-6.3.0/bin'
make[1]: Nothing to be done for `all'.
make[1]: Leaving directory `/tmp/tmpcaa_18zu/LHAPDF-6.3.0/bin'
make[1]: Entering directory `/tmp/tmpcaa_18zu/LHAPDF-6.3.0'
make[1]: Nothing to be done for `all-am'.
make[1]: Leaving directory `/tmp/tmpcaa_18zu/LHAPDF-6.3.0'
 Install LHAPDF6
Making install in src
make[1]: Entering directory `/tmp/tmpcaa_18zu/LHAPDF-6.3.0/src'
Making install in yamlcpp
make[2]: Entering directory `/tmp/tmpcaa_18zu/LHAPDF-6.3.0/src/yamlcpp'
make[3]: Entering directory `/tmp/tmpcaa_18zu/LHAPDF-6.3.0/src/yamlcpp'
make[3]: Nothing to be done for `install-exec-am'.
make[3]: Nothing to be done for `install-data-am'.
make[3]: Leaving directory `/tmp/tmpcaa_18zu/LHAPDF-6.3.0/src/yamlcpp'
make[2]: Leaving directory `/tmp/tmpcaa_18zu/LHAPDF-6.3.0/src/yamlcpp'
make[2]: Entering directory `/tmp/tmpcaa_18zu/LHAPDF-6.3.0/src'
make[3]: Entering directory `/tmp/tmpcaa_18zu/LHAPDF-6.3.0/src'
 /usr/bin/mkdir -p '/nfs_scratch/hjia38/runMG_job/MG5_aMC_v3_3_1/HEPTools/lhapdf6_py3//lib'
 /bin/sh ../libtool   --mode=install /usr/bin/install -c   libLHAPDF.la '/nfs_scratch/hjia38/runMG_job/MG5_aMC_v3_3_1/HEPTools/lhapdf6_py3//lib'
libtool: install: /usr/bin/install -c .libs/libLHAPDF.so /nfs_scratch/hjia38/runMG_job/MG5_aMC_v3_3_1/HEPTools/lhapdf6_py3//lib/libLHAPDF.so
libtool: install: /usr/bin/install -c .libs/libLHAPDF.lai /nfs_scratch/hjia38/runMG_job/MG5_aMC_v3_3_1/HEPTools/lhapdf6_py3//lib/libLHAPDF.la
libtool: install: /usr/bin/install -c .libs/libLHAPDF.a /nfs_scratch/hjia38/runMG_job/MG5_aMC_v3_3_1/HEPTools/lhapdf6_py3//lib/libLHAPDF.a
libtool: install: chmod 644 /nfs_scratch/hjia38/runMG_job/MG5_aMC_v3_3_1/HEPTools/lhapdf6_py3//lib/libLHAPDF.a
libtool: install: ranlib /nfs_scratch/hjia38/runMG_job/MG5_aMC_v3_3_1/HEPTools/lhapdf6_py3//lib/libLHAPDF.a
libtool: finish: PATH="/nfs_scratch/hjia38/runMG_job/MG5_aMC_v3_3_1/HEPTools/bin:/cvmfs/sft.cern.ch/lcg/views/LCG_101/x86_64-centos7-gcc11-opt/scripts:/cvmfs/sft.cern.ch/lcg/views/LCG_101/x86_64-centos7-gcc11-opt/bin:/cvmfs/sft.cern.ch/lcg/releases/gcc/11.1.0-e80bf/x86_64-centos7/bin:/cvmfs/sft.cern.ch/lcg/releases/binutils/2.36.1-a9696/x86_64-centos7/bin:/cvmfs/cms.cern.ch/common:/cvmfs/cms.cern.ch/common:/usr/local/bin/smb:/usr/local/bin/raid:/usr/lib64/qt-3.3/bin:/usr/local/etc:/usr/local/bin/hadoop:/usr/local/bin/firstboot:/usr/local/bin/defaultcls:/usr/local/bin/cephdir:/usr/local/bin/afs:/usr/local/bin:/usr/bin:/usr/local/sbin:/usr/sbin:/opt/puppetlabs/bin:/usr/bin:/afs/hep.wisc.edu/user/hjia38/.fzf/bin:/afs/hep.wisc.edu/home/hjia38/bin:/sbin" ldconfig -n /nfs_scratch/hjia38/runMG_job/MG5_aMC_v3_3_1/HEPTools/lhapdf6_py3//lib
----------------------------------------------------------------------
Libraries have been installed in:
   /nfs_scratch/hjia38/runMG_job/MG5_aMC_v3_3_1/HEPTools/lhapdf6_py3//lib

If you ever happen to want to link against installed libraries
in a given directory, LIBDIR, you must either use libtool, and
specify the full pathname of the library, or use the '-LLIBDIR'
flag during linking and do at least one of the following:
   - add LIBDIR to the 'LD_LIBRARY_PATH' environment variable
     during execution
   - add LIBDIR to the 'LD_RUN_PATH' environment variable
     during linking
   - use the '-Wl,-rpath -Wl,LIBDIR' linker flag
   - have your system administrator add LIBDIR to '/etc/ld.so.conf'

See any operating system documentation about shared libraries for
more information, such as the ld(1) and ld.so(8) manual pages.
----------------------------------------------------------------------
make[3]: Nothing to be done for `install-data-am'.
make[3]: Leaving directory `/tmp/tmpcaa_18zu/LHAPDF-6.3.0/src'
make[2]: Leaving directory `/tmp/tmpcaa_18zu/LHAPDF-6.3.0/src'
make[1]: Leaving directory `/tmp/tmpcaa_18zu/LHAPDF-6.3.0/src'
Making install in include
make[1]: Entering directory `/tmp/tmpcaa_18zu/LHAPDF-6.3.0/include'
Making install in LHAPDF
make[2]: Entering directory `/tmp/tmpcaa_18zu/LHAPDF-6.3.0/include/LHAPDF'
make[3]: Entering directory `/tmp/tmpcaa_18zu/LHAPDF-6.3.0/include/LHAPDF'
make[3]: Nothing to be done for `install-exec-am'.
 /usr/bin/mkdir -p '/nfs_scratch/hjia38/runMG_job/MG5_aMC_v3_3_1/HEPTools/lhapdf6_py3/include/LHAPDF'
 /usr/bin/install -c -m 644 LHAPDF.h Version.h Info.h Config.h PDFSet.h PDFInfo.h PDF.h GridPDF.h KnotArray.h Utils.h FileIO.h Paths.h Exceptions.h Factories.h PDFIndex.h Reweighting.h Interpolator.h BilinearInterpolator.h BicubicInterpolator.h LogBilinearInterpolator.h LogBicubicInterpolator.h Extrapolator.h ErrExtrapolator.h NearestPointExtrapolator.h ContinuationExtrapolator.h AlphaS.h LHAGlue.h '/nfs_scratch/hjia38/runMG_job/MG5_aMC_v3_3_1/HEPTools/lhapdf6_py3/include/LHAPDF'
make[3]: Leaving directory `/tmp/tmpcaa_18zu/LHAPDF-6.3.0/include/LHAPDF'
make[2]: Leaving directory `/tmp/tmpcaa_18zu/LHAPDF-6.3.0/include/LHAPDF'
make[2]: Entering directory `/tmp/tmpcaa_18zu/LHAPDF-6.3.0/include'
make[3]: Entering directory `/tmp/tmpcaa_18zu/LHAPDF-6.3.0/include'
make[3]: Nothing to be done for `install-exec-am'.
make[3]: Nothing to be done for `install-data-am'.
make[3]: Leaving directory `/tmp/tmpcaa_18zu/LHAPDF-6.3.0/include'
make[2]: Leaving directory `/tmp/tmpcaa_18zu/LHAPDF-6.3.0/include'
make[1]: Leaving directory `/tmp/tmpcaa_18zu/LHAPDF-6.3.0/include'
Making install in wrappers
make[1]: Entering directory `/tmp/tmpcaa_18zu/LHAPDF-6.3.0/wrappers'
Making install in python
make[2]: Entering directory `/tmp/tmpcaa_18zu/LHAPDF-6.3.0/wrappers/python'
CC="g++" CXX="g++" CFLAGS="-g -O2" CXXFLAGS="-static-libstdc++ -std=c++11 " /cvmfs/sft.cern.ch/lcg/views/LCG_101/x86_64-centos7-gcc11-opt/bin/python3 setup.py install --install-lib=build/ --force
running install
running build
running build_ext
running install_lib
copying build/lib.linux-x86_64-3.9/lhapdf.cpython-39-x86_64-linux-gnu.so -> build
running install_egg_info
Removing build/LHAPDF-6.3.0-py3.9.egg-info
Writing build/LHAPDF-6.3.0-py3.9.egg-info
make[3]: Entering directory `/tmp/tmpcaa_18zu/LHAPDF-6.3.0/wrappers/python'
CC="g++" CXX="g++" CFLAGS="-g -O2" CXXFLAGS="-static-libstdc++ -std=c++11 " /cvmfs/sft.cern.ch/lcg/views/LCG_101/x86_64-centos7-gcc11-opt/bin/python3 setup.py install --prefix=/nfs_scratch/hjia38/runMG_job/MG5_aMC_v3_3_1/HEPTools/lhapdf6_py3 --force
running install
running build
running build_ext
running install_lib
creating /nfs_scratch/hjia38/runMG_job/MG5_aMC_v3_3_1/HEPTools/lhapdf6_py3/lib/python3.9
creating /nfs_scratch/hjia38/runMG_job/MG5_aMC_v3_3_1/HEPTools/lhapdf6_py3/lib/python3.9/site-packages
copying build/lib.linux-x86_64-3.9/lhapdf.cpython-39-x86_64-linux-gnu.so -> /nfs_scratch/hjia38/runMG_job/MG5_aMC_v3_3_1/HEPTools/lhapdf6_py3/lib/python3.9/site-packages
running install_egg_info
Writing /nfs_scratch/hjia38/runMG_job/MG5_aMC_v3_3_1/HEPTools/lhapdf6_py3/lib/python3.9/site-packages/LHAPDF-6.3.0-py3.9.egg-info
make[3]: Nothing to be done for `install-data-am'.
make[3]: Leaving directory `/tmp/tmpcaa_18zu/LHAPDF-6.3.0/wrappers/python'
make[2]: Leaving directory `/tmp/tmpcaa_18zu/LHAPDF-6.3.0/wrappers/python'
make[2]: Entering directory `/tmp/tmpcaa_18zu/LHAPDF-6.3.0/wrappers'
make[3]: Entering directory `/tmp/tmpcaa_18zu/LHAPDF-6.3.0/wrappers'
make[3]: Nothing to be done for `install-exec-am'.
make[3]: Nothing to be done for `install-data-am'.
make[3]: Leaving directory `/tmp/tmpcaa_18zu/LHAPDF-6.3.0/wrappers'
make[2]: Leaving directory `/tmp/tmpcaa_18zu/LHAPDF-6.3.0/wrappers'
make[1]: Leaving directory `/tmp/tmpcaa_18zu/LHAPDF-6.3.0/wrappers'
Making install in tests
make[1]: Entering directory `/tmp/tmpcaa_18zu/LHAPDF-6.3.0/tests'
make[2]: Entering directory `/tmp/tmpcaa_18zu/LHAPDF-6.3.0/tests'
make[2]: Nothing to be done for `install-exec-am'.
make[2]: Nothing to be done for `install-data-am'.
make[2]: Leaving directory `/tmp/tmpcaa_18zu/LHAPDF-6.3.0/tests'
make[1]: Leaving directory `/tmp/tmpcaa_18zu/LHAPDF-6.3.0/tests'
Making install in bin
make[1]: Entering directory `/tmp/tmpcaa_18zu/LHAPDF-6.3.0/bin'
make[2]: Entering directory `/tmp/tmpcaa_18zu/LHAPDF-6.3.0/bin'
 /usr/bin/mkdir -p '/nfs_scratch/hjia38/runMG_job/MG5_aMC_v3_3_1/HEPTools/lhapdf6_py3//bin'
 /usr/bin/install -c lhapdf-config '/nfs_scratch/hjia38/runMG_job/MG5_aMC_v3_3_1/HEPTools/lhapdf6_py3//bin'
 /usr/bin/mkdir -p '/nfs_scratch/hjia38/runMG_job/MG5_aMC_v3_3_1/HEPTools/lhapdf6_py3//bin'
 /usr/bin/install -c lhapdf '/nfs_scratch/hjia38/runMG_job/MG5_aMC_v3_3_1/HEPTools/lhapdf6_py3//bin'
make[2]: Nothing to be done for `install-data-am'.
make[2]: Leaving directory `/tmp/tmpcaa_18zu/LHAPDF-6.3.0/bin'
make[1]: Leaving directory `/tmp/tmpcaa_18zu/LHAPDF-6.3.0/bin'
make[1]: Entering directory `/tmp/tmpcaa_18zu/LHAPDF-6.3.0'
make[2]: Entering directory `/tmp/tmpcaa_18zu/LHAPDF-6.3.0'
make[2]: Nothing to be done for `install-exec-am'.
 /usr/bin/mkdir -p '/nfs_scratch/hjia38/runMG_job/MG5_aMC_v3_3_1/HEPTools/lhapdf6_py3//lib/pkgconfig'
 /usr/bin/install -c -m 644 lhapdf.pc '/nfs_scratch/hjia38/runMG_job/MG5_aMC_v3_3_1/HEPTools/lhapdf6_py3//lib/pkgconfig'
 /usr/bin/mkdir -p '/nfs_scratch/hjia38/runMG_job/MG5_aMC_v3_3_1/HEPTools/lhapdf6_py3//share/LHAPDF'
 /usr/bin/install -c -m 644 lhapdf.conf pdfsets.index '/nfs_scratch/hjia38/runMG_job/MG5_aMC_v3_3_1/HEPTools/lhapdf6_py3//share/LHAPDF'
make  install-data-hook
make[3]: Entering directory `/tmp/tmpcaa_18zu/LHAPDF-6.3.0'
test -e /nfs_scratch/hjia38/runMG_job/MG5_aMC_v3_3_1/HEPTools/lhapdf6_py3//share/LHAPDF/sets && rmdir /nfs_scratch/hjia38/runMG_job/MG5_aMC_v3_3_1/HEPTools/lhapdf6_py3//share/LHAPDF/sets || true
make[3]: Leaving directory `/tmp/tmpcaa_18zu/LHAPDF-6.3.0'
make[2]: Leaving directory `/tmp/tmpcaa_18zu/LHAPDF-6.3.0'
make[1]: Leaving directory `/tmp/tmpcaa_18zu/LHAPDF-6.3.0'
copy index and conf file
cp: ‘./share/LHAPDF/pdfsets.index’ and ‘/nfs_scratch/hjia38/runMG_job/MG5_aMC_v3_3_1/HEPTools/lhapdf6_py3//share/LHAPDF/pdfsets.index’ are the same file
cp: ‘./share/LHAPDF/lhapdf.conf’ and ‘/nfs_scratch/hjia38/runMG_job/MG5_aMC_v3_3_1/HEPTools/lhapdf6_py3//share/LHAPDF/lhapdf.conf’ are the same file
--2022-03-07 16:49:41--  http://lhapdfsets.web.cern.ch/lhapdfsets/current/NNPDF23_lo_as_0130_qed.tar.gz
Resolving lhapdfsets.web.cern.ch (lhapdfsets.web.cern.ch)... 2001:1458:d00:41::100:264, 2001:1458:d00:3f::100:355, 2001:1458:d00:19::12e, ...
Connecting to lhapdfsets.web.cern.ch (lhapdfsets.web.cern.ch)|2001:1458:d00:41::100:264|:80... connected.
HTTP request sent, awaiting response... 302 Found
Location: https://lhapdfsets.web.cern.ch/lhapdfsets/current/NNPDF23_lo_as_0130_qed.tar.gz [following]
--2022-03-07 16:49:42--  https://lhapdfsets.web.cern.ch/lhapdfsets/current/NNPDF23_lo_as_0130_qed.tar.gz
Connecting to lhapdfsets.web.cern.ch (lhapdfsets.web.cern.ch)|2001:1458:d00:41::100:264|:443... connected.
HTTP request sent, awaiting response... 302 Found
Location: https://lhapdfsets.web.cern.ch/current/NNPDF23_lo_as_0130_qed.tar.gz [following]
--2022-03-07 16:49:42--  https://lhapdfsets.web.cern.ch/current/NNPDF23_lo_as_0130_qed.tar.gz
Reusing existing connection to [lhapdfsets.web.cern.ch]:443.
HTTP request sent, awaiting response... 200 OK
Length: 27625668 (26M) [application/x-gzip]
Saving to: ‘NNPDF23_lo_as_0130_qed.tar.gz’

     0K .......... .......... .......... .......... ..........  0%  223K 2m1s
    50K .......... .......... .......... .......... ..........  0%  446K 91s
   100K .......... .......... .......... .......... ..........  0%  437K 81s
   150K .......... .......... .......... .......... ..........  0%  445K 75s
   200K .......... .......... .......... .......... ..........  0% 1.20M 65s
   250K .......... .......... .......... .......... ..........  1%  274K 70s
   300K .......... .......... .......... .......... ..........  1% 1.16M 63s
   350K .......... .......... .......... .......... ..........  1% 17.3M 55s
   400K .......... .......... .......... .......... ..........  1%  721K 53s
   450K .......... .......... .......... .......... ..........  1% 1.27M 50s
   500K .......... .......... .......... .......... ..........  2% 18.7M 45s
   550K .......... .......... .......... .......... ..........  2%  720K 44s
   600K .......... .......... .......... .......... ..........  2% 18.6M 41s
   650K .......... .......... .......... .......... ..........  2% 1.31M 39s
   700K .......... .......... .......... .......... ..........  2% 18.7M 37s
   750K .......... .......... .......... .......... ..........  2% 18.1M 35s
   800K .......... .......... .......... .......... ..........  3% 16.1M 33s
   850K .......... .......... .......... .......... ..........  3% 24.3M 31s
   900K .......... .......... .......... .......... ..........  3% 20.5M 29s
   950K .......... .......... .......... .......... ..........  3% 19.4M 28s
  1000K .......... .......... .......... .......... ..........  3%  857K 28s
  1050K .......... .......... .......... .......... ..........  4% 14.4M 27s
  1100K .......... .......... .......... .......... ..........  4% 15.4M 25s
  1150K .......... .......... .......... .......... ..........  4% 22.0M 24s
  1200K .......... .......... .......... .......... ..........  4% 1.54M 24s
  1250K .......... .......... .......... .......... ..........  4% 16.0M 23s
  1300K .......... .......... .......... .......... ..........  5% 14.3M 22s
  1350K .......... .......... .......... .......... ..........  5% 20.9M 21s
  1400K .......... .......... .......... .......... ..........  5% 24.4M 21s
  1450K .......... .......... .......... .......... ..........  5% 21.2M 20s
  1500K .......... .......... .......... .......... ..........  5% 18.8M 19s
  1550K .......... .......... .......... .......... ..........  5% 23.2M 19s
  1600K .......... .......... .......... .......... ..........  6% 19.9M 18s
  1650K .......... .......... .......... .......... ..........  6% 30.2M 18s
  1700K .......... .......... .......... .......... ..........  6% 26.1M 17s
  1750K .......... .......... .......... .......... ..........  6% 26.5M 17s
  1800K .......... .......... .......... .......... ..........  6% 25.8M 16s
  1850K .......... .......... .......... .......... ..........  7% 1.13M 16s
  1900K .......... .......... .......... .......... ..........  7% 24.1M 16s
  1950K .......... .......... .......... .......... ..........  7% 20.1M 15s
  2000K .......... .......... .......... .......... ..........  7% 30.6M 15s
  2050K .......... .......... .......... .......... ..........  7% 27.4M 15s
  2100K .......... .......... .......... .......... ..........  7% 25.1M 14s
  2150K .......... .......... .......... .......... ..........  8% 32.2M 14s
  2200K .......... .......... .......... .......... ..........  8% 1.75M 14s
  2250K .......... .......... .......... .......... ..........  8% 24.7M 14s
  2300K .......... .......... .......... .......... ..........  8% 21.4M 13s
  2350K .......... .......... .......... .......... ..........  8% 20.7M 13s
  2400K .......... .......... .......... .......... ..........  9% 20.0M 13s
  2450K .......... .......... .......... .......... ..........  9% 18.8M 13s
  2500K .......... .......... .......... .......... ..........  9% 25.5M 12s
  2550K .......... .......... .......... .......... ..........  9% 30.2M 12s
  2600K .......... .......... .......... .......... ..........  9% 22.9M 12s
  2650K .......... .......... .......... .......... .......... 10% 33.0M 12s
  2700K .......... .......... .......... .......... .......... 10% 24.0M 11s
  2750K .......... .......... .......... .......... .......... 10% 28.2M 11s
  2800K .......... .......... .......... .......... .......... 10% 28.6M 11s
  2850K .......... .......... .......... .......... .......... 10% 23.5M 11s
  2900K .......... .......... .......... .......... .......... 10% 32.5M 11s
  2950K .......... .......... .......... .......... .......... 11% 27.1M 10s
  3000K .......... .......... .......... .......... .......... 11% 30.5M 10s
  3050K .......... .......... .......... .......... .......... 11% 37.4M 10s
  3100K .......... .......... .......... .......... .......... 11% 33.6M 10s
  3150K .......... .......... .......... .......... .......... 11% 33.5M 10s
  3200K .......... .......... .......... .......... .......... 12% 32.7M 10s
  3250K .......... .......... .......... .......... .......... 12% 38.1M 9s
  3300K .......... .......... .......... .......... .......... 12% 32.2M 9s
  3350K .......... .......... .......... .......... .......... 12% 35.1M 9s
  3400K .......... .......... .......... .......... .......... 12% 1.57M 9s
  3450K .......... .......... .......... .......... .......... 12% 38.4M 9s
  3500K .......... .......... .......... .......... .......... 13% 44.4M 9s
  3550K .......... .......... .......... .......... .......... 13% 37.9M 9s
  3600K .......... .......... .......... .......... .......... 13% 32.9M 9s
  3650K .......... .......... .......... .......... .......... 13% 37.1M 9s
  3700K .......... .......... .......... .......... .......... 13% 40.6M 8s
  3750K .......... .......... .......... .......... .......... 14% 1.54M 8s
  3800K .......... .......... .......... .......... .......... 14% 32.0M 8s
  3850K .......... .......... .......... .......... .......... 14% 25.7M 8s
  3900K .......... .......... .......... .......... .......... 14% 28.4M 8s
  3950K .......... .......... .......... .......... .......... 14% 23.1M 8s
  4000K .......... .......... .......... .......... .......... 15% 26.4M 8s
  4050K .......... .......... .......... .......... .......... 15% 32.8M 8s
  4100K .......... .......... .......... .......... .......... 15% 28.7M 8s
  4150K .......... .......... .......... .......... .......... 15% 26.8M 8s
  4200K .......... .......... .......... .......... .......... 15% 36.3M 8s
  4250K .......... .......... .......... .......... .......... 15% 37.1M 7s
  4300K .......... .......... .......... .......... .......... 16% 34.4M 7s
  4350K .......... .......... .......... .......... .......... 16% 36.7M 7s
  4400K .......... .......... .......... .......... .......... 16% 28.5M 7s
  4450K .......... .......... .......... .......... .......... 16% 36.9M 7s
  4500K .......... .......... .......... .......... .......... 16% 36.6M 7s
  4550K .......... .......... .......... .......... .......... 17% 36.1M 7s
  4600K .......... .......... .......... .......... .......... 17% 36.8M 7s
  4650K .......... .......... .......... .......... .......... 17% 39.0M 7s
  4700K .......... .......... .......... .......... .......... 17% 45.0M 7s
  4750K .......... .......... .......... .......... .......... 17% 34.3M 7s
  4800K .......... .......... .......... .......... .......... 17% 44.9M 6s
  4850K .......... .......... .......... .......... .......... 18% 44.6M 6s
  4900K .......... .......... .......... .......... .......... 18% 44.8M 6s
  4950K .......... .......... .......... .......... .......... 18% 1.22M 6s
  5000K .......... .......... .......... .......... .......... 18% 22.2M 6s
  5050K .......... .......... .......... .......... .......... 18% 26.0M 6s
  5100K .......... .......... .......... .......... .......... 19% 24.7M 6s
  5150K .......... .......... .......... .......... .......... 19% 24.2M 6s
  5200K .......... .......... .......... .......... .......... 19% 30.9M 6s
  5250K .......... .......... .......... .......... .......... 19% 24.2M 6s
  5300K .......... .......... .......... .......... .......... 19% 1.80M 6s
  5350K .......... .......... .......... .......... .......... 20% 19.1M 6s
  5400K .......... .......... .......... .......... .......... 20% 21.2M 6s
  5450K .......... .......... .......... .......... .......... 20% 19.4M 6s
  5500K .......... .......... .......... .......... .......... 20% 26.5M 6s
  5550K .......... .......... .......... .......... .......... 20% 20.4M 6s
  5600K .......... .......... .......... .......... .......... 20% 22.9M 6s
  5650K .......... .......... .......... .......... .......... 21% 31.1M 6s
  5700K .......... .......... .......... .......... .......... 21% 23.6M 6s
  5750K .......... .......... .......... .......... .......... 21% 35.0M 6s
  5800K .......... .......... .......... .......... .......... 21% 21.8M 5s
  5850K .......... .......... .......... .......... .......... 21% 35.5M 5s
  5900K .......... .......... .......... .......... .......... 22% 24.7M 5s
  5950K .......... .......... .......... .......... .......... 22% 27.8M 5s
  6000K .......... .......... .......... .......... .......... 22% 26.4M 5s
  6050K .......... .......... .......... .......... .......... 22% 28.8M 5s
  6100K .......... .......... .......... .......... .......... 22% 34.4M 5s
  6150K .......... .......... .......... .......... .......... 22% 28.2M 5s
  6200K .......... .......... .......... .......... .......... 23% 36.5M 5s
  6250K .......... .......... .......... .......... .......... 23% 36.8M 5s
  6300K .......... .......... .......... .......... .......... 23% 37.0M 5s
  6350K .......... .......... .......... .......... .......... 23% 40.4M 5s
  6400K .......... .......... .......... .......... .......... 23% 33.0M 5s
  6450K .......... .......... .......... .......... .......... 24% 35.6M 5s
  6500K .......... .......... .......... .......... .......... 24% 1.54M 5s
  6550K .......... .......... .......... .......... .......... 24% 34.7M 5s
  6600K .......... .......... .......... .......... .......... 24% 29.5M 5s
  6650K .......... .......... .......... .......... .......... 24% 36.4M 5s
  6700K .......... .......... .......... .......... .......... 25% 36.7M 5s
  6750K .......... .......... .......... .......... .......... 25% 37.7M 5s
  6800K .......... .......... .......... .......... .......... 25% 36.7M 5s
  6850K .......... .......... .......... .......... .......... 25% 1.50M 5s
  6900K .......... .......... .......... .......... .......... 25% 31.0M 5s
  6950K .......... .......... .......... .......... .......... 25% 23.7M 5s
  7000K .......... .......... .......... .......... .......... 26% 26.1M 5s
  7050K .......... .......... .......... .......... .......... 26% 27.0M 5s
  7100K .......... .......... .......... .......... .......... 26% 25.6M 5s
  7150K .......... .......... .......... .......... .......... 26% 26.3M 4s
  7200K .......... .......... .......... .......... .......... 26% 33.7M 4s
  7250K .......... .......... .......... .......... .......... 27% 33.0M 4s
  7300K .......... .......... .......... .......... .......... 27% 43.1M 4s
  7350K .......... .......... .......... .......... .......... 27% 33.1M 4s
  7400K .......... .......... .......... .......... .......... 27% 30.8M 4s
  7450K .......... .......... .......... .......... .......... 27% 39.3M 4s
  7500K .......... .......... .......... .......... .......... 27% 32.8M 4s
  7550K .......... .......... .......... .......... .......... 28% 36.9M 4s
  7600K .......... .......... .......... .......... .......... 28% 31.6M 4s
  7650K .......... .......... .......... .......... .......... 28% 35.1M 4s
  7700K .......... .......... .......... .......... .......... 28% 43.9M 4s
  7750K .......... .......... .......... .......... .......... 28% 38.5M 4s
  7800K .......... .......... .......... .......... .......... 29% 50.3M 4s
  7850K .......... .......... .......... .......... .......... 29% 36.4M 4s
  7900K .......... .......... .......... .......... .......... 29% 43.4M 4s
  7950K .......... .......... .......... .......... .......... 29% 53.7M 4s
  8000K .......... .......... .......... .......... .......... 29% 41.8M 4s
  8050K .......... .......... .......... .......... .......... 30% 39.6M 4s
  8100K .......... .......... .......... .......... .......... 30% 1.28M 4s
  8150K .......... .......... .......... .......... .......... 30% 41.2M 4s
  8200K .......... .......... .......... .......... .......... 30% 30.8M 4s
  8250K .......... .......... .......... .......... .......... 30% 30.9M 4s
  8300K .......... .......... .......... .......... .......... 30% 36.4M 4s
  8350K .......... .......... .......... .......... .......... 31% 31.2M 4s
  8400K .......... .......... .......... .......... .......... 31% 1.50M 4s
  8450K .......... .......... .......... .......... .......... 31% 16.5M 4s
  8500K .......... .......... .......... .......... .......... 31% 13.4M 4s
  8550K .......... .......... .......... .......... .......... 31% 21.4M 4s
  8600K .......... .......... .......... .......... .......... 32% 19.4M 4s
  8650K .......... .......... .......... .......... .......... 32% 26.5M 4s
  8700K .......... .......... .......... .......... .......... 32% 22.3M 4s
  8750K .......... .......... .......... .......... .......... 32% 17.3M 4s
  8800K .......... .......... .......... .......... .......... 32% 24.8M 4s
  8850K .......... .......... .......... .......... .......... 32% 23.9M 4s
  8900K .......... .......... .......... .......... .......... 33% 33.6M 4s
  8950K .......... .......... .......... .......... .......... 33% 26.9M 3s
  9000K .......... .......... .......... .......... .......... 33% 27.0M 3s
  9050K .......... .......... .......... .......... .......... 33% 26.8M 3s
  9100K .......... .......... .......... .......... .......... 33% 22.4M 3s
  9150K .......... .......... .......... .......... .......... 34% 31.7M 3s
  9200K .......... .......... .......... .......... .......... 34% 24.3M 3s
  9250K .......... .......... .......... .......... .......... 34% 29.9M 3s
  9300K .......... .......... .......... .......... .......... 34% 27.7M 3s
  9350K .......... .......... .......... .......... .......... 34% 28.0M 3s
  9400K .......... .......... .......... .......... .......... 35% 38.8M 3s
  9450K .......... .......... .......... .......... .......... 35% 34.0M 3s
  9500K .......... .......... .......... .......... .......... 35% 32.4M 3s
  9550K .......... .......... .......... .......... .......... 35% 36.8M 3s
  9600K .......... .......... .......... .......... .......... 35% 32.1M 3s
  9650K .......... .......... .......... .......... .......... 35% 2.13M 3s
  9700K .......... .......... .......... .......... .......... 36% 13.7M 3s
  9750K .......... .......... .......... .......... .......... 36% 28.2M 3s
  9800K .......... .......... .......... .......... .......... 36% 28.0M 3s
  9850K .......... .......... .......... .......... .......... 36% 21.9M 3s
  9900K .......... .......... .......... .......... .......... 36% 28.8M 3s
  9950K .......... .......... .......... .......... .......... 37% 1.60M 3s
 10000K .......... .......... .......... .......... .......... 37% 22.5M 3s
 10050K .......... .......... .......... .......... .......... 37% 21.9M 3s
 10100K .......... .......... .......... .......... .......... 37% 22.5M 3s
 10150K .......... .......... .......... .......... .......... 37% 22.4M 3s
 10200K .......... .......... .......... .......... .......... 37% 21.9M 3s
 10250K .......... .......... .......... .......... .......... 38% 18.8M 3s
 10300K .......... .......... .......... .......... .......... 38% 28.6M 3s
 10350K .......... .......... .......... .......... .......... 38% 28.4M 3s
 10400K .......... .......... .......... .......... .......... 38% 28.4M 3s
 10450K .......... .......... .......... .......... .......... 38% 28.1M 3s
 10500K .......... .......... .......... .......... .......... 39% 28.3M 3s
 10550K .......... .......... .......... .......... .......... 39% 28.6M 3s
 10600K .......... .......... .......... .......... .......... 39% 28.5M 3s
 10650K .......... .......... .......... .......... .......... 39% 21.9M 3s
 10700K .......... .......... .......... .......... .......... 39% 28.5M 3s
 10750K .......... .......... .......... .......... .......... 40% 31.0M 3s
 10800K .......... .......... .......... .......... .......... 40% 36.2M 3s
 10850K .......... .......... .......... .......... .......... 40% 36.8M 3s
 10900K .......... .......... .......... .......... .......... 40% 36.9M 3s
 10950K .......... .......... .......... .......... .......... 40% 36.4M 3s
 11000K .......... .......... .......... .......... .......... 40% 28.2M 3s
 11050K .......... .......... .......... .......... .......... 41% 36.3M 3s
 11100K .......... .......... .......... .......... .......... 41% 36.9M 3s
 11150K .......... .......... .......... .......... .......... 41% 36.4M 3s
 11200K .......... .......... .......... .......... .......... 41% 1.69M 3s
 11250K .......... .......... .......... .......... .......... 41% 17.9M 3s
 11300K .......... .......... .......... .......... .......... 42% 36.4M 3s
 11350K .......... .......... .......... .......... .......... 42% 35.2M 3s
 11400K .......... .......... .......... .......... .......... 42% 28.1M 3s
 11450K .......... .......... .......... .......... .......... 42% 34.2M 3s
 11500K .......... .......... .......... .......... .......... 42% 1.52M 3s
 11550K .......... .......... .......... .......... .......... 42% 15.9M 3s
 11600K .......... .......... .......... .......... .......... 43% 15.8M 3s
 11650K .......... .......... .......... .......... .......... 43% 17.0M 3s
 11700K .......... .......... .......... .......... .......... 43% 21.9M 3s
 11750K .......... .......... .......... .......... .......... 43% 17.2M 3s
 11800K .......... .......... .......... .......... .......... 43% 22.7M 3s
 11850K .......... .......... .......... .......... .......... 44% 22.7M 2s
 11900K .......... .......... .......... .......... .......... 44% 22.2M 2s
 11950K .......... .......... .......... .......... .......... 44% 22.0M 2s
 12000K .......... .......... .......... .......... .......... 44% 25.7M 2s
 12050K .......... .......... .......... .......... .......... 44% 28.8M 2s
 12100K .......... .......... .......... .......... .......... 45% 28.3M 2s
 12150K .......... .......... .......... .......... .......... 45% 21.9M 2s
 12200K .......... .......... .......... .......... .......... 45% 28.5M 2s
 12250K .......... .......... .......... .......... .......... 45% 28.5M 2s
 12300K .......... .......... .......... .......... .......... 45% 28.7M 2s
 12350K .......... .......... .......... .......... .......... 45% 28.2M 2s
 12400K .......... .......... .......... .......... .......... 46% 28.7M 2s
 12450K .......... .......... .......... .......... .......... 46% 28.7M 2s
 12500K .......... .......... .......... .......... .......... 46% 31.3M 2s
 12550K .......... .......... .......... .......... .......... 46% 28.2M 2s
 12600K .......... .......... .......... .......... .......... 46% 37.0M 2s
 12650K .......... .......... .......... .......... .......... 47% 36.6M 2s
 12700K .......... .......... .......... .......... .......... 47% 36.7M 2s
 12750K .......... .......... .......... .......... .......... 47% 35.7M 2s
 12800K .......... .......... .......... .......... .......... 47% 2.01M 2s
 12850K .......... .......... .......... .......... .......... 47% 36.3M 2s
 12900K .......... .......... .......... .......... .......... 48% 27.8M 2s
 12950K .......... .......... .......... .......... .......... 48% 36.5M 2s
 13000K .......... .......... .......... .......... .......... 48% 36.9M 2s
 13050K .......... .......... .......... .......... .......... 48% 36.5M 2s
 13100K .......... .......... .......... .......... .......... 48% 1.50M 2s
 13150K .......... .......... .......... .......... .......... 48% 28.4M 2s
 13200K .......... .......... .......... .......... .......... 49% 28.5M 2s
 13250K .......... .......... .......... .......... .......... 49% 28.5M 2s
 13300K .......... .......... .......... .......... .......... 49% 21.9M 2s
 13350K .......... .......... .......... .......... .......... 49% 27.5M 2s
 13400K .......... .......... .......... .......... .......... 49% 28.2M 2s
 13450K .......... .......... .......... .......... .......... 50% 28.5M 2s
 13500K .......... .......... .......... .......... .......... 50% 28.2M 2s
 13550K .......... .......... .......... .......... .......... 50% 35.4M 2s
 13600K .......... .......... .......... .......... .......... 50% 36.9M 2s
 13650K .......... .......... .......... .......... .......... 50% 36.8M 2s
 13700K .......... .......... .......... .......... .......... 50% 27.9M 2s
 13750K .......... .......... .......... .......... .......... 51% 36.0M 2s
 13800K .......... .......... .......... .......... .......... 51% 36.5M 2s
 13850K .......... .......... .......... .......... .......... 51% 36.0M 2s
 13900K .......... .......... .......... .......... .......... 51% 35.9M 2s
 13950K .......... .......... .......... .......... .......... 51% 36.8M 2s
 14000K .......... .......... .......... .......... .......... 52% 36.8M 2s
 14050K .......... .......... .......... .......... .......... 52% 29.2M 2s
 14100K .......... .......... .......... .......... .......... 52% 45.0M 2s
 14150K .......... .......... .......... .......... .......... 52% 44.9M 2s
 14200K .......... .......... .......... .......... .......... 52% 44.9M 2s
 14250K .......... .......... .......... .......... .......... 53% 43.5M 2s
 14300K .......... .......... .......... .......... .......... 53% 44.9M 2s
 14350K .......... .......... .......... .......... .......... 53% 1.40M 2s
 14400K .......... .......... .......... .......... .......... 53% 14.3M 2s
 14450K .......... .......... .......... .......... .......... 53% 27.7M 2s
 14500K .......... .......... .......... .......... .......... 53% 36.1M 2s
 14550K .......... .......... .......... .......... .......... 54% 37.0M 2s
 14600K .......... .......... .......... .......... .......... 54% 35.8M 2s
 14650K .......... .......... .......... .......... .......... 54% 1.51M 2s
 14700K .......... .......... .......... .......... .......... 54% 22.7M 2s
 14750K .......... .......... .......... .......... .......... 54% 16.8M 2s
 14800K .......... .......... .......... .......... .......... 55% 14.9M 2s
 14850K .......... .......... .......... .......... .......... 55% 21.9M 2s
 14900K .......... .......... .......... .......... .......... 55% 22.4M 2s
 14950K .......... .......... .......... .......... .......... 55% 22.7M 2s
 15000K .......... .......... .......... .......... .......... 55% 22.0M 2s
 15050K .......... .......... .......... .......... .......... 55% 22.8M 2s
 15100K .......... .......... .......... .......... .......... 56% 24.1M 2s
 15150K .......... .......... .......... .......... .......... 56% 28.8M 2s
 15200K .......... .......... .......... .......... .......... 56% 22.0M 2s
 15250K .......... .......... .......... .......... .......... 56% 28.4M 2s
 15300K .......... .......... .......... .......... .......... 56% 28.8M 2s
 15350K .......... .......... .......... .......... .......... 57% 28.5M 2s
 15400K .......... .......... .......... .......... .......... 57% 28.1M 2s
 15450K .......... .......... .......... .......... .......... 57% 28.5M 2s
 15500K .......... .......... .......... .......... .......... 57% 28.8M 2s
 15550K .......... .......... .......... .......... .......... 57% 28.8M 2s
 15600K .......... .......... .......... .......... .......... 58% 26.4M 2s
 15650K .......... .......... .......... .......... .......... 58% 36.9M 2s
 15700K .......... .......... .......... .......... .......... 58% 36.9M 2s
 15750K .......... .......... .......... .......... .......... 58% 36.4M 2s
 15800K .......... .......... .......... .......... .......... 58% 36.2M 2s
 15850K .......... .......... .......... .......... .......... 58% 36.7M 2s
 15900K .......... .......... .......... .......... .......... 59% 36.6M 2s
 15950K .......... .......... .......... .......... .......... 59% 1.82M 2s
 16000K .......... .......... .......... .......... .......... 59% 28.1M 2s
 16050K .......... .......... .......... .......... .......... 59% 28.6M 2s
 16100K .......... .......... .......... .......... .......... 59% 28.5M 2s
 16150K .......... .......... .......... .......... .......... 60% 27.8M 2s
 16200K .......... .......... .......... .......... .......... 60% 1.60M 2s
 16250K .......... .......... .......... .......... .......... 60% 22.2M 1s
 16300K .......... .......... .......... .......... .......... 60% 22.3M 1s
 16350K .......... .......... .......... .......... .......... 60% 16.8M 1s
 16400K .......... .......... .......... .......... .......... 60% 22.3M 1s
 16450K .......... .......... .......... .......... .......... 61% 22.1M 1s
 16500K .......... .......... .......... .......... .......... 61% 23.6M 1s
 16550K .......... .......... .......... .......... .......... 61% 27.9M 1s
 16600K .......... .......... .......... .......... .......... 61% 28.5M 1s
 16650K .......... .......... .......... .......... .......... 61% 28.4M 1s
 16700K .......... .......... .......... .......... .......... 62% 28.6M 1s
 16750K .......... .......... .......... .......... .......... 62% 21.6M 1s
 16800K .......... .......... .......... .......... .......... 62% 28.6M 1s
 16850K .......... .......... .......... .......... .......... 62% 28.1M 1s
 16900K .......... .......... .......... .......... .......... 62% 28.0M 1s
 16950K .......... .......... .......... .......... .......... 63% 28.4M 1s
 17000K .......... .......... .......... .......... .......... 63% 33.1M 1s
 17050K .......... .......... .......... .......... .......... 63% 36.5M 1s
 17100K .......... .......... .......... .......... .......... 63% 27.9M 1s
 17150K .......... .......... .......... .......... .......... 63% 36.6M 1s
 17200K .......... .......... .......... .......... .......... 63% 36.6M 1s
 17250K .......... .......... .......... .......... .......... 64% 36.2M 1s
 17300K .......... .......... .......... .......... .......... 64% 35.5M 1s
 17350K .......... .......... .......... .......... .......... 64% 36.0M 1s
 17400K .......... .......... .......... .......... .......... 64% 36.3M 1s
 17450K .......... .......... .......... .......... .......... 64% 36.5M 1s
 17500K .......... .......... .......... .......... .......... 65% 1.64M 1s
 17550K .......... .......... .......... .......... .......... 65% 20.2M 1s
 17600K .......... .......... .......... .......... .......... 65% 35.6M 1s
 17650K .......... .......... .......... .......... .......... 65% 36.3M 1s
 17700K .......... .......... .......... .......... .......... 65% 35.9M 1s
 17750K .......... .......... .......... .......... .......... 65% 35.0M 1s
 17800K .......... .......... .......... .......... .......... 66% 1.50M 1s
 17850K .......... .......... .......... .......... .......... 66% 13.8M 1s
 17900K .......... .......... .......... .......... .......... 66% 22.0M 1s
 17950K .......... .......... .......... .......... .......... 66% 22.2M 1s
 18000K .......... .......... .......... .......... .......... 66% 21.9M 1s
 18050K .......... .......... .......... .......... .......... 67% 21.3M 1s
 18100K .......... .......... .......... .......... .......... 67% 22.2M 1s
 18150K .......... .......... .......... .......... .......... 67% 23.3M 1s
 18200K .......... .......... .......... .......... .......... 67% 28.6M 1s
 18250K .......... .......... .......... .......... .......... 67% 21.6M 1s
 18300K .......... .......... .......... .......... .......... 68% 28.2M 1s
 18350K .......... .......... .......... .......... .......... 68% 28.4M 1s
 18400K .......... .......... .......... .......... .......... 68% 28.4M 1s
 18450K .......... .......... .......... .......... .......... 68% 27.8M 1s
 18500K .......... .......... .......... .......... .......... 68% 28.2M 1s
 18550K .......... .......... .......... .......... .......... 68% 28.6M 1s
 18600K .......... .......... .......... .......... .......... 69% 28.4M 1s
 18650K .......... .......... .......... .......... .......... 69% 25.5M 1s
 18700K .......... .......... .......... .......... .......... 69% 36.4M 1s
 18750K .......... .......... .......... .......... .......... 69% 36.4M 1s
 18800K .......... .......... .......... .......... .......... 69% 36.3M 1s
 18850K .......... .......... .......... .......... .......... 70% 35.6M 1s
 18900K .......... .......... .......... .......... .......... 70% 36.6M 1s
 18950K .......... .......... .......... .......... .......... 70% 36.8M 1s
 19000K .......... .......... .......... .......... .......... 70% 27.6M 1s
 19050K .......... .......... .......... .......... .......... 70% 36.3M 1s
 19100K .......... .......... .......... .......... .......... 70% 1.74M 1s
 19150K .......... .......... .......... .......... .......... 71% 42.1M 1s
 19200K .......... .......... .......... .......... .......... 71% 42.7M 1s
 19250K .......... .......... .......... .......... .......... 71% 43.4M 1s
 19300K .......... .......... .......... .......... .......... 71% 44.2M 1s
 19350K .......... .......... .......... .......... .......... 71% 1.49M 1s
 19400K .......... .......... .......... .......... .......... 72% 20.5M 1s
 19450K .......... .......... .......... .......... .......... 72% 28.6M 1s
 19500K .......... .......... .......... .......... .......... 72% 28.3M 1s
 19550K .......... .......... .......... .......... .......... 72% 28.3M 1s
 19600K .......... .......... .......... .......... .......... 72% 27.2M 1s
 19650K .......... .......... .......... .......... .......... 73% 27.9M 1s
 19700K .......... .......... .......... .......... .......... 73% 28.2M 1s
 19750K .......... .......... .......... .......... .......... 73% 28.4M 1s
 19800K .......... .......... .......... .......... .......... 73% 21.8M 1s
 19850K .......... .......... .......... .......... .......... 73% 33.7M 1s
 19900K .......... .......... .......... .......... .......... 73% 36.4M 1s
 19950K .......... .......... .......... .......... .......... 74% 35.2M 1s
 20000K .......... .......... .......... .......... .......... 74% 35.9M 1s
 20050K .......... .......... .......... .......... .......... 74% 36.4M 1s
 20100K .......... .......... .......... .......... .......... 74% 36.7M 1s
 20150K .......... .......... .......... .......... .......... 74% 27.7M 1s
 20200K .......... .......... .......... .......... .......... 75% 36.6M 1s
 20250K .......... .......... .......... .......... .......... 75% 36.5M 1s
 20300K .......... .......... .......... .......... .......... 75% 39.0M 1s
 20350K .......... .......... .......... .......... .......... 75% 43.5M 1s
 20400K .......... .......... .......... .......... .......... 75% 44.0M 1s
 20450K .......... .......... .......... .......... .......... 75% 44.6M 1s
 20500K .......... .......... .......... .......... .......... 76% 44.4M 1s
 20550K .......... .......... .......... .......... .......... 76% 33.8M 1s
 20600K .......... .......... .......... .......... .......... 76% 44.2M 1s
 20650K .......... .......... .......... .......... .......... 76% 43.7M 1s
 20700K .......... .......... .......... .......... .......... 76% 1.33M 1s
 20750K .......... .......... .......... .......... .......... 77% 35.4M 1s
 20800K .......... .......... .......... .......... .......... 77% 35.3M 1s
 20850K .......... .......... .......... .......... .......... 77% 36.5M 1s
 20900K .......... .......... .......... .......... .......... 77% 1.53M 1s
 20950K .......... .......... .......... .......... .......... 77% 21.9M 1s
 21000K .......... .......... .......... .......... .......... 78% 34.6M 1s
 21050K .......... .......... .......... .......... .......... 78% 28.1M 1s
 21100K .......... .......... .......... .......... .......... 78% 27.6M 1s
 21150K .......... .......... .......... .......... .......... 78% 27.6M 1s
 21200K .......... .......... .......... .......... .......... 78% 27.9M 1s
 21250K .......... .......... .......... .......... .......... 78% 28.3M 1s
 21300K .......... .......... .......... .......... .......... 79% 21.4M 1s
 21350K .......... .......... .......... .......... .......... 79% 28.7M 1s
 21400K .......... .......... .......... .......... .......... 79% 29.5M 1s
 21450K .......... .......... .......... .......... .......... 79% 36.7M 1s
 21500K .......... .......... .......... .......... .......... 79% 35.0M 1s
 21550K .......... .......... .......... .......... .......... 80% 36.4M 1s
 21600K .......... .......... .......... .......... .......... 80% 36.3M 1s
 21650K .......... .......... .......... .......... .......... 80% 36.1M 1s
 21700K .......... .......... .......... .......... .......... 80% 28.0M 1s
 21750K .......... .......... .......... .......... .......... 80% 36.2M 1s
 21800K .......... .......... .......... .......... .......... 80% 36.4M 1s
 21850K .......... .......... .......... .......... .......... 81% 36.3M 1s
 21900K .......... .......... .......... .......... .......... 81% 41.3M 1s
 21950K .......... .......... .......... .......... .......... 81% 44.5M 1s
 22000K .......... .......... .......... .......... .......... 81% 44.3M 1s
 22050K .......... .......... .......... .......... .......... 81% 34.0M 1s
 22100K .......... .......... .......... .......... .......... 82% 44.2M 1s
 22150K .......... .......... .......... .......... .......... 82% 43.8M 1s
 22200K .......... .......... .......... .......... .......... 82% 44.5M 1s
 22250K .......... .......... .......... .......... .......... 82% 43.2M 1s
 22300K .......... .......... .......... .......... .......... 82% 1.32M 1s
 22350K .......... .......... .......... .......... .......... 83% 36.1M 1s
 22400K .......... .......... .......... .......... .......... 83% 35.7M 1s
 22450K .......... .......... .......... .......... .......... 83% 28.1M 1s
 22500K .......... .......... .......... .......... .......... 83% 1.56M 1s
 22550K .......... .......... .......... .......... .......... 83% 10.4M 1s
 22600K .......... .......... .......... .......... .......... 83% 11.5M 1s
 22650K .......... .......... .......... .......... .......... 84% 11.9M 1s
 22700K .......... .......... .......... .......... .......... 84% 13.2M 1s
 22750K .......... .......... .......... .......... .......... 84% 22.4M 1s
 22800K .......... .......... .......... .......... .......... 84% 22.5M 0s
 22850K .......... .......... .......... .......... .......... 84% 17.4M 0s
 22900K .......... .......... .......... .......... .......... 85% 22.6M 0s
 22950K .......... .......... .......... .......... .......... 85% 22.8M 0s
 23000K .......... .......... .......... .......... .......... 85% 23.3M 0s
 23050K .......... .......... .......... .......... .......... 85% 28.8M 0s
 23100K .......... .......... .......... .......... .......... 85% 28.9M 0s
 23150K .......... .......... .......... .......... .......... 85% 28.6M 0s
 23200K .......... .......... .......... .......... .......... 86% 22.1M 0s
 23250K .......... .......... .......... .......... .......... 86% 28.6M 0s
 23300K .......... .......... .......... .......... .......... 86% 28.7M 0s
 23350K .......... .......... .......... .......... .......... 86% 29.1M 0s
 23400K .......... .......... .......... .......... .......... 86% 28.2M 0s
 23450K .......... .......... .......... .......... .......... 87% 29.0M 0s
 23500K .......... .......... .......... .......... .......... 87% 29.2M 0s
 23550K .......... .......... .......... .......... .......... 87% 31.3M 0s
 23600K .......... .......... .......... .......... .......... 87% 28.5M 0s
 23650K .......... .......... .......... .......... .......... 87% 37.3M 0s
 23700K .......... .......... .......... .......... .......... 88% 37.0M 0s
 23750K .......... .......... .......... .......... .......... 88% 36.7M 0s
 23800K .......... .......... .......... .......... .......... 88% 36.3M 0s
 23850K .......... .......... .......... .......... .......... 88% 36.9M 0s
 23900K .......... .......... .......... .......... .......... 88% 2.58M 0s
 23950K .......... .......... .......... .......... .......... 88% 30.7M 0s
 24000K .......... .......... .......... .......... .......... 89% 27.9M 0s
 24050K .......... .......... .......... .......... .......... 89% 1.53M 0s
 24100K .......... .......... .......... .......... .......... 89% 23.0M 0s
 24150K .......... .......... .......... .......... .......... 89% 30.3M 0s
 24200K .......... .......... .......... .......... .......... 89% 25.9M 0s
 24250K .......... .......... .......... .......... .......... 90% 25.5M 0s
 24300K .......... .......... .......... .......... .......... 90% 23.7M 0s
 24350K .......... .......... .......... .......... .......... 90% 18.1M 0s
 24400K .......... .......... .......... .......... .......... 90% 23.9M 0s
 24450K .......... .......... .......... .......... .......... 90% 26.4M 0s
 24500K .......... .......... .......... .......... .......... 90% 36.5M 0s
 24550K .......... .......... .......... .......... .......... 91% 36.4M 0s
 24600K .......... .......... .......... .......... .......... 91% 36.1M 0s
 24650K .......... .......... .......... .......... .......... 91% 37.1M 0s
 24700K .......... .......... .......... .......... .......... 91% 36.9M 0s
 24750K .......... .......... .......... .......... .......... 91% 28.3M 0s
 24800K .......... .......... .......... .......... .......... 92% 36.8M 0s
 24850K .......... .......... .......... .......... .......... 92% 37.1M 0s
 24900K .......... .......... .......... .......... .......... 92% 37.2M 0s
 24950K .......... .......... .......... .......... .......... 92% 39.5M 0s
 25000K .......... .......... .......... .......... .......... 92% 45.3M 0s
 25050K .......... .......... .......... .......... .......... 93% 45.5M 0s
 25100K .......... .......... .......... .......... .......... 93% 34.8M 0s
 25150K .......... .......... .......... .......... .......... 93% 45.5M 0s
 25200K .......... .......... .......... .......... .......... 93% 45.0M 0s
 25250K .......... .......... .......... .......... .......... 93% 45.5M 0s
 25300K .......... .......... .......... .......... .......... 93% 1.30M 0s
 25350K .......... .......... .......... .......... .......... 94% 26.3M 0s
 25400K .......... .......... .......... .......... .......... 94% 27.2M 0s
 25450K .......... .......... .......... .......... .......... 94% 27.0M 0s
 25500K .......... .......... .......... .......... .......... 94% 22.4M 0s
 25550K .......... .......... .......... .......... .......... 94% 28.9M 0s
 25600K .......... .......... .......... .......... .......... 95% 1.72M 0s
 25650K .......... .......... .......... .......... .......... 95% 21.8M 0s
 25700K .......... .......... .......... .......... .......... 95% 20.5M 0s
 25750K .......... .......... .......... .......... .......... 95% 18.9M 0s
 25800K .......... .......... .......... .......... .......... 95% 18.4M 0s
 25850K .......... .......... .......... .......... .......... 96% 17.5M 0s
 25900K .......... .......... .......... .......... .......... 96% 15.3M 0s
 25950K .......... .......... .......... .......... .......... 96% 27.1M 0s
 26000K .......... .......... .......... .......... .......... 96% 27.4M 0s
 26050K .......... .......... .......... .......... .......... 96% 28.4M 0s
 26100K .......... .......... .......... .......... .......... 96% 28.7M 0s
 26150K .......... .......... .......... .......... .......... 97% 28.6M 0s
 26200K .......... .......... .......... .......... .......... 97% 28.8M 0s
 26250K .......... .......... .......... .......... .......... 97% 22.2M 0s
 26300K .......... .......... .......... .......... .......... 97% 28.8M 0s
 26350K .......... .......... .......... .......... .......... 97% 28.8M 0s
 26400K .......... .......... .......... .......... .......... 98% 29.9M 0s
 26450K .......... .......... .......... .......... .......... 98% 36.2M 0s
 26500K .......... .......... .......... .......... .......... 98% 37.3M 0s
 26550K .......... .......... .......... .......... .......... 98% 37.1M 0s
 26600K .......... .......... .......... .......... .......... 98% 37.1M 0s
 26650K .......... .......... .......... .......... .......... 98% 28.4M 0s
 26700K .......... .......... .......... .......... .......... 99% 37.2M 0s
 26750K .......... .......... .......... .......... .......... 99% 36.5M 0s
 26800K .......... .......... .......... .......... .......... 99% 37.0M 0s
 26850K .......... .......... .......... .......... .......... 99% 36.5M 0s
 26900K .......... .......... .......... .......... .......... 99% 1.71M 0s
 26950K .......... .......... ........                        100% 38.5M=3.0s

2022-03-07 16:49:46 (8.68 MB/s) - ‘NNPDF23_lo_as_0130_qed.tar.gz’ saved [27625668/27625668]

NNPDF23_lo_as_0130_qed/NNPDF23_lo_as_0130_qed_0000.dat
NNPDF23_lo_as_0130_qed/NNPDF23_lo_as_0130_qed_0001.dat
NNPDF23_lo_as_0130_qed/NNPDF23_lo_as_0130_qed_0002.dat
NNPDF23_lo_as_0130_qed/NNPDF23_lo_as_0130_qed_0003.dat
NNPDF23_lo_as_0130_qed/NNPDF23_lo_as_0130_qed_0004.dat
NNPDF23_lo_as_0130_qed/NNPDF23_lo_as_0130_qed_0005.dat
NNPDF23_lo_as_0130_qed/NNPDF23_lo_as_0130_qed_0006.dat
NNPDF23_lo_as_0130_qed/NNPDF23_lo_as_0130_qed_0007.dat
NNPDF23_lo_as_0130_qed/NNPDF23_lo_as_0130_qed_0008.dat
NNPDF23_lo_as_0130_qed/NNPDF23_lo_as_0130_qed_0009.dat
NNPDF23_lo_as_0130_qed/NNPDF23_lo_as_0130_qed_0010.dat
NNPDF23_lo_as_0130_qed/NNPDF23_lo_as_0130_qed_0011.dat
NNPDF23_lo_as_0130_qed/NNPDF23_lo_as_0130_qed_0012.dat
NNPDF23_lo_as_0130_qed/NNPDF23_lo_as_0130_qed_0013.dat
NNPDF23_lo_as_0130_qed/NNPDF23_lo_as_0130_qed_0014.dat
NNPDF23_lo_as_0130_qed/NNPDF23_lo_as_0130_qed_0015.dat
NNPDF23_lo_as_0130_qed/NNPDF23_lo_as_0130_qed_0016.dat
NNPDF23_lo_as_0130_qed/NNPDF23_lo_as_0130_qed_0017.dat
NNPDF23_lo_as_0130_qed/NNPDF23_lo_as_0130_qed_0018.dat
NNPDF23_lo_as_0130_qed/NNPDF23_lo_as_0130_qed_0019.dat
NNPDF23_lo_as_0130_qed/NNPDF23_lo_as_0130_qed_0020.dat
NNPDF23_lo_as_0130_qed/NNPDF23_lo_as_0130_qed_0021.dat
NNPDF23_lo_as_0130_qed/NNPDF23_lo_as_0130_qed_0022.dat
NNPDF23_lo_as_0130_qed/NNPDF23_lo_as_0130_qed_0023.dat
NNPDF23_lo_as_0130_qed/NNPDF23_lo_as_0130_qed_0024.dat
NNPDF23_lo_as_0130_qed/NNPDF23_lo_as_0130_qed_0025.dat
NNPDF23_lo_as_0130_qed/NNPDF23_lo_as_0130_qed_0026.dat
NNPDF23_lo_as_0130_qed/NNPDF23_lo_as_0130_qed_0027.dat
NNPDF23_lo_as_0130_qed/NNPDF23_lo_as_0130_qed_0028.dat
NNPDF23_lo_as_0130_qed/NNPDF23_lo_as_0130_qed_0029.dat
NNPDF23_lo_as_0130_qed/NNPDF23_lo_as_0130_qed_0030.dat
NNPDF23_lo_as_0130_qed/NNPDF23_lo_as_0130_qed_0031.dat
NNPDF23_lo_as_0130_qed/NNPDF23_lo_as_0130_qed_0032.dat
NNPDF23_lo_as_0130_qed/NNPDF23_lo_as_0130_qed_0033.dat
NNPDF23_lo_as_0130_qed/NNPDF23_lo_as_0130_qed_0034.dat
NNPDF23_lo_as_0130_qed/NNPDF23_lo_as_0130_qed_0035.dat
NNPDF23_lo_as_0130_qed/NNPDF23_lo_as_0130_qed_0036.dat
NNPDF23_lo_as_0130_qed/NNPDF23_lo_as_0130_qed_0037.dat
NNPDF23_lo_as_0130_qed/NNPDF23_lo_as_0130_qed_0038.dat
NNPDF23_lo_as_0130_qed/NNPDF23_lo_as_0130_qed_0039.dat
NNPDF23_lo_as_0130_qed/NNPDF23_lo_as_0130_qed_0040.dat
NNPDF23_lo_as_0130_qed/NNPDF23_lo_as_0130_qed_0041.dat
NNPDF23_lo_as_0130_qed/NNPDF23_lo_as_0130_qed_0042.dat
NNPDF23_lo_as_0130_qed/NNPDF23_lo_as_0130_qed_0043.dat
NNPDF23_lo_as_0130_qed/NNPDF23_lo_as_0130_qed_0044.dat
NNPDF23_lo_as_0130_qed/NNPDF23_lo_as_0130_qed_0045.dat
NNPDF23_lo_as_0130_qed/NNPDF23_lo_as_0130_qed_0046.dat
NNPDF23_lo_as_0130_qed/NNPDF23_lo_as_0130_qed_0047.dat
NNPDF23_lo_as_0130_qed/NNPDF23_lo_as_0130_qed_0048.dat
NNPDF23_lo_as_0130_qed/NNPDF23_lo_as_0130_qed_0049.dat
NNPDF23_lo_as_0130_qed/NNPDF23_lo_as_0130_qed_0050.dat
NNPDF23_lo_as_0130_qed/NNPDF23_lo_as_0130_qed_0051.dat
NNPDF23_lo_as_0130_qed/NNPDF23_lo_as_0130_qed_0052.dat
NNPDF23_lo_as_0130_qed/NNPDF23_lo_as_0130_qed_0053.dat
NNPDF23_lo_as_0130_qed/NNPDF23_lo_as_0130_qed_0054.dat
NNPDF23_lo_as_0130_qed/NNPDF23_lo_as_0130_qed_0055.dat
NNPDF23_lo_as_0130_qed/NNPDF23_lo_as_0130_qed_0056.dat
NNPDF23_lo_as_0130_qed/NNPDF23_lo_as_0130_qed_0057.dat
NNPDF23_lo_as_0130_qed/NNPDF23_lo_as_0130_qed_0058.dat
NNPDF23_lo_as_0130_qed/NNPDF23_lo_as_0130_qed_0059.dat
NNPDF23_lo_as_0130_qed/NNPDF23_lo_as_0130_qed_0060.dat
NNPDF23_lo_as_0130_qed/NNPDF23_lo_as_0130_qed_0061.dat
NNPDF23_lo_as_0130_qed/NNPDF23_lo_as_0130_qed_0062.dat
NNPDF23_lo_as_0130_qed/NNPDF23_lo_as_0130_qed_0063.dat
NNPDF23_lo_as_0130_qed/NNPDF23_lo_as_0130_qed_0064.dat
NNPDF23_lo_as_0130_qed/NNPDF23_lo_as_0130_qed_0065.dat
NNPDF23_lo_as_0130_qed/NNPDF23_lo_as_0130_qed_0066.dat
NNPDF23_lo_as_0130_qed/NNPDF23_lo_as_0130_qed_0067.dat
NNPDF23_lo_as_0130_qed/NNPDF23_lo_as_0130_qed_0068.dat
NNPDF23_lo_as_0130_qed/NNPDF23_lo_as_0130_qed_0069.dat
NNPDF23_lo_as_0130_qed/NNPDF23_lo_as_0130_qed_0070.dat
NNPDF23_lo_as_0130_qed/NNPDF23_lo_as_0130_qed_0071.dat
NNPDF23_lo_as_0130_qed/NNPDF23_lo_as_0130_qed_0072.dat
NNPDF23_lo_as_0130_qed/NNPDF23_lo_as_0130_qed_0073.dat
NNPDF23_lo_as_0130_qed/NNPDF23_lo_as_0130_qed_0074.dat
NNPDF23_lo_as_0130_qed/NNPDF23_lo_as_0130_qed_0075.dat
NNPDF23_lo_as_0130_qed/NNPDF23_lo_as_0130_qed_0076.dat
NNPDF23_lo_as_0130_qed/NNPDF23_lo_as_0130_qed_0077.dat
NNPDF23_lo_as_0130_qed/NNPDF23_lo_as_0130_qed_0078.dat
NNPDF23_lo_as_0130_qed/NNPDF23_lo_as_0130_qed_0079.dat
NNPDF23_lo_as_0130_qed/NNPDF23_lo_as_0130_qed_0080.dat
NNPDF23_lo_as_0130_qed/NNPDF23_lo_as_0130_qed_0081.dat
NNPDF23_lo_as_0130_qed/NNPDF23_lo_as_0130_qed_0082.dat
NNPDF23_lo_as_0130_qed/NNPDF23_lo_as_0130_qed_0083.dat
NNPDF23_lo_as_0130_qed/NNPDF23_lo_as_0130_qed_0084.dat
NNPDF23_lo_as_0130_qed/NNPDF23_lo_as_0130_qed_0085.dat
NNPDF23_lo_as_0130_qed/NNPDF23_lo_as_0130_qed_0086.dat
NNPDF23_lo_as_0130_qed/NNPDF23_lo_as_0130_qed_0087.dat
NNPDF23_lo_as_0130_qed/NNPDF23_lo_as_0130_qed_0088.dat
NNPDF23_lo_as_0130_qed/NNPDF23_lo_as_0130_qed_0089.dat
NNPDF23_lo_as_0130_qed/NNPDF23_lo_as_0130_qed_0090.dat
NNPDF23_lo_as_0130_qed/NNPDF23_lo_as_0130_qed_0091.dat
NNPDF23_lo_as_0130_qed/NNPDF23_lo_as_0130_qed_0092.dat
NNPDF23_lo_as_0130_qed/NNPDF23_lo_as_0130_qed_0093.dat
NNPDF23_lo_as_0130_qed/NNPDF23_lo_as_0130_qed_0094.dat
NNPDF23_lo_as_0130_qed/NNPDF23_lo_as_0130_qed_0095.dat
NNPDF23_lo_as_0130_qed/NNPDF23_lo_as_0130_qed_0096.dat
NNPDF23_lo_as_0130_qed/NNPDF23_lo_as_0130_qed_0097.dat
NNPDF23_lo_as_0130_qed/NNPDF23_lo_as_0130_qed_0098.dat
NNPDF23_lo_as_0130_qed/NNPDF23_lo_as_0130_qed_0099.dat
NNPDF23_lo_as_0130_qed/NNPDF23_lo_as_0130_qed_0100.dat
NNPDF23_lo_as_0130_qed/NNPDF23_lo_as_0130_qed.info
 Finished LHAPDF6 installation
